Log file open, 01/09/18 15:53:50
LogWindows: Failed to load 'aqProf.dll' (GetLastError=126)
LogWindows: File 'aqProf.dll' does not exist
LogWindows: Failed to load 'VtuneApi.dll' (GetLastError=126)
LogWindows: File 'VtuneApi.dll' does not exist
LogWindows: Failed to load 'VtuneApi32e.dll' (GetLastError=126)
LogWindows: File 'VtuneApi32e.dll' does not exist
LogInit: Display: Running engine for game: ProjectCatacombs
LogPlatformFile: Not using cached read wrapper
LogInit: Display: RandInit(1819657035) SRandInit(1819657035).
LogInit: Read version file with build ID '3709383'
LogInit: Overriding engine version to CL 3794801, compatible CL 3709383
LogInit: Registered custom module enumerator with build ID '3709383'
LogTaskGraph: Started task graph with 5 named threads and 14 total threads with 3 sets of task threads.
LogStats: Stats thread started at 0.471015
LogD3D11RHI: Aftermath initialized
LogModuleManager: Display: Found up-to-date module file ../../../Engine/Plugins/2D/Paper2D/Binaries/Win64/UE4Editor-Paper2D.dll (API version 3709383).
LogModuleManager: Display: Found up-to-date module file ../../../Engine/Plugins/2D/Paper2D/Binaries/Win64/UE4Editor-Paper2DEditor.dll (API version 3709383).
LogModuleManager: Display: Found up-to-date module file ../../../Engine/Plugins/2D/Paper2D/Binaries/Win64/UE4Editor-PaperSpriteSheetImporter.dll (API version 3709383).
LogModuleManager: Display: Found up-to-date module file ../../../Engine/Plugins/2D/Paper2D/Binaries/Win64/UE4Editor-PaperTiledImporter.dll (API version 3709383).
LogModuleManager: Display: Found up-to-date module file ../../../Engine/Plugins/2D/Paper2D/Binaries/Win64/UE4Editor-SmartSnapping.dll (API version 3709383).
LogModuleManager: Display: Found up-to-date module file ../../../Engine/Plugins/Blendables/LightPropagationVolume/Binaries/Win64/UE4Editor-LightPropagationVolumeRuntime.dll (API version 3709383).
LogModuleManager: Display: Found up-to-date module file ../../../Engine/Plugins/Blendables/LightPropagationVolume/Binaries/Win64/UE4Editor-LightPropagationVolumeEditor.dll (API version 3709383).
LogModuleManager: Display: Found up-to-date module file ../../../Engine/Plugins/Developer/GitSourceControl/Binaries/Win64/UE4Editor-GitSourceControl.dll (API version 3709383).
LogModuleManager: Display: Found up-to-date module file ../../../Engine/Plugins/Developer/PerforceSourceControl/Binaries/Win64/UE4Editor-PerforceSourceControl.dll (API version 3709383).
LogModuleManager: Display: Found up-to-date module file ../../../Engine/Plugins/Developer/SubversionSourceControl/Binaries/Win64/UE4Editor-SubversionSourceControl.dll (API version 3709383).
LogModuleManager: Display: Found up-to-date module file ../../../Engine/Plugins/Developer/UObjectPlugin/Binaries/Win64/UE4Editor-UObjectPlugin.dll (API version 3709383).
LogModuleManager: Display: Found up-to-date module file ../../../Engine/Plugins/Developer/VisualStudioCodeSourceCodeAccess/Binaries/Win64/UE4Editor-VisualStudioCodeSourceCodeAccess.dll (API version 3709383).
LogModuleManager: Display: Found up-to-date module file ../../../Engine/Plugins/Developer/VisualStudioSourceCodeAccess/Binaries/Win64/UE4Editor-VisualStudioSourceCodeAccess.dll (API version 3709383).
LogModuleManager: Display: Found up-to-date module file ../../../Engine/Plugins/Editor/AssetManagerEditor/Binaries/Win64/UE4Editor-AssetManagerEditor.dll (API version 3709383).
LogModuleManager: Display: Found up-to-date module file ../../../Engine/Plugins/Editor/AudioCapture/Binaries/Win64/UE4Editor-AudioCapture.dll (API version 3709383).
LogModuleManager: Display: Found up-to-date module file ../../../Engine/Plugins/Editor/FacialAnimation/Binaries/Win64/UE4Editor-FacialAnimation.dll (API version 3709383).
LogModuleManager: Display: Found up-to-date module file ../../../Engine/Plugins/Editor/FacialAnimation/Binaries/Win64/UE4Editor-FacialAnimationEditor.dll (API version 3709383).
LogModuleManager: Display: Found up-to-date module file ../../../Engine/Plugins/Editor/GameplayTagsEditor/Binaries/Win64/UE4Editor-GameplayTagsEditor.dll (API version 3709383).
LogModuleManager: Display: Found up-to-date module file ../../../Engine/Plugins/Editor/MobileLauncherProfileWizard/Binaries/Win64/UE4Editor-MobileLauncherProfileWizard.dll (API version 3709383).
LogModuleManager: Display: Found up-to-date module file ../../../Engine/Plugins/Editor/PluginBrowser/Binaries/Win64/UE4Editor-PluginBrowser.dll (API version 3709383).
LogModuleManager: Display: Found up-to-date module file ../../../Engine/Plugins/Editor/SpeedTreeImporter/Binaries/Win64/UE4Editor-SpeedTreeImporter.dll (API version 3709383).
LogModuleManager: Display: Found up-to-date module file ../../../Engine/Plugins/Experimental/AlembicImporter/Binaries/Win64/UE4Editor-AlembicImporter.dll (API version 3709383).
LogModuleManager: Display: Found up-to-date module file ../../../Engine/Plugins/Experimental/AlembicImporter/Binaries/Win64/UE4Editor-AlembicLibrary.dll (API version 3709383).
LogModuleManager: Display: Found up-to-date module file ../../../Engine/Plugins/Experimental/CharacterAI/Binaries/Win64/UE4Editor-CharacterAI.dll (API version 3709383).
LogModuleManager: Display: Found up-to-date module file ../../../Engine/Plugins/Experimental/HTML5Networking/Binaries/Win64/UE4Editor-HTML5Networking.dll (API version 3709383).
LogModuleManager: Display: Found up-to-date module file ../../../Engine/Plugins/Media/AndroidMedia/Binaries/Win64/UE4Editor-AndroidMediaEditor.dll (API version 3709383).
LogModuleManager: Display: Found up-to-date module file ../../../Engine/Plugins/Media/AndroidMedia/Binaries/Win64/UE4Editor-AndroidMediaFactory.dll (API version 3709383).
LogModuleManager: Display: Found up-to-date module file ../../../Engine/Plugins/Media/AvfMedia/Binaries/Win64/UE4Editor-AvfMediaEditor.dll (API version 3709383).
LogModuleManager: Display: Found up-to-date module file ../../../Engine/Plugins/Media/AvfMedia/Binaries/Win64/UE4Editor-AvfMediaFactory.dll (API version 3709383).
LogModuleManager: Display: Found up-to-date module file ../../../Engine/Plugins/Media/AvfMedia/Binaries/Win64/UE4Editor-AvfMediaFactory.dll (API version 3709383).
LogModuleManager: Display: Found up-to-date module file ../../../Engine/Plugins/Media/ImgMedia/Binaries/Win64/UE4Editor-ImgMedia.dll (API version 3709383).
LogModuleManager: Display: Found up-to-date module file ../../../Engine/Plugins/Media/ImgMedia/Binaries/Win64/UE4Editor-ImgMediaEditor.dll (API version 3709383).
LogModuleManager: Display: Found up-to-date module file ../../../Engine/Plugins/Media/ImgMedia/Binaries/Win64/UE4Editor-ImgMediaFactory.dll (API version 3709383).
LogModuleManager: Display: Found up-to-date module file ../../../Engine/Plugins/Media/ImgMedia/Binaries/Win64/UE4Editor-ImgMediaFactory.dll (API version 3709383).
LogModuleManager: Display: Found up-to-date module file ../../../Engine/Plugins/Media/ImgMedia/Binaries/Win64/UE4Editor-OpenExrWrapper.dll (API version 3709383).
LogModuleManager: Display: Found up-to-date module file ../../../Engine/Plugins/Media/MediaCompositing/Binaries/Win64/UE4Editor-MediaCompositing.dll (API version 3709383).
LogModuleManager: Display: Found up-to-date module file ../../../Engine/Plugins/Media/MediaCompositing/Binaries/Win64/UE4Editor-MediaCompositingEditor.dll (API version 3709383).
LogModuleManager: Display: Found up-to-date module file ../../../Engine/Plugins/Media/MediaPlayerEditor/Binaries/Win64/UE4Editor-MediaPlayerEditor.dll (API version 3709383).
LogModuleManager: Display: Found up-to-date module file ../../../Engine/Plugins/Media/WmfMedia/Binaries/Win64/UE4Editor-WmfMedia.dll (API version 3709383).
LogModuleManager: Display: Found up-to-date module file ../../../Engine/Plugins/Media/WmfMedia/Binaries/Win64/UE4Editor-WmfMediaEditor.dll (API version 3709383).
LogModuleManager: Display: Found up-to-date module file ../../../Engine/Plugins/Media/WmfMedia/Binaries/Win64/UE4Editor-WmfMediaFactory.dll (API version 3709383).
LogModuleManager: Display: Found up-to-date module file ../../../Engine/Plugins/Media/WmfMedia/Binaries/Win64/UE4Editor-WmfMediaFactory.dll (API version 3709383).
LogModuleManager: Display: Found up-to-date module file ../../../Engine/Plugins/Messaging/TcpMessaging/Binaries/Win64/UE4Editor-TcpMessaging.dll (API version 3709383).
LogModuleManager: Display: Found up-to-date module file ../../../Engine/Plugins/Messaging/UdpMessaging/Binaries/Win64/UE4Editor-UdpMessaging.dll (API version 3709383).
LogModuleManager: Display: Found up-to-date module file ../../../Engine/Plugins/MovieScene/ActorSequence/Binaries/Win64/UE4Editor-ActorSequence.dll (API version 3709383).
LogModuleManager: Display: Found up-to-date module file ../../../Engine/Plugins/MovieScene/LevelSequenceEditor/Binaries/Win64/UE4Editor-LevelSequenceEditor.dll (API version 3709383).
LogModuleManager: Display: Found up-to-date module file ../../../Engine/Plugins/MovieScene/MatineeToLevelSequence/Binaries/Win64/UE4Editor-MatineeToLevelSequence.dll (API version 3709383).
LogModuleManager: Display: Found up-to-date module file ../../../Engine/Plugins/Online/OnlineSubsystem/Binaries/Win64/UE4Editor-OnlineSubsystem.dll (API version 3709383).
LogModuleManager: Display: Found up-to-date module file ../../../Engine/Plugins/Runtime/AndroidPermission/Binaries/Win64/UE4Editor-AndroidPermission.dll (API version 3709383).
LogModuleManager: Display: Found up-to-date module file ../../../Engine/Plugins/Online/OnlineSubsystemNull/Binaries/Win64/UE4Editor-OnlineSubsystemNull.dll (API version 3709383).
LogModuleManager: Display: Found up-to-date module file ../../../Engine/Plugins/Online/OnlineSubsystemUtils/Binaries/Win64/UE4Editor-OnlineSubsystemUtils.dll (API version 3709383).
LogModuleManager: Display: Found up-to-date module file ../../../Engine/Plugins/Online/OnlineSubsystemUtils/Binaries/Win64/UE4Editor-OnlineBlueprintSupport.dll (API version 3709383).
LogModuleManager: Display: Found up-to-date module file ../../../Engine/Plugins/Runtime/AndroidDeviceProfileSelector/Binaries/Win64/UE4Editor-AndroidDeviceProfileSelector.dll (API version 3709383).
LogModuleManager: Display: Found up-to-date module file ../../../Engine/Plugins/Runtime/AppleARKit/Binaries/Win64/UE4Editor-AppleARKit.dll (API version 3709383).
LogModuleManager: Display: Found up-to-date module file ../../../Engine/Plugins/Runtime/ArchVisCharacter/Binaries/Win64/UE4Editor-ArchVisCharacter.dll (API version 3709383).
LogModuleManager: Display: Found up-to-date module file ../../../Engine/Plugins/Runtime/CableComponent/Binaries/Win64/UE4Editor-CableComponent.dll (API version 3709383).
LogModuleManager: Display: Found up-to-date module file ../../../Engine/Plugins/Runtime/CustomMeshComponent/Binaries/Win64/UE4Editor-CustomMeshComponent.dll (API version 3709383).
LogModuleManager: Display: Found up-to-date module file ../../../Engine/Plugins/Runtime/ExampleDeviceProfileSelector/Binaries/Win64/UE4Editor-ExampleDeviceProfileSelector.dll (API version 3709383).
LogModuleManager: Display: Found up-to-date module file ../../../Engine/Plugins/Runtime/ImmediatePhysics/Binaries/Win64/UE4Editor-ImmediatePhysics.dll (API version 3709383).
LogModuleManager: Display: Found up-to-date module file ../../../Engine/Plugins/Runtime/ImmediatePhysics/Binaries/Win64/UE4Editor-ImmediatePhysicsEditor.dll (API version 3709383).
LogModuleManager: Display: Found up-to-date module file ../../../Engine/Plugins/Runtime/LocationServicesBPLibrary/Binaries/Win64/UE4Editor-LocationServicesBPLibrary.dll (API version 3709383).
LogModuleManager: Display: Found up-to-date module file ../../../Engine/Plugins/Runtime/MobilePatchingUtils/Binaries/Win64/UE4Editor-MobilePatchingUtils.dll (API version 3709383).
LogModuleManager: Display: Found up-to-date module file ../../../Engine/Plugins/Runtime/Oculus/OculusVR/Binaries/Win64/UE4Editor-OculusHMD.dll (API version 3709383).
LogModuleManager: Display: Found up-to-date module file ../../../Engine/Plugins/Runtime/Oculus/OculusVR/Binaries/Win64/UE4Editor-OculusInput.dll (API version 3709383).
LogModuleManager: Display: Found up-to-date module file ../../../Engine/Plugins/Runtime/Oculus/OculusVR/Binaries/Win64/UE4Editor-OculusEditor.dll (API version 3709383).
LogModuleManager: Display: Found up-to-date module file ../../../Engine/Plugins/Runtime/PhysXVehicles/Binaries/Win64/UE4Editor-PhysXVehicles.dll (API version 3709383).
LogModuleManager: Display: Found up-to-date module file ../../../Engine/Plugins/Runtime/PhysXVehicles/Binaries/Win64/UE4Editor-PhysXVehiclesEditor.dll (API version 3709383).
LogModuleManager: Display: Found up-to-date module file ../../../Engine/Plugins/Runtime/ProceduralMeshComponent/Binaries/Win64/UE4Editor-ProceduralMeshComponent.dll (API version 3709383).
LogModuleManager: Display: Found up-to-date module file ../../../Engine/Plugins/Runtime/ProceduralMeshComponent/Binaries/Win64/UE4Editor-ProceduralMeshComponentEditor.dll (API version 3709383).
LogModuleManager: Display: Found up-to-date module file ../../../Engine/Plugins/Runtime/RuntimePhysXCooking/Binaries/Win64/UE4Editor-RuntimePhysXCooking.dll (API version 3709383).
LogModuleManager: Display: Found up-to-date module file ../../../Engine/Plugins/Runtime/Steam/SteamVR/Binaries/Win64/UE4Editor-SteamVR.dll (API version 3709383).
LogModuleManager: Display: Found up-to-date module file ../../../Engine/Plugins/Runtime/Steam/SteamVR/Binaries/Win64/UE4Editor-SteamVRController.dll (API version 3709383).
LogModuleManager: Display: Found up-to-date module file ../../../Engine/Plugins/Runtime/WindowsMoviePlayer/Binaries/Win64/UE4Editor-WindowsMoviePlayer.dll (API version 3709383).
LogPluginManager: Mounting plugin Paper2D
LogPluginManager: Mounting plugin LightPropagationVolume
LogPluginManager: Mounting plugin CodeLiteSourceCodeAccess
LogPluginManager: Mounting plugin GitSourceControl
LogPluginManager: Mounting plugin KDevelopSourceCodeAccess
LogPluginManager: Mounting plugin NullSourceCodeAccess
LogPluginManager: Mounting plugin PerforceSourceControl
LogPluginManager: Mounting plugin SubversionSourceControl
LogPluginManager: Mounting plugin UObjectPlugin
LogPluginManager: Mounting plugin VisualStudioCodeSourceCodeAccess
LogPluginManager: Mounting plugin VisualStudioSourceCodeAccess
LogPluginManager: Mounting plugin XCodeSourceCodeAccess
LogPluginManager: Mounting plugin AssetManagerEditor
LogPluginManager: Mounting plugin AudioCapture
LogPluginManager: Mounting plugin FacialAnimation
LogPluginManager: Mounting plugin GameplayTagsEditor
LogPluginManager: Mounting plugin MobileLauncherProfileWizard
LogPluginManager: Mounting plugin PluginBrowser
LogPluginManager: Mounting plugin SpeedTreeImporter
LogPluginManager: Mounting plugin AlembicImporter
LogPluginManager: Mounting plugin CharacterAI
LogPluginManager: Mounting plugin HTML5Networking
LogPluginManager: Mounting plugin AndroidMedia
LogPluginManager: Mounting plugin AvfMedia
LogPluginManager: Mounting plugin ImgMedia
LogPluginManager: Mounting plugin MediaCompositing
LogPluginManager: Mounting plugin MediaPlayerEditor
LogPluginManager: Mounting plugin WmfMedia
LogPluginManager: Mounting plugin TcpMessaging
LogPluginManager: Mounting plugin UdpMessaging
LogPluginManager: Mounting plugin ActorSequence
LogPluginManager: Mounting plugin LevelSequenceEditor
LogPluginManager: Mounting plugin MatineeToLevelSequence
LogPluginManager: Mounting plugin OnlineSubsystemGooglePlay
LogPluginManager: Mounting plugin OnlineSubsystemIOS
LogPluginManager: Mounting plugin OnlineSubsystem
LogPluginManager: Mounting plugin OnlineSubsystemNull
LogPluginManager: Mounting plugin OnlineSubsystemUtils
LogPluginManager: Mounting plugin AndroidDeviceProfileSelector
LogPluginManager: Mounting plugin AndroidMoviePlayer
LogPluginManager: Mounting plugin AndroidPermission
LogPluginManager: Mounting plugin AppleARKit
LogPluginManager: Mounting plugin AppleMoviePlayer
LogPluginManager: Mounting plugin ArchVisCharacter
LogPluginManager: Mounting plugin CableComponent
LogPluginManager: Mounting plugin CustomMeshComponent
LogPluginManager: Mounting plugin ExampleDeviceProfileSelector
LogPluginManager: Mounting plugin GoogleCloudMessaging
LogPluginManager: Mounting plugin ImmediatePhysics
LogPluginManager: Mounting plugin IOSDeviceProfileSelector
LogPluginManager: Mounting plugin LinuxDeviceProfileSelector
LogPluginManager: Mounting plugin LocationServicesBPLibrary
LogPluginManager: Mounting plugin MobilePatchingUtils
LogPluginManager: Mounting plugin OculusVR
LogPluginManager: Plugin shader directory ../../../Engine/Plugins/Runtime/Oculus/OculusVR/Shaders found
LogPluginManager: Mapping shader source directory ../../../Engine/Plugins/Runtime/Oculus/OculusVR/Shaders to virtual directory /Plugin/OculusVR
LogPluginManager: Mounting plugin PhysXVehicles
LogPluginManager: Mounting plugin ProceduralMeshComponent
LogPluginManager: Mounting plugin RuntimePhysXCooking
LogPluginManager: Mounting plugin SteamVR
LogPluginManager: Mounting plugin WindowsMoviePlayer
LogInit: Using libcurl 7.47.1
LogInit:  - built for x86_64-pc-win32
LogInit:  - supports SSL with OpenSSL/1.0.2g
LogInit:  - supports HTTP deflate (compression) using libz 1.2.8
LogInit:  - other features:
LogInit:      CURL_VERSION_SSL
LogInit:      CURL_VERSION_LIBZ
LogInit:      CURL_VERSION_IPV6
LogInit:      CURL_VERSION_ASYNCHDNS
LogInit:      CURL_VERSION_LARGEFILE
LogInit:      CURL_VERSION_IDN
LogInit:  CurlRequestOptions (configurable via config and command line):
LogInit:  - bVerifyPeer = false  - Libcurl will NOT verify peer certificate
LogInit:  - bUseHttpProxy = false  - Libcurl will NOT use HTTP proxy
LogInit:  - bDontReuseConnections = false  - Libcurl will reuse connections
LogInit:  - CertBundlePath = nullptr  - Libcurl will use whatever was configured at build time.
LogInit: Build: ++UE4+Release-4.18-CL-3794801
LogInit: Engine Version: 4.18.2-3794801+++UE4+Release-4.18
LogInit: Compatible Engine Version: 4.18.0-3709383+++UE4+Release-4.18
LogInit: Net CL: 3709383
LogDevObjectVersion: Number of dev versions registered: 16
LogDevObjectVersion:   Dev-Blueprints (B0D832E4-1F89-4F0D-ACCF-7EB736FD4AA2): 10
LogDevObjectVersion:   Dev-Build (E1C64328-A22C-4D53-A36C-8E866417BD8C): 0
LogDevObjectVersion:   Dev-Core (375EC13C-06E4-48FB-B500-84F0262A717E): 2
LogDevObjectVersion:   Dev-Editor (E4B068ED-F494-42E9-A231-DA0B2E46BB41): 20
LogDevObjectVersion:   Dev-Framework (CFFC743F-43B0-4480-9391-14DF171D2073): 30
LogDevObjectVersion:   Dev-Mobile (B02B49B5-BB20-44E9-A304-32B752E40360): 0
LogDevObjectVersion:   Dev-Networking (A4E4105C-59A1-49B5-A7C5-40C4547EDFEE): 0
LogDevObjectVersion:   Dev-Online (39C831C9-5AE6-47DC-9A44-9C173E1C8E7C): 0
LogDevObjectVersion:   Dev-Physics (78F01B33-EBEA-4F98-B9B4-84EACCB95AA2): 0
LogDevObjectVersion:   Dev-Platform (6631380F-2D4D-43E0-8009-CF276956A95A): 0
LogDevObjectVersion:   Dev-Rendering (12F88B9F-8875-4AFC-A67C-D90C383ABD29): 20
LogDevObjectVersion:   Dev-Sequencer (7B5AE74C-D270-4C10-A958-57980B212A5A): 4
LogDevObjectVersion:   Dev-VR (D7296918-1DD6-4BDD-9DE2-64A83CC13884): 0
LogDevObjectVersion:   Dev-LoadTimes (C2A15278-BFE7-4AFE-6C17-90FF531DF755): 1
LogDevObjectVersion:   Private-Geometry (6EACA3D4-40EC-4CC1-B786-8BED09428FC5): 1
LogDevObjectVersion:   Dev-AnimPhys (29E575DD-E0A3-4627-9D10-D276232CDCEA): 12
LogInit: Compiled (64-bit): Dec  8 2017 02:04:53
LogInit: Compiled with Visual C++: 19.00.24215.01
LogInit: Build Configuration: Development
LogInit: Branch Name: ++UE4+Release-4.18
LogInit: Command line: -EpicPortal 
LogInit: Base directory: C:/Program Files/Epic Games/UE_4.18/Engine/Binaries/Win64/
LogInit: Installed Engine Build: 1
LogInit: Presizing for max 8388607 objects, including 0 objects not considered by GC, pre-allocating 0 bytes for permanent pool.
LogInit: Object subsystem initialized
[2018.01.09-13.53.55:847][  0]LogInit: Selected Device Profile: [Windows]
[2018.01.09-13.53.55:847][  0]LogInit: Applying CVar settings loaded from the selected device profile: [Windows]
[2018.01.09-13.53.55:964][  0]LogInit: Computer: WINSKAHDD
[2018.01.09-13.53.55:964][  0]LogInit: User: sam
[2018.01.09-13.53.55:964][  0]LogInit: CPU Page size=4096, Cores=4
[2018.01.09-13.53.55:964][  0]LogInit: High frequency timer resolution =3.215213 MHz
[2018.01.09-13.53.55:964][  0]LogMemory: Memory total: Physical=7.9GB (8GB approx)
[2018.01.09-13.53.55:964][  0]LogMemory: Platform Memory Stats for Windows
[2018.01.09-13.53.55:964][  0]LogMemory: Process Physical Memory: 270.28 MB used, 270.28 MB peak
[2018.01.09-13.53.55:964][  0]LogMemory: Process Virtual Memory: 269.66 MB used, 269.66 MB peak
[2018.01.09-13.53.55:964][  0]LogMemory: Physical Memory: 4570.45 MB used,  3566.53 MB free, 8136.98 MB total
[2018.01.09-13.53.55:964][  0]LogMemory: Virtual Memory: 623.82 MB used,  3566.53 MB free, 134217728.00 MB total
[2018.01.09-13.53.56:968][  0]LogInit: Using OS detected language (en-GB).
[2018.01.09-13.53.56:968][  0]LogInit: Using OS detected locale (fi-FI).
[2018.01.09-13.53.57:037][  0]LogTextLocalizationManager: No specific localization for 'en-GB' exists, so the 'en' localization will be used.
[2018.01.09-13.53.57:038][  0]LogTextLocalizationManager: No localization for 'fi-FI' exists, so 'en-GB' will be used for the locale.
[2018.01.09-13.53.57:708][  0]LogInit: Setting process to per monitor DPI aware
[2018.01.09-13.53.58:595][  0]LogD3D11RHI: D3D11 adapters:
[2018.01.09-13.53.58:673][  0]LogD3D11RHI:    0. 'NVIDIA GeForce GTX 770' (Feature Level 11_0)
[2018.01.09-13.53.58:673][  0]LogD3D11RHI:       1973/0/4068 MB DedicatedVideo/DedicatedSystem/SharedSystem, Outputs:1, VendorId:0x10de
[2018.01.09-13.53.58:689][  0]LogD3D11RHI:    1. 'Microsoft Basic Render Driver' (Feature Level 11_0)
[2018.01.09-13.53.58:689][  0]LogD3D11RHI:       0/0/256 MB DedicatedVideo/DedicatedSystem/SharedSystem, Outputs:0, VendorId:0x1414
[2018.01.09-13.53.58:689][  0]LogD3D11RHI: Chosen D3D11 Adapter: 0
[2018.01.09-13.53.58:692][  0]LogD3D11RHI: Creating new Direct3DDevice
[2018.01.09-13.53.58:692][  0]LogD3D11RHI:     GPU DeviceId: 0x1184 (for the marketing name, search the web for "GPU Device Id")
[2018.01.09-13.53.58:692][  0]LogWindows: EnumDisplayDevices:
[2018.01.09-13.53.58:692][  0]LogWindows:    0. 'NVIDIA GeForce GTX 770' (P:1 D:1)
[2018.01.09-13.53.58:692][  0]LogWindows:    1. 'NVIDIA GeForce GTX 770' (P:0 D:0)
[2018.01.09-13.53.58:692][  0]LogWindows:    2. 'NVIDIA GeForce GTX 770' (P:0 D:0)
[2018.01.09-13.53.58:692][  0]LogWindows:    3. 'NVIDIA GeForce GTX 770' (P:0 D:0)
[2018.01.09-13.53.58:692][  0]LogWindows: DebugString: FoundDriverCount:4 
[2018.01.09-13.53.58:692][  0]LogD3D11RHI:     Adapter Name: NVIDIA GeForce GTX 770
[2018.01.09-13.53.58:692][  0]LogD3D11RHI:   Driver Version: 372.90 (internal:21.21.13.7290, unified:372.90)
[2018.01.09-13.53.58:692][  0]LogD3D11RHI:      Driver Date: 9-16-2016
[2018.01.09-13.53.58:692][  0]LogRHI: Texture pool is 1381 MB (70% of 1973 MB)
[2018.01.09-13.53.58:719][  0]LogD3D11RHI: Async texture creation enabled
[2018.01.09-13.53.58:736][  0]LogD3D11RHI: GPU Timing Frequency: 1000.000000 (Debug: 2 2)
[2018.01.09-13.53.58:785][  0]LogShaderCompilers: Guid format shader working directory is -42 characters bigger than the processId version (../../../../../../Users/sam/Desktop/ProjectCatacombs/ProjectCatacombs/ProjectCatacombs/Intermediate/Shaders/WorkingDirectory/5000/).
[2018.01.09-13.53.58:802][  0]LogShaderCompilers: Cleaned the shader compiler working directory 'C:/Users/sam/AppData/Local/Temp/UnrealShaderWorkingDir/FAD82B574C27386D4B0734990284E722/'.
[2018.01.09-13.53.58:802][  0]LogShaderCompilers: Display: Using Local Shader Compiler.
[2018.01.09-13.54.02:651][  0]LogTemp: Display: Loaded TP AllDesktopTargetPlatform
[2018.01.09-13.54.02:699][  0]LogTemp: Display: Loaded TP MacClientTargetPlatform
[2018.01.09-13.54.02:741][  0]LogTemp: Display: Loaded TP MacNoEditorTargetPlatform
[2018.01.09-13.54.02:783][  0]LogTemp: Display: Loaded TP MacServerTargetPlatform
[2018.01.09-13.54.02:839][  0]LogTemp: Display: Loaded TP MacTargetPlatform
[2018.01.09-13.54.02:882][  0]LogTemp: Display: Loaded TP WindowsClientTargetPlatform
[2018.01.09-13.54.02:924][  0]LogTemp: Display: Loaded TP WindowsNoEditorTargetPlatform
[2018.01.09-13.54.03:053][  0]LogTemp: Display: Loaded TP WindowsServerTargetPlatform
[2018.01.09-13.54.03:090][  0]LogTemp: Display: Loaded TP WindowsTargetPlatform
[2018.01.09-13.54.03:141][  0]LogTemp: Display: Loaded TP Android_ASTCTargetPlatform
[2018.01.09-13.54.03:182][  0]LogTemp: Display: Loaded TP Android_ATCTargetPlatform
[2018.01.09-13.54.03:223][  0]LogTemp: Display: Loaded TP Android_DXTTargetPlatform
[2018.01.09-13.54.03:264][  0]LogTemp: Display: Loaded TP Android_ETC1TargetPlatform
[2018.01.09-13.54.03:305][  0]LogTemp: Display: Loaded TP Android_ETC2TargetPlatform
[2018.01.09-13.54.03:407][  0]LogTemp: Display: Loaded TP Android_MultiTargetPlatform
[2018.01.09-13.54.03:407][  0]LogTemp: Display: Loaded TP Android_PVRTCTargetPlatform
[2018.01.09-13.54.03:456][  0]LogTemp: Display: Loaded TP AndroidTargetPlatform
[2018.01.09-13.54.03:488][  0]LogTemp: Display: Loaded TP HTML5TargetPlatform
[2018.01.09-13.54.03:609][  0]LogTemp: Display: Loaded TP IOSTargetPlatform
[2018.01.09-13.54.03:631][  0]LogTemp: Display: Loaded TP TVOSTargetPlatform
[2018.01.09-13.54.03:672][  0]LogTemp: Display: Loaded TP LinuxClientTargetPlatform
[2018.01.09-13.54.03:713][  0]LogTemp: Display: Loaded TP LinuxNoEditorTargetPlatform
[2018.01.09-13.54.03:764][  0]LogTemp: Display: Loaded TP LinuxServerTargetPlatform
[2018.01.09-13.54.03:816][  0]LogTemp: Display: Loaded TP LinuxTargetPlatform
[2018.01.09-13.54.03:816][  0]LogTargetPlatformManager: Display: Building Assets For Windows
[2018.01.09-13.54.05:244][  0]LogDerivedDataCache: Display: Max Cache Size: 512 MB
[2018.01.09-13.54.05:825][  0]LogDerivedDataCache: Loaded boot cache 0.58s 78MB C:/Users/sam/AppData/Local/UnrealEngine/4.18/DerivedDataCache/Boot.ddc.
[2018.01.09-13.54.05:825][  0]LogDerivedDataCache: Display: Loaded Boot cache: C:/Users/sam/AppData/Local/UnrealEngine/4.18/DerivedDataCache/Boot.ddc
[2018.01.09-13.54.05:825][  0]LogDerivedDataCache: FDerivedDataBackendGraph:  Pak pak cache file ../../../../../../Users/sam/Desktop/ProjectCatacombs/ProjectCatacombs/ProjectCatacombs/DerivedDataCache/DDC.ddp not found, will not use a pak cache.
[2018.01.09-13.54.05:825][  0]LogDerivedDataCache: Unable to find inner node Pak for hierarchical cache Hierarchy.
[2018.01.09-13.54.05:825][  0]LogDerivedDataCache: FDerivedDataBackendGraph:  CompressedPak pak cache file ../../../../../../Users/sam/Desktop/ProjectCatacombs/ProjectCatacombs/ProjectCatacombs/DerivedDataCache/Compressed.ddp not found, will not use a pak cache.
[2018.01.09-13.54.05:825][  0]LogDerivedDataCache: Unable to find inner node CompressedPak for hierarchical cache Hierarchy.
[2018.01.09-13.54.05:854][  0]LogDerivedDataCache: Display: Pak cache opened for reading ../../../Engine/DerivedDataCache/Compressed.ddp.
[2018.01.09-13.54.05:866][  0]LogDerivedDataCache: Using Local data cache path C:/Users/sam/AppData/Local/UnrealEngine/Common/DerivedDataCache: Writable
[2018.01.09-13.54.05:875][  0]LogMaterial: Verifying Global Shaders for PCD3D_SM5
[2018.01.09-13.54.05:875][  0]LogSlate: Using Freetype 2.6.0
[2018.01.09-13.54.05:918][  0]LogSlate: SlateFontCache - WITH_FREETYPE: 1, WITH_HARFBUZZ: 1
[2018.01.09-13.54.05:918][  0]LogSlate: SlateFontCache - WITH_FREETYPE: 1, WITH_HARFBUZZ: 1
[2018.01.09-13.54.09:300][  0]LogInit: Selected Device Profile: [Windows]
[2018.01.09-13.54.09:773][  0]LogSimplygon: Simplygon DLL not present - disabling.
[2018.01.09-13.54.09:806][  0]LogMeshReduction: Using SimplygonSwarm for distributed automatic mesh merging
[2018.01.09-13.54.09:806][  0]LogMeshReduction: Using QuadricMeshReduction for automatic static mesh reduction
[2018.01.09-13.54.09:806][  0]LogMeshReduction: No automatic skeletal mesh reduction module available
[2018.01.09-13.54.09:806][  0]LogMeshReduction: No automatic mesh merging module available
[2018.01.09-13.54.09:806][  0]LogMeshMerging: No automatic mesh merging module available
[2018.01.09-13.54.09:830][  0]LogNetVersion: ProjectCatacombs , NetCL: 3709383, EngineNetVer: 2, GameNetVer: 0 (Checksum: 4182669113)
[2018.01.09-13.54.09:976][  0]LogAssetRegistry: FAssetRegistry took 0.0256 seconds to start up
[2018.01.09-13.54.10:918][  0]LogPackageLocalizationCache: Processed 7 localized package path(s) for 2 prioritized culture(s) in 0.447947 seconds
[2018.01.09-13.54.10:935][  0]LogUObjectArray: 35900 objects as part of root set at end of initial load.
[2018.01.09-13.54.10:936][  0]LogUObjectAllocator: 7372016 out of 0 bytes used by permanent object pool.
[2018.01.09-13.54.10:936][  0]LogUObjectArray: CloseDisregardForGC: 0/0 objects in disregard for GC pool
[2018.01.09-13.54.11:055][  0]LogInit: WinSock: version 1.1 (2.2), MaxSocks=32767, MaxUdp=65467
[2018.01.09-13.54.39:937][  0]LogTcpMessaging: Initializing TcpMessaging bridge
[2018.01.09-13.54.40:010][  0]LogUdpMessaging: Initializing bridge on interface 0.0.0.0:0 to multicast group 230.0.0.1:6666.
[2018.01.09-13.54.41:148][  0]LogMaterial: Uniform references updated for custom material expression Custom.
[2018.01.09-13.54.41:542][  0]SourceControl: Source control is disabled
[2018.01.09-13.54.41:542][  0]SourceControl: Source control is disabled
[2018.01.09-13.54.41:619][  0]SourceControl: Source control is disabled
[2018.01.09-13.54.41:759][  0]SourceControl: Source control is disabled
[2018.01.09-13.54.43:226][  0]LogAndroidPermission: UAndroidPermissionCallbackProxy::GetInstance
[2018.01.09-13.54.43:569][  0]LogOcInput: OculusInput pre-init called
[2018.01.09-13.54.44:366][  0]LogEngine: Initializing Engine...
[2018.01.09-13.54.44:368][  0]LogHMD: Failed to initialize OpenVR with code 110
[2018.01.09-13.54.44:580][  0]LogStats: UGameplayTagsManager::ConstructGameplayTagTree: Construct from data asset -  0.000 s
[2018.01.09-13.54.44:593][  0]LogStats: UGameplayTagsManager::ConstructGameplayTagTree: GameplayTagTreeChangedEvent.Broadcast -  0.000 s
[2018.01.09-13.54.44:834][  0]LogAIModule: Creating AISystem for world Untitled
[2018.01.09-13.54.44:927][  0]LogInit: XAudio2 using 'Speakers (Turtle Beach Recon 320)' : 2 channels at 44.1 kHz using 16 bits per sample (channel mask 0x3)
[2018.01.09-13.54.44:950][  0]LogInit: FAudioDevice initialized.
[2018.01.09-13.54.45:155][  0]LogDerivedDataCache: Saved boot cache 0.20s 78MB C:/Users/sam/AppData/Local/UnrealEngine/4.18/DerivedDataCache/Boot.ddc.
[2018.01.09-13.54.45:185][  0]LogInit: Texture streaming: Enabled
[2018.01.09-13.54.45:454][  0]LogEngineSessionManager: EngineSessionManager initialized
[2018.01.09-13.54.45:587][  0]LogInit: Transaction tracking system initialized
[2018.01.09-13.54.46:026][  0]BlueprintLog: New page: Editor Load
[2018.01.09-13.54.47:477][  0]LocalizationService: Localization service is disabled
[2018.01.09-13.54.48:767][  0]LogConsoleResponse: Display: 
[2018.01.09-13.54.49:597][  0]LogCook: Display: Max memory allowance for cook 16384mb min free memory 0mb
[2018.01.09-13.54.49:598][  0]LogCook: Display: Mobile HDR setting 1
[2018.01.09-13.54.49:598][  0]LogGameplayTags: Display: UGameplayTagsManager::DoneAddingNativeTags. DelegateIsBound: 0
[2018.01.09-13.54.49:900][  0]LogFileCache: Scanning file cache for directory 'C:/Users/sam/Desktop/ProjectCatacombs/ProjectCatacombs/ProjectCatacombs/Content/' took 0.03s
[2018.01.09-13.54.51:598][  0]SourceControl: Source control is disabled
[2018.01.09-13.54.51:598][  0]Cmd: MAP LOAD FILE="../../../../../../Users/sam/Desktop/ProjectCatacombs/ProjectCatacombs/ProjectCatacombs/Content/FirstPersonBP/Maps/FirstPersonExampleMap.umap" TEMPLATE=0 SHOWPROGRESS=1 FEATURELEVEL=3
[2018.01.09-13.54.51:599][  0]LightingResults: New page: Lighting Build
[2018.01.09-13.54.51:640][  0]MapCheck: New page: Map Check
[2018.01.09-13.54.51:640][  0]LightingResults: New page: Lighting Build
[2018.01.09-13.54.53:087][  0]LogTexture: Display: Building textures: HQ_Lightmap1_3 (AutoDXT, 64X64)
[2018.01.09-13.54.53:087][  0]LogTexture: Display: Building textures: HQ_Lightmap1_2 (AutoDXT, 1024X1024)
[2018.01.09-13.54.53:087][  0]LogTexture: Display: Building textures: Floor_albedo (AutoDXT, 1024X1024)
[2018.01.09-13.54.53:087][  0]LogTexture: Display: Building textures: HQ_Lightmap1_1 (AutoDXT, 2048X2048)
[2018.01.09-13.54.53:087][  0]LogTexture: Display: Building textures: Floor_normal (BC5, 1024X1024)
[2018.01.09-13.54.53:087][  0]LogMaterial: Missing cached shader map for material M_FPGun, compiling. 
[2018.01.09-13.54.53:682][  0]LogTexture: Display: Building textures: LQ_Lightmap_1_1 (DXT1, 2048X2048)
[2018.01.09-13.54.53:682][  0]LogTexture: Display: Building textures: LQ_Lightmap_1_2 (DXT1, 1024X1024)
[2018.01.09-13.54.53:682][  0]LogTexture: Display: Building textures: LQ_Lightmap_1_3 (DXT1, 64X64)
[2018.01.09-13.54.53:682][  0]LogTexture: Display: Building textures: SkyOcclusion1_1 (AutoDXT, 2048X1024)
[2018.01.09-13.54.53:682][  0]LogTexture: Display: Building textures: SkyOcclusion1_2 (AutoDXT, 1024X512)
[2018.01.09-13.54.53:682][  0]LogTexture: Display: Building textures: SkyOcclusion1_3 (AutoDXT, 64X32)
[2018.01.09-13.54.53:682][  0]LogTexture: Display: Building textures: ShadowMapTexture2D_3 (BGRA8, 1024X1024)
[2018.01.09-13.54.53:682][  0]LogTexture: Display: Building textures: ShadowMapTexture2D_4 (BGRA8, 256X512)
[2018.01.09-13.54.53:682][  0]LogTexture: Display: Building textures: ShadowMapTexture2D_5 (BGRA8, 64X64)
[2018.01.09-13.54.53:746][  0]LogMaterial: Missing cached shader map for material CubeMaterial, compiling. 
[2018.01.09-13.54.53:870][  0]LogMaterial: Missing cached shader map for material BasicShapeMaterial, compiling. 
[2018.01.09-13.54.55:077][  0]LogMaterial: Missing cached shader map for material M_UE4Man_Body, compiling. 
[2018.01.09-13.54.55:230][  0]LogMaterial: Missing cached shader map for material BaseMaterial, compiling. 
[2018.01.09-13.54.55:519][  0]LogAIModule: Creating AISystem for world FirstPersonExampleMap
[2018.01.09-13.54.56:122][  0]LogEditorServer: Finished looking for orphan Actors (0.000 secs)
[2018.01.09-13.54.56:190][  0]Cmd: MAP CHECKDEP NOCLEARLOG
[2018.01.09-13.54.56:275][  0]MapCheck: Map check complete: 0 Error(s), 0 Warning(s), took 85.822ms to complete.
[2018.01.09-13.54.56:276][  0]LogFileHelpers: Loading map 'FirstPersonExampleMap' took 4.677
[2018.01.09-13.54.56:511][  0]LogCollectionManager: Loaded 0 collections in 0.002177 seconds
[2018.01.09-13.54.56:622][  0]LogFileCache: Scanning file cache for directory 'C:/Users/sam/Desktop/ProjectCatacombs/ProjectCatacombs/ProjectCatacombs/Saved/Collections/' took 0.01s
[2018.01.09-13.54.56:622][  0]LogFileCache: Scanning file cache for directory 'C:/Users/sam/Desktop/ProjectCatacombs/ProjectCatacombs/ProjectCatacombs/Content/Developers/sam/Collections/' took 0.01s
[2018.01.09-13.54.56:622][  0]LogFileCache: Scanning file cache for directory 'C:/Users/sam/Desktop/ProjectCatacombs/ProjectCatacombs/ProjectCatacombs/Content/Collections/' took 0.02s
[2018.01.09-13.54.56:622][  0]LogCollectionManager: Rebuilt the GUID cache for 0 collections in 0.000001 seconds
[2018.01.09-13.54.56:637][  0]LogContentBrowser: Native class hierarchy populated in 0.0145 seconds. Added 2363 classes and 519 folders.
[2018.01.09-13.54.56:739][  0]LogContentBrowser: Native class hierarchy updated for 'WidgetCarousel' in 0.0004 seconds. Added 0 classes and 0 folders.
[2018.01.09-13.54.57:526][  0]LogContentBrowser: Native class hierarchy updated for 'AddContentDialog' in 0.0003 seconds. Added 0 classes and 0 folders.
[2018.01.09-13.54.57:636][  0]LogContentBrowser: Native class hierarchy updated for 'SceneOutliner' in 0.0004 seconds. Added 1 classes and 2 folders.
[2018.01.09-13.54.57:819][  0]LogContentBrowser: Native class hierarchy updated for 'HierarchicalLODOutliner' in 0.0005 seconds. Added 1 classes and 2 folders.
[2018.01.09-13.54.57:819][  0]LogLoad: (Engine Initialization) Total time: 86.79 seconds
[2018.01.09-13.54.57:819][  0]LogLoad: (Engine Initialization) Total Blueprint compile time: 0.00 seconds
[2018.01.09-13.54.57:819][  0]LogExternalProfiler: Found external profiler: VSPerf
[2018.01.09-13.54.57:819][  0]LogExternalProfiler: Using external profiler: VSPerf
[2018.01.09-13.54.57:857][  0]LogContentStreaming: Texture pool size now 1000 MB
[2018.01.09-13.54.57:897][  0]LogSlate: Took 0.039141 seconds to synchronously load lazily loaded font '../../../Engine/Content/Slate/Fonts/Roboto-Regular.ttf' (155K)
[2018.01.09-13.54.57:904][  0]LogSlate: Took 0.004247 seconds to synchronously load lazily loaded font '../../../Engine/Content/Slate/Fonts/Roboto-Bold.ttf' (160K)
[2018.01.09-13.54.57:921][  0]LogSlate: Took 0.009156 seconds to synchronously load lazily loaded font '../../../Engine/Content/Editor/Slate/Fonts/FontAwesome.ttf' (139K)
[2018.01.09-13.54.58:144][  0]LogRenderer: Reallocating scene render targets to support 492x104 Format 10 NumSamples 1 (Frame:1).
[2018.01.09-13.54.58:385][  0]LogRenderer: Reallocating scene render targets to support 492x252 Format 10 NumSamples 1 (Frame:2).
[2018.01.09-13.54.58:584][  0]LogSlate: Took 0.000947 seconds to synchronously load lazily loaded font '../../../Engine/Content/Slate/Fonts/Roboto-Light.ttf' (159K)
[2018.01.09-13.54.58:927][  2]LogAssetRegistry: Asset discovery search completed in 48.9727 seconds
[2018.01.09-13.54.58:930][  2]LogCollectionManager: Rebuilt the object cache for 0 collections in 0.000001 seconds (found 0 objects)
[2018.01.09-13.54.58:930][  2]LogCollectionManager: Fixed up redirectors for 0 collections in 0.000074 seconds (updated 0 objects)
[2018.01.09-13.55.03:661][496]LogRenderer: Reallocating scene render targets to support 744x252 Format 10 NumSamples 1 (Frame:417).
[2018.01.09-13.55.03:706][496]LogRenderer: Reallocating scene render targets to support 744x408 Format 10 NumSamples 1 (Frame:418).
[2018.01.09-13.58.15:025][118]LogTemp: Repeating last play command: Selected Viewport
[2018.01.09-13.58.19:328][118]LogBlueprintUserMessages: Early PlayInEditor Detection: Level '/Game/FirstPersonBP/Maps/FirstPersonExampleMap.FirstPersonExampleMap:PersistentLevel' has LevelScriptBlueprint '/Game/FirstPersonBP/Maps/FirstPersonExampleMap.FirstPersonExampleMap:PersistentLevel.FirstPersonExampleMap' with GeneratedClass '/Game/FirstPersonBP/Maps/FirstPersonExampleMap.FirstPersonExampleMap_C' with ClassGeneratedBy '/Game/FirstPersonBP/Maps/FirstPersonExampleMap.FirstPersonExampleMap:PersistentLevel.FirstPersonExampleMap'
[2018.01.09-13.58.19:354][118]LogPlayLevel: PlayLevel: No blueprints needed recompiling
[2018.01.09-13.58.19:640][118]PIE: New page: PIE session: FirstPersonExampleMap (9 Jan 2018 17:58:19)
[2018.01.09-13.58.19:655][118]LogPlayLevel: Creating play world package: /Game/FirstPersonBP/Maps/UEDPIE_0_FirstPersonExampleMap
[2018.01.09-13.58.19:841][118]LogPlayLevel: PIE: StaticDuplicateObject took: (0.186690s)
[2018.01.09-13.58.19:842][118]LogAIModule: Creating AISystem for world FirstPersonExampleMap
[2018.01.09-13.58.19:874][118]LogPlayLevel: PIE: World Init took: (0.032079s)
[2018.01.09-13.58.19:887][118]LogPlayLevel: PIE: Created PIE world by copying editor world from /Game/FirstPersonBP/Maps/FirstPersonExampleMap.FirstPersonExampleMap to /Game/FirstPersonBP/Maps/UEDPIE_0_FirstPersonExampleMap.FirstPersonExampleMap (0.231834s)
[2018.01.09-13.58.20:024][118]LogInit: XAudio2 using 'Speakers (Turtle Beach Recon 320)' : 2 channels at 44.1 kHz using 16 bits per sample (channel mask 0x3)
[2018.01.09-13.58.20:030][118]LogInit: FAudioDevice initialized.
[2018.01.09-13.58.20:152][118]LogLoad: Game class is 'FirstPersonGameMode_C'
[2018.01.09-13.58.20:252][118]LogWorld: Bringing World /Game/FirstPersonBP/Maps/UEDPIE_0_FirstPersonExampleMap.FirstPersonExampleMap up for play (max tick rate 0) at 2018.01.09-15.58.20
[2018.01.09-13.58.20:316][118]LogWorld: Bringing up level for play took: 0.076325
[2018.01.09-13.58.23:051][118]LogContentBrowser: Native class hierarchy updated for 'MovieSceneCapture' in 0.0005 seconds. Added 11 classes and 0 folders.
[2018.01.09-13.58.23:150][118]PIE: Play in editor start time for /Game/FirstPersonBP/Maps/UEDPIE_0_FirstPersonExampleMap 3.198
[2018.01.09-13.58.23:150][118]LogBlueprintUserMessages: Late PlayInEditor Detection: Level '/Game/FirstPersonBP/Maps/FirstPersonExampleMap.FirstPersonExampleMap:PersistentLevel' has LevelScriptBlueprint '/Game/FirstPersonBP/Maps/FirstPersonExampleMap.FirstPersonExampleMap:PersistentLevel.FirstPersonExampleMap' with GeneratedClass '/Game/FirstPersonBP/Maps/FirstPersonExampleMap.FirstPersonExampleMap_C' with ClassGeneratedBy '/Game/FirstPersonBP/Maps/FirstPersonExampleMap.FirstPersonExampleMap:PersistentLevel.FirstPersonExampleMap'
[2018.01.09-13.58.43:427][334]LogBlueprintUserMessages: Early EndPlayMap Detection: Level '/Game/FirstPersonBP/Maps/FirstPersonExampleMap.FirstPersonExampleMap:PersistentLevel' has LevelScriptBlueprint '/Game/FirstPersonBP/Maps/FirstPersonExampleMap.FirstPersonExampleMap:PersistentLevel.FirstPersonExampleMap' with GeneratedClass '/Game/FirstPersonBP/Maps/FirstPersonExampleMap.FirstPersonExampleMap_C' with ClassGeneratedBy '/Game/FirstPersonBP/Maps/FirstPersonExampleMap.FirstPersonExampleMap:PersistentLevel.FirstPersonExampleMap'
[2018.01.09-13.58.43:875][334]LogBlueprintUserMessages: Late EndPlayMap Detection: Level '/Game/FirstPersonBP/Maps/FirstPersonExampleMap.FirstPersonExampleMap:PersistentLevel' has LevelScriptBlueprint '/Game/FirstPersonBP/Maps/FirstPersonExampleMap.FirstPersonExampleMap:PersistentLevel.FirstPersonExampleMap' with GeneratedClass '/Game/FirstPersonBP/Maps/FirstPersonExampleMap.FirstPersonExampleMap_C' with ClassGeneratedBy '/Game/FirstPersonBP/Maps/FirstPersonExampleMap.FirstPersonExampleMap:PersistentLevel.FirstPersonExampleMap'
[2018.01.09-14.15.01:555][  1]LogSlate: Took 0.038678 seconds to synchronously load lazily loaded font '../../../Engine/Content/Slate/Fonts/Roboto-Light.ttf' (159K)
[2018.01.09-14.15.01:940][  1]LogFactory: FactoryCreateFile: StaticMesh with FbxFactory (0 0 ../../../../../../Users/sam/Desktop/ProjectCatacombs/wall.fbx)
[2018.01.09-14.15.03:959][  1]LogSlate: Took 0.052377 seconds to synchronously load lazily loaded font '../../../Engine/Content/Slate/Fonts/Roboto-Regular.ttf' (155K)
[2018.01.09-14.15.03:975][  1]LogFbx: ItemName: GlobalSettings, ItemCount : 1
[2018.01.09-14.15.03:975][  1]LogFbx: ItemName: Geometry, ItemCount : 1
[2018.01.09-14.15.03:975][  1]LogFbx: ItemName: Model, ItemCount : 1
[2018.01.09-14.15.03:975][  1]LogFbx: ItemName: Material, ItemCount : 1
[2018.01.09-14.15.04:317][  1]LogFbx: Loading FBX Scene from ../../../../../../Users/sam/Desktop/ProjectCatacombs/wall.fbx
[2018.01.09-14.15.04:968][  1]LogFbx: FBX Scene Loaded Succesfully
[2018.01.09-14.26.43:037][  1]LogFbx: Loading FBX Scene from ../../../../../../Users/sam/Desktop/ProjectCatacombs/wall.fbx
[2018.01.09-14.26.43:042][  1]LogFbx: FBX Scene Loaded Succesfully
[2018.01.09-14.26.43:329][  1]LogLinker: Can't find file '/Game/Walls/Material'
[2018.01.09-14.26.43:332][  1]LogLinker: Can't find file '/Game/Walls/Material'
[2018.01.09-14.26.44:039][  1]LogMaterial: Missing cached shader map for material Material, compiling. 
[2018.01.09-14.26.45:446][  1]LogFbx: Warning: Triangulating static mesh Cube
[2018.01.09-14.26.47:598][  1]LogStaticMesh: Building static mesh wall...
[2018.01.09-14.26.48:010][  1]LogStaticMesh: Built static mesh [0.57s] /Game/Walls/wall.wall
[2018.01.09-14.26.49:038][  1]LogStaticMesh: Warning: wall has degenerate tangent bases which will result in incorrect shading.  MikkTSpace relies on tangent bases and may result in mesh corruption, consider disabling this option.
[2018.01.09-14.26.49:038][  1]LogStaticMesh: Warning: wall has some nearly zero bi-normals which can create some issues. (Tolerance of 1E-4)
[2018.01.09-14.26.49:818][  1]FBXImport: Warning: No smoothing group information was found in this FBX scene.  Please make sure to enable the 'Export Smoothing Groups' option in the FBX Exporter plug-in before exporting the file.  Even for tools that don't support smoothing groups, the FBX Exporter will generate appropriate smoothing data at export-time so that correct vertex normals can be inferred while importing. 
[2018.01.09-14.26.49:818][  1]FBXImport: Warning: wall has degenerate tangent bases which will result in incorrect shading.  MikkTSpace relies on tangent bases and may result in mesh corruption, consider disabling this option. 
[2018.01.09-14.26.49:818][  1]FBXImport: Warning: wall has some nearly zero bi-normals which can create some issues. (Tolerance of 1E-4) 
[2018.01.09-14.26.59:365][394]LogFileHelpers: Editor autosave (incl. sublevels) for '/Game/FirstPersonBP/Maps/FirstPersonExampleMap' took 0.306
[2018.01.09-14.26.59:454][394]OBJ SavePackage: Generating thumbnails for [1] asset(s) in package [/Game/Walls/wall] ([1] browsable assets)...
[2018.01.09-14.26.59:548][394]OBJ SavePackage:     Rendered thumbnail for [StaticMesh /Game/Walls/wall.wall]
[2018.01.09-14.26.59:549][394]OBJ SavePackage: Finished generating thumbnails for package [/Game/Walls/wall]
[2018.01.09-14.26.59:701][394]LogSavePackage: Save=126.61ms
[2018.01.09-14.26.59:701][394]LogSavePackage: Moving '../../../../../../Users/sam/Desktop/ProjectCatacombs/ProjectCatacombs/ProjectCatacombs/Saved/wall_Auto1EC691242433B7FBE257F3A9E70A30D2A.tmp' to '../../../../../../Users/sam/Desktop/ProjectCatacombs/ProjectCatacombs/ProjectCatacombs/Saved/Autosaves/Game/Walls/wall_Auto1.uasset'
[2018.01.09-14.26.59:712][394]LogSavePackage: Display: Finished SavePackage ../../../../../../Users/sam/Desktop/ProjectCatacombs/ProjectCatacombs/ProjectCatacombs/Saved/Autosaves/Game/Walls/wall_Auto1.uasset
[2018.01.09-14.26.59:732][394]OBJ SavePackage: Generating thumbnails for [1] asset(s) in package [/Game/Walls/Material] ([1] browsable assets)...
[2018.01.09-14.26.59:748][394]OBJ SavePackage:     Rendered thumbnail for [Material /Game/Walls/Material.Material]
[2018.01.09-14.26.59:748][394]OBJ SavePackage: Finished generating thumbnails for package [/Game/Walls/Material]
[2018.01.09-14.26.59:828][394]LogSavePackage: Save=37.12ms
[2018.01.09-14.26.59:828][394]LogSavePackage: Moving '../../../../../../Users/sam/Desktop/ProjectCatacombs/ProjectCatacombs/ProjectCatacombs/Saved/Material_Auto16FE7F851413C7855EFFE5D9BF09FDD00.tmp' to '../../../../../../Users/sam/Desktop/ProjectCatacombs/ProjectCatacombs/ProjectCatacombs/Saved/Autosaves/Game/Walls/Material_Auto1.uasset'
[2018.01.09-14.26.59:829][394]LogSavePackage: Display: Finished SavePackage ../../../../../../Users/sam/Desktop/ProjectCatacombs/ProjectCatacombs/ProjectCatacombs/Saved/Autosaves/Game/Walls/Material_Auto1.uasset
[2018.01.09-14.26.59:829][394]LogFileHelpers: Auto-saving content packages took 0.464
[2018.01.09-14.36.16:677][336]LogActorFactory: Actor Factory created wall
[2018.01.09-14.36.18:464][493]LogActorFactory: Actor Factory created wall
[2018.01.09-14.36.43:831][627]LogTemp: Repeating last play command: Selected Viewport
[2018.01.09-14.36.44:352][627]LogBlueprintUserMessages: Early PlayInEditor Detection: Level '/Game/FirstPersonBP/Maps/FirstPersonExampleMap.FirstPersonExampleMap:PersistentLevel' has LevelScriptBlueprint '/Game/FirstPersonBP/Maps/FirstPersonExampleMap.FirstPersonExampleMap:PersistentLevel.FirstPersonExampleMap' with GeneratedClass '/Game/FirstPersonBP/Maps/FirstPersonExampleMap.FirstPersonExampleMap_C' with ClassGeneratedBy '/Game/FirstPersonBP/Maps/FirstPersonExampleMap.FirstPersonExampleMap:PersistentLevel.FirstPersonExampleMap'
[2018.01.09-14.36.44:466][627]LogPlayLevel: PlayLevel: No blueprints needed recompiling
[2018.01.09-14.36.44:626][627]PIE: New page: PIE session: FirstPersonExampleMap (9 Jan 2018 18:36:44)
[2018.01.09-14.36.44:626][627]LogPlayLevel: Creating play world package: /Game/FirstPersonBP/Maps/UEDPIE_0_FirstPersonExampleMap
[2018.01.09-14.36.45:586][627]LogPlayLevel: PIE: StaticDuplicateObject took: (0.951618s)
[2018.01.09-14.36.46:579][627]LogAIModule: Creating AISystem for world FirstPersonExampleMap
[2018.01.09-14.36.46:744][627]LogPlayLevel: PIE: World Init took: (1.145482s)
[2018.01.09-14.36.46:744][627]LogPlayLevel: PIE: Created PIE world by copying editor world from /Game/FirstPersonBP/Maps/FirstPersonExampleMap.FirstPersonExampleMap to /Game/FirstPersonBP/Maps/UEDPIE_0_FirstPersonExampleMap.FirstPersonExampleMap (2.118024s)
[2018.01.09-14.36.47:636][627]LogInit: XAudio2 using 'Speakers (Turtle Beach Recon 320)' : 2 channels at 44.1 kHz using 16 bits per sample (channel mask 0x3)
[2018.01.09-14.36.47:682][627]LogInit: FAudioDevice initialized.
[2018.01.09-14.36.48:303][627]LogLoad: Game class is 'FirstPersonGameMode_C'
[2018.01.09-14.36.50:190][627]LogWorld: Bringing World /Game/FirstPersonBP/Maps/UEDPIE_0_FirstPersonExampleMap.FirstPersonExampleMap up for play (max tick rate 0) at 2018.01.09-16.36.50
[2018.01.09-14.36.50:829][627]LogWorld: Bringing up level for play took: 1.865227
[2018.01.09-14.36.51:380][627]PIE: Play in editor start time for /Game/FirstPersonBP/Maps/UEDPIE_0_FirstPersonExampleMap 7.39
[2018.01.09-14.36.51:380][627]LogBlueprintUserMessages: Late PlayInEditor Detection: Level '/Game/FirstPersonBP/Maps/FirstPersonExampleMap.FirstPersonExampleMap:PersistentLevel' has LevelScriptBlueprint '/Game/FirstPersonBP/Maps/FirstPersonExampleMap.FirstPersonExampleMap:PersistentLevel.FirstPersonExampleMap' with GeneratedClass '/Game/FirstPersonBP/Maps/FirstPersonExampleMap.FirstPersonExampleMap_C' with ClassGeneratedBy '/Game/FirstPersonBP/Maps/FirstPersonExampleMap.FirstPersonExampleMap:PersistentLevel.FirstPersonExampleMap'
[2018.01.09-14.37.49:330][261]LogBlueprintUserMessages: Early EndPlayMap Detection: Level '/Game/FirstPersonBP/Maps/FirstPersonExampleMap.FirstPersonExampleMap:PersistentLevel' has LevelScriptBlueprint '/Game/FirstPersonBP/Maps/FirstPersonExampleMap.FirstPersonExampleMap:PersistentLevel.FirstPersonExampleMap' with GeneratedClass '/Game/FirstPersonBP/Maps/FirstPersonExampleMap.FirstPersonExampleMap_C' with ClassGeneratedBy '/Game/FirstPersonBP/Maps/FirstPersonExampleMap.FirstPersonExampleMap:PersistentLevel.FirstPersonExampleMap'
[2018.01.09-14.37.49:794][261]LogBlueprintUserMessages: Late EndPlayMap Detection: Level '/Game/FirstPersonBP/Maps/FirstPersonExampleMap.FirstPersonExampleMap:PersistentLevel' has LevelScriptBlueprint '/Game/FirstPersonBP/Maps/FirstPersonExampleMap.FirstPersonExampleMap:PersistentLevel.FirstPersonExampleMap' with GeneratedClass '/Game/FirstPersonBP/Maps/FirstPersonExampleMap.FirstPersonExampleMap_C' with ClassGeneratedBy '/Game/FirstPersonBP/Maps/FirstPersonExampleMap.FirstPersonExampleMap:PersistentLevel.FirstPersonExampleMap'
[2018.01.09-14.38.04:523][299]LogMaterial: Missing cached shader map for material M_SkyBox, compiling. 
[2018.01.09-14.38.05:320][299]LogMaterial: Missing cached shader map for material GridMaterial, compiling. 
[2018.01.09-14.38.21:820][300]LogRenderer: Reallocating scene render targets to support 928x548 Format 10 NumSamples 1 (Frame:1).
[2018.01.09-14.38.23:524][304]LogSlate: Took 0.041588 seconds to synchronously load lazily loaded font '../../../Engine/Content/Slate/Fonts/Roboto-Light.ttf' (159K)
[2018.01.09-14.38.40:246][247]LogSavePackage: Save=1860.83ms
[2018.01.09-14.38.40:246][247]LogSavePackage: Moving '../../../../../../Users/sam/Desktop/ProjectCatacombs/ProjectCatacombs/ProjectCatacombs/Saved/FirstPersonExampleMap_Auto29AAA173D4582066701D46C86400A6026.tmp' to '../../../../../../Users/sam/Desktop/ProjectCatacombs/ProjectCatacombs/ProjectCatacombs/Saved/Autosaves/Game/FirstPersonBP/Maps/FirstPersonExampleMap_Auto2.umap'
[2018.01.09-14.38.40:247][247]LogSavePackage: Display: Finished SavePackage ../../../../../../Users/sam/Desktop/ProjectCatacombs/ProjectCatacombs/ProjectCatacombs/Saved/Autosaves/Game/FirstPersonBP/Maps/FirstPersonExampleMap_Auto2.umap
[2018.01.09-14.38.40:317][247]LogFileHelpers: Editor autosave (incl. sublevels) for '/Game/FirstPersonBP/Maps/FirstPersonExampleMap' took 2.415
[2018.01.09-14.38.40:330][247]LogFileHelpers: Editor autosave (incl. sublevels) for all levels took 2.415
[2018.01.09-14.40.55:684][495]LogFactory: FactoryCreateFile: StaticMesh with FbxFactory (0 0 ../../../../../../Users/sam/Desktop/ProjectCatacombs/wall.fbx)
[2018.01.09-14.40.55:689][495]LogFbx: ItemName: GlobalSettings, ItemCount : 1
[2018.01.09-14.40.55:689][495]LogFbx: ItemName: Geometry, ItemCount : 1
[2018.01.09-14.40.55:689][495]LogFbx: ItemName: Model, ItemCount : 1
[2018.01.09-14.40.55:689][495]LogFbx: ItemName: Material, ItemCount : 1
[2018.01.09-14.40.55:693][495]LogFbx: Loading FBX Scene from ../../../../../../Users/sam/Desktop/ProjectCatacombs/wall.fbx
[2018.01.09-14.40.55:699][495]LogFbx: FBX Scene Loaded Succesfully
[2018.01.09-14.43.06:065][691]LogFactory: FactoryCreateFile: StaticMesh with FbxFactory (0 0 ../../../../../../Users/sam/Desktop/ProjectCatacombs/wall.fbx)
[2018.01.09-14.43.06:069][691]LogFbx: ItemName: GlobalSettings, ItemCount : 1
[2018.01.09-14.43.06:069][691]LogFbx: ItemName: Geometry, ItemCount : 1
[2018.01.09-14.43.06:069][691]LogFbx: ItemName: Model, ItemCount : 1
[2018.01.09-14.43.06:069][691]LogFbx: ItemName: Material, ItemCount : 1
[2018.01.09-14.43.06:074][691]LogFbx: Loading FBX Scene from ../../../../../../Users/sam/Desktop/ProjectCatacombs/wall.fbx
[2018.01.09-14.43.06:079][691]LogFbx: FBX Scene Loaded Succesfully
[2018.01.09-14.43.13:530][691]LogFbx: Loading FBX Scene from ../../../../../../Users/sam/Desktop/ProjectCatacombs/wall.fbx
[2018.01.09-14.43.13:536][691]LogFbx: FBX Scene Loaded Succesfully
[2018.01.09-14.43.13:557][691]LogStaticMesh: Building static mesh wall...
[2018.01.09-14.43.13:557][691]LogStaticMesh: Built static mesh [0.00s] /Game/Walls/wall.wall
[2018.01.09-14.43.13:557][691]LogStaticMesh: Warning: wall has degenerate tangent bases which will result in incorrect shading.  MikkTSpace relies on tangent bases and may result in mesh corruption, consider disabling this option.
[2018.01.09-14.43.13:558][691]LogStaticMesh: Warning: wall has some nearly zero bi-normals which can create some issues. (Tolerance of 1E-4)
[2018.01.09-14.43.13:614][691]FBXImport: Warning: No smoothing group information was found in this FBX scene.  Please make sure to enable the 'Export Smoothing Groups' option in the FBX Exporter plug-in before exporting the file.  Even for tools that don't support smoothing groups, the FBX Exporter will generate appropriate smoothing data at export-time so that correct vertex normals can be inferred while importing. 
[2018.01.09-14.43.13:614][691]FBXImport: Warning: wall has degenerate tangent bases which will result in incorrect shading.  MikkTSpace relies on tangent bases and may result in mesh corruption, consider disabling this option. 
[2018.01.09-14.43.13:614][691]FBXImport: Warning: wall has some nearly zero bi-normals which can create some issues. (Tolerance of 1E-4) 
[2018.01.09-14.44.02:372][ 67]LogActorFactory: Actor Factory created wall
[2018.01.09-14.44.03:120][150]LogActorFactory: Actor Factory created wall
[2018.01.09-14.44.17:726][704]LogEditorViewport: Clicking on Actor (LMB): StaticMeshActor (wall2)
[2018.01.09-14.44.19:499][857]LogEditorViewport: Clicking on Actor (LMB): StaticMeshActor (wall2)
[2018.01.09-14.44.23:661][271]LogEditorViewport: Clicking Background
[2018.01.09-14.44.29:250][921]LogEditorViewport: Clicking Background
[2018.01.09-14.44.31:137][129]LogEditorViewport: Clicking on Actor (LMB): StaticMeshActor (wall2)
[2018.01.09-14.44.32:524][271]LogEditorViewport: Clicking Background
[2018.01.09-14.44.33:244][350]LogEditorViewport: Clicking on Actor (LMB): StaticMeshActor (wall2)
[2018.01.09-14.44.37:536][828]LogEditorViewport: Clicking on Actor (LMB): StaticMeshActor (wall2)
[2018.01.09-14.45.14:022][767]LogEditorViewport: Clicking on Actor (context menu): StaticMeshActor (Floor)
[2018.01.09-14.45.15:638][865]LogEditorViewport: Clicking Background
[2018.01.09-14.45.16:448][961]LogEditorViewport: Clicking on Actor (LMB): StaticMeshActor (wall2)
[2018.01.09-14.45.31:845][600]Cmd: TRANSACTION UNDO
[2018.01.09-14.45.31:845][600]LogEditorTransaction: Undo Move Actors
[2018.01.09-14.45.33:285][729]LogEditorViewport: Clicking on Actor (context menu): StaticMeshActor (wall2)
[2018.01.09-14.45.35:549][940]LogEditorViewport: Clicking on Actor (LMB): StaticMeshActor (wall2)
[2018.01.09-14.45.49:647][451]LogEditorViewport: Clicking Background
[2018.01.09-14.45.52:732][815]LogEditorViewport: Clicking on Actor (LMB): StaticMeshActor (wall2)
[2018.01.09-14.46.03:846][ 66]Cmd: MODE GRID=0
[2018.01.09-14.46.07:127][400]Cmd: MODE GRID=1
[2018.01.09-14.48.41:315][ 82]LogSavePackage: Save=192.64ms
[2018.01.09-14.48.41:315][ 82]LogSavePackage: Moving '../../../../../../Users/sam/Desktop/ProjectCatacombs/ProjectCatacombs/ProjectCatacombs/Saved/FirstPersonExampleMap_Auto380F0BB88453ADF22E4490BAD89553742.tmp' to '../../../../../../Users/sam/Desktop/ProjectCatacombs/ProjectCatacombs/ProjectCatacombs/Saved/Autosaves/Game/FirstPersonBP/Maps/FirstPersonExampleMap_Auto3.umap'
[2018.01.09-14.48.41:316][ 82]LogSavePackage: Display: Finished SavePackage ../../../../../../Users/sam/Desktop/ProjectCatacombs/ProjectCatacombs/ProjectCatacombs/Saved/Autosaves/Game/FirstPersonBP/Maps/FirstPersonExampleMap_Auto3.umap
[2018.01.09-14.48.41:317][ 82]LogFileHelpers: Editor autosave (incl. sublevels) for '/Game/FirstPersonBP/Maps/FirstPersonExampleMap' took 0.446
[2018.01.09-14.48.41:317][ 82]LogFileHelpers: Editor autosave (incl. sublevels) for all levels took 0.446
[2018.01.09-14.48.41:330][ 82]OBJ SavePackage: Generating thumbnails for [1] asset(s) in package [/Game/Walls/wall] ([1] browsable assets)...
[2018.01.09-14.48.41:357][ 82]OBJ SavePackage:     Rendered thumbnail for [StaticMesh /Game/Walls/wall.wall]
[2018.01.09-14.48.41:357][ 82]OBJ SavePackage: Finished generating thumbnails for package [/Game/Walls/wall]
[2018.01.09-14.48.41:368][ 82]LogSavePackage: Save=10.28ms
[2018.01.09-14.48.41:368][ 82]LogSavePackage: Moving '../../../../../../Users/sam/Desktop/ProjectCatacombs/ProjectCatacombs/ProjectCatacombs/Saved/wall_Auto30EA4E9E04DE8456EDFA7CFA0F83D760E.tmp' to '../../../../../../Users/sam/Desktop/ProjectCatacombs/ProjectCatacombs/ProjectCatacombs/Saved/Autosaves/Game/Walls/wall_Auto3.uasset'
[2018.01.09-14.48.41:369][ 82]LogSavePackage: Display: Finished SavePackage ../../../../../../Users/sam/Desktop/ProjectCatacombs/ProjectCatacombs/ProjectCatacombs/Saved/Autosaves/Game/Walls/wall_Auto3.uasset
[2018.01.09-14.48.41:369][ 82]LogFileHelpers: Auto-saving content packages took 0.051
[2018.01.09-14.49.28:405][290]LogTemp: Repeating last play command: Selected Viewport
[2018.01.09-14.49.28:417][290]LogBlueprintUserMessages: Early PlayInEditor Detection: Level '/Game/FirstPersonBP/Maps/FirstPersonExampleMap.FirstPersonExampleMap:PersistentLevel' has LevelScriptBlueprint '/Game/FirstPersonBP/Maps/FirstPersonExampleMap.FirstPersonExampleMap:PersistentLevel.FirstPersonExampleMap' with GeneratedClass '/Game/FirstPersonBP/Maps/FirstPersonExampleMap.FirstPersonExampleMap_C' with ClassGeneratedBy '/Game/FirstPersonBP/Maps/FirstPersonExampleMap.FirstPersonExampleMap:PersistentLevel.FirstPersonExampleMap'
[2018.01.09-14.49.28:417][290]LogPlayLevel: PlayLevel: No blueprints needed recompiling
[2018.01.09-14.49.28:417][290]PIE: New page: PIE session: FirstPersonExampleMap (9 Jan 2018 18:49:28)
[2018.01.09-14.49.28:417][290]LogPlayLevel: Creating play world package: /Game/FirstPersonBP/Maps/UEDPIE_0_FirstPersonExampleMap
[2018.01.09-14.49.28:436][290]LogPlayLevel: PIE: StaticDuplicateObject took: (0.018808s)
[2018.01.09-14.49.28:450][290]LogAIModule: Creating AISystem for world FirstPersonExampleMap
[2018.01.09-14.49.28:450][290]LogPlayLevel: PIE: World Init took: (0.014194s)
[2018.01.09-14.49.28:450][290]LogPlayLevel: PIE: Created PIE world by copying editor world from /Game/FirstPersonBP/Maps/FirstPersonExampleMap.FirstPersonExampleMap to /Game/FirstPersonBP/Maps/UEDPIE_0_FirstPersonExampleMap.FirstPersonExampleMap (0.033360s)
[2018.01.09-14.49.28:523][290]LogInit: XAudio2 using 'Speakers (Turtle Beach Recon 320)' : 2 channels at 44.1 kHz using 16 bits per sample (channel mask 0x3)
[2018.01.09-14.49.28:527][290]LogInit: FAudioDevice initialized.
[2018.01.09-14.49.28:554][290]LogLoad: Game class is 'FirstPersonGameMode_C'
[2018.01.09-14.49.28:556][290]LogWorld: Bringing World /Game/FirstPersonBP/Maps/UEDPIE_0_FirstPersonExampleMap.FirstPersonExampleMap up for play (max tick rate 0) at 2018.01.09-16.49.28
[2018.01.09-14.49.28:557][290]LogWorld: Bringing up level for play took: 0.001698
[2018.01.09-14.49.28:558][290]PIE: Play in editor start time for /Game/FirstPersonBP/Maps/UEDPIE_0_FirstPersonExampleMap 0.606
[2018.01.09-14.49.28:558][290]LogBlueprintUserMessages: Late PlayInEditor Detection: Level '/Game/FirstPersonBP/Maps/FirstPersonExampleMap.FirstPersonExampleMap:PersistentLevel' has LevelScriptBlueprint '/Game/FirstPersonBP/Maps/FirstPersonExampleMap.FirstPersonExampleMap:PersistentLevel.FirstPersonExampleMap' with GeneratedClass '/Game/FirstPersonBP/Maps/FirstPersonExampleMap.FirstPersonExampleMap_C' with ClassGeneratedBy '/Game/FirstPersonBP/Maps/FirstPersonExampleMap.FirstPersonExampleMap:PersistentLevel.FirstPersonExampleMap'
[2018.01.09-15.00.24:403][949]LogBlueprintUserMessages: Early EndPlayMap Detection: Level '/Game/FirstPersonBP/Maps/FirstPersonExampleMap.FirstPersonExampleMap:PersistentLevel' has LevelScriptBlueprint '/Game/FirstPersonBP/Maps/FirstPersonExampleMap.FirstPersonExampleMap:PersistentLevel.FirstPersonExampleMap' with GeneratedClass '/Game/FirstPersonBP/Maps/FirstPersonExampleMap.FirstPersonExampleMap_C' with ClassGeneratedBy '/Game/FirstPersonBP/Maps/FirstPersonExampleMap.FirstPersonExampleMap:PersistentLevel.FirstPersonExampleMap'
[2018.01.09-15.00.24:452][949]LogBlueprintUserMessages: Late EndPlayMap Detection: Level '/Game/FirstPersonBP/Maps/FirstPersonExampleMap.FirstPersonExampleMap:PersistentLevel' has LevelScriptBlueprint '/Game/FirstPersonBP/Maps/FirstPersonExampleMap.FirstPersonExampleMap:PersistentLevel.FirstPersonExampleMap' with GeneratedClass '/Game/FirstPersonBP/Maps/FirstPersonExampleMap.FirstPersonExampleMap_C' with ClassGeneratedBy '/Game/FirstPersonBP/Maps/FirstPersonExampleMap.FirstPersonExampleMap:PersistentLevel.FirstPersonExampleMap'
[2018.01.09-15.01.12:406][812]LogEditorViewport: Clicking on Actor (context menu): StaticMeshActor (wall2)
[2018.01.09-15.01.32:910][182]Cmd: MODE GRID=0
[2018.01.09-15.01.42:752][340]Cmd: MODE GRID=1
[2018.01.09-15.01.44:707][568]Cmd: MODE GRID=0
[2018.01.09-15.01.45:704][685]Cmd: MODE GRID=1
[2018.01.09-15.06.09:410][495]Cmd: EDIT COPY
[2018.01.09-15.06.09:690][519]Cmd: EDIT PASTE
[2018.01.09-15.09.38:104][378]LogSavePackage: Save=126.27ms
[2018.01.09-15.09.38:104][378]LogSavePackage: Moving '../../../../../../Users/sam/Desktop/ProjectCatacombs/ProjectCatacombs/ProjectCatacombs/Saved/FirstPersonExampleMap_Auto4D14A1B244E7DEADE2F7962A7313C4970.tmp' to '../../../../../../Users/sam/Desktop/ProjectCatacombs/ProjectCatacombs/ProjectCatacombs/Saved/Autosaves/Game/FirstPersonBP/Maps/FirstPersonExampleMap_Auto4.umap'
[2018.01.09-15.09.38:105][378]LogSavePackage: Display: Finished SavePackage ../../../../../../Users/sam/Desktop/ProjectCatacombs/ProjectCatacombs/ProjectCatacombs/Saved/Autosaves/Game/FirstPersonBP/Maps/FirstPersonExampleMap_Auto4.umap
[2018.01.09-15.09.38:107][378]LogFileHelpers: Editor autosave (incl. sublevels) for '/Game/FirstPersonBP/Maps/FirstPersonExampleMap' took 0.165
[2018.01.09-15.09.38:107][378]LogFileHelpers: Editor autosave (incl. sublevels) for all levels took 0.165
[2018.01.09-16.46.02:799][741]Cmd: DELETE
[2018.01.09-16.46.02:799][741]Cmd: ACTOR DELETE
[2018.01.09-16.46.02:856][741]LogEditorActor: Deleted Actor: StaticMeshActor
[2018.01.09-16.46.02:866][741]LogEditorActor: Deleted 1 Actors (0.046 secs)
[2018.01.09-16.46.06:068][ 80]LogSavePackage: Save=118.70ms
[2018.01.09-16.46.06:068][ 80]LogSavePackage: Moving '../../../../../../Users/sam/Desktop/ProjectCatacombs/ProjectCatacombs/ProjectCatacombs/Saved/FirstPersonExampleMap86D0574A48E1BFF964C09EA9F8AC7894.tmp' to '../../../../../../Users/sam/Desktop/ProjectCatacombs/ProjectCatacombs/ProjectCatacombs/Content/FirstPersonBP/Maps/FirstPersonExampleMap.umap'
[2018.01.09-16.46.06:071][ 80]LogSavePackage: Display: Finished SavePackage ../../../../../../Users/sam/Desktop/ProjectCatacombs/ProjectCatacombs/ProjectCatacombs/Content/FirstPersonBP/Maps/FirstPersonExampleMap.umap
[2018.01.09-16.46.06:484][ 80]LogSavePackage: Save=260.14ms
[2018.01.09-16.46.06:484][ 80]LogSavePackage: Moving '../../../../../../Users/sam/Desktop/ProjectCatacombs/ProjectCatacombs/ProjectCatacombs/Saved/FirstPersonExampleMap_BuiltData06F6092C4308BEAD631F0082CD4671DD.tmp' to '../../../../../../Users/sam/Desktop/ProjectCatacombs/ProjectCatacombs/ProjectCatacombs/Content/FirstPersonBP/Maps/FirstPersonExampleMap_BuiltData.uasset'
[2018.01.09-16.46.06:485][ 80]LogSavePackage: Display: Finished SavePackage ../../../../../../Users/sam/Desktop/ProjectCatacombs/ProjectCatacombs/ProjectCatacombs/Content/FirstPersonBP/Maps/FirstPersonExampleMap_BuiltData.uasset
[2018.01.09-16.46.11:365][232]Cmd: OBJ SAVEPACKAGE PACKAGE="/Game/Walls/Material" FILE="../../../../../../Users/sam/Desktop/ProjectCatacombs/ProjectCatacombs/ProjectCatacombs/Content/Walls/Material.uasset" SILENT=true
[2018.01.09-16.46.11:398][232]LogSavePackage: Save=30.34ms
[2018.01.09-16.46.11:398][232]LogSavePackage: Moving '../../../../../../Users/sam/Desktop/ProjectCatacombs/ProjectCatacombs/ProjectCatacombs/Saved/Material046810664CE6F0426F0F11A26FEAA67D.tmp' to '../../../../../../Users/sam/Desktop/ProjectCatacombs/ProjectCatacombs/ProjectCatacombs/Content/Walls/Material.uasset'
[2018.01.09-16.46.11:400][232]LogSavePackage: Display: Finished SavePackage ../../../../../../Users/sam/Desktop/ProjectCatacombs/ProjectCatacombs/ProjectCatacombs/Content/Walls/Material.uasset
[2018.01.09-16.46.11:430][232]Cmd: OBJ SAVEPACKAGE PACKAGE="/Game/Walls/wall" FILE="../../../../../../Users/sam/Desktop/ProjectCatacombs/ProjectCatacombs/ProjectCatacombs/Content/Walls/wall.uasset" SILENT=true
[2018.01.09-16.46.11:449][232]LogSavePackage: Save=17.93ms
[2018.01.09-16.46.11:449][232]LogSavePackage: Moving '../../../../../../Users/sam/Desktop/ProjectCatacombs/ProjectCatacombs/ProjectCatacombs/Saved/wallA4B6A4674577012A6672498F37E37812.tmp' to '../../../../../../Users/sam/Desktop/ProjectCatacombs/ProjectCatacombs/ProjectCatacombs/Content/Walls/wall.uasset'
[2018.01.09-16.46.11:452][232]LogSavePackage: Display: Finished SavePackage ../../../../../../Users/sam/Desktop/ProjectCatacombs/ProjectCatacombs/ProjectCatacombs/Content/Walls/wall.uasset
[2018.01.09-16.46.11:601][232]LogWindowsTextInputMethodSystem: Display: IME system now deactivated.
[2018.01.09-16.46.13:367][233]Cmd: QUIT_EDITOR
[2018.01.09-16.46.14:783][233]LogExit: Preparing to exit.
[2018.01.09-16.46.17:081][233]LogDirectoryWatcher: A directory notification for 'C:/Users/sam/Desktop/ProjectCatacombs/ProjectCatacombs/ProjectCatacombs/Content/' was aborted.
[2018.01.09-16.46.17:954][233]LogExit: Editor shut down
[2018.01.09-16.46.17:973][233]LogExit: Transaction tracking system shut down
[2018.01.09-16.46.19:045][233]LogDirectoryWatcher: A directory notification for '../../../Engine/Content/' was aborted.
[2018.01.09-16.46.19:045][233]LogDirectoryWatcher: A directory notification for '../../../../../../Users/sam/Desktop/ProjectCatacombs/ProjectCatacombs/ProjectCatacombs/Content/' was aborted.
[2018.01.09-16.46.19:045][233]LogDirectoryWatcher: A directory notification for '../../../Engine/Plugins/2D/Paper2D/Content/' was aborted.
[2018.01.09-16.46.19:045][233]LogDirectoryWatcher: A directory notification for '../../../Engine/Plugins/Media/MediaCompositing/Content/' was aborted.
[2018.01.09-16.46.19:046][233]LogDirectoryWatcher: A directory notification for '../../../Engine/Plugins/Runtime/AppleARKit/Content/' was aborted.
[2018.01.09-16.46.19:046][233]LogDirectoryWatcher: A directory notification for '../../../Engine/Plugins/Runtime/Oculus/OculusVR/Content/' was aborted.
[2018.01.09-16.46.19:046][233]LogDirectoryWatcher: A directory notification for '../../../Engine/Plugins/Runtime/Steam/SteamVR/Content/' was aborted.
[2018.01.09-16.46.21:032][233]LogExit: Object subsystem successfully closed.
[2018.01.09-16.46.21:441][233]LogD3D11RHI: Shutdown
[2018.01.09-16.46.21:441][233]LogD3D11RHI: CleanupD3DDevice
[2018.01.09-16.46.21:744][233]LogD3D11RHI: ~FD3D11DynamicRHI
[2018.01.09-16.46.23:177][233]LogModuleManager: Shutting down and abandoning module HierarchicalLODUtilities (554)
[2018.01.09-16.46.23:177][233]LogModuleManager: Shutting down and abandoning module StaticMeshEditor (552)
[2018.01.09-16.46.23:177][233]LogModuleManager: Shutting down and abandoning module MovieSceneCapture (550)
[2018.01.09-16.46.23:177][233]LogModuleManager: Shutting down and abandoning module HierarchicalLODOutliner (548)
[2018.01.09-16.46.23:177][233]LogModuleManager: Shutting down and abandoning module SceneOutliner (546)
[2018.01.09-16.46.23:177][233]LogModuleManager: Shutting down and abandoning module AddContentDialog (544)
[2018.01.09-16.46.23:197][233]LogDirectoryWatcher: A directory notification for 'C:/Program Files/Epic Games/UE_4.18/FeaturePacks/' was aborted.
[2018.01.09-16.46.23:300][233]LogModuleManager: Shutting down and abandoning module WidgetCarousel (543)
[2018.01.09-16.46.23:300][233]LogModuleManager: Shutting down and abandoning module EditorWidgets (540)
[2018.01.09-16.46.23:300][233]LogModuleManager: Shutting down and abandoning module CollectionManager (538)
[2018.01.09-16.46.23:311][233]LogDirectoryWatcher: A directory notification for 'C:/Users/sam/Desktop/ProjectCatacombs/ProjectCatacombs/ProjectCatacombs/Content/Collections/' was aborted.
[2018.01.09-16.46.23:312][233]LogDirectoryWatcher: A directory notification for 'C:/Users/sam/Desktop/ProjectCatacombs/ProjectCatacombs/ProjectCatacombs/Content/Developers/sam/Collections/' was aborted.
[2018.01.09-16.46.23:312][233]LogDirectoryWatcher: A directory notification for 'C:/Users/sam/Desktop/ProjectCatacombs/ProjectCatacombs/ProjectCatacombs/Saved/Collections/' was aborted.
[2018.01.09-16.46.23:312][233]LogModuleManager: Shutting down and abandoning module StatsViewer (536)
[2018.01.09-16.46.23:347][233]LogModuleManager: Shutting down and abandoning module FoliageEdit (534)
[2018.01.09-16.46.23:358][233]LogModuleManager: Shutting down and abandoning module LandscapeEditor (532)
[2018.01.09-16.46.23:397][233]LogModuleManager: Shutting down and abandoning module MeshPaintMode (530)
[2018.01.09-16.46.23:407][233]LogModuleManager: Shutting down and abandoning module SceneDepthPickerMode (528)
[2018.01.09-16.46.23:407][233]LogModuleManager: Shutting down and abandoning module ActorPickerMode (526)
[2018.01.09-16.46.23:407][233]LogModuleManager: Shutting down and abandoning module GeometryMode (524)
[2018.01.09-16.46.23:407][233]LogModuleManager: Shutting down and abandoning module TextureAlignMode (522)
[2018.01.09-16.46.23:407][233]LogModuleManager: Shutting down and abandoning module BspMode (520)
[2018.01.09-16.46.23:415][233]LogModuleManager: Shutting down and abandoning module PIEPreviewDeviceProfileSelector (518)
[2018.01.09-16.46.23:415][233]LogModuleManager: Shutting down and abandoning module HardwareSurvey (516)
[2018.01.09-16.46.23:415][233]LogModuleManager: Shutting down and abandoning module SequenceRecorderSections (514)
[2018.01.09-16.46.23:415][233]LogModuleManager: Shutting down and abandoning module AutomationWorker (512)
[2018.01.09-16.46.23:423][233]LogModuleManager: Shutting down and abandoning module MatineeToLevelSequence (510)
[2018.01.09-16.46.23:423][233]LogModuleManager: Shutting down and abandoning module LevelSequenceEditor (508)
[2018.01.09-16.46.23:471][233]LogModuleManager: Shutting down and abandoning module PlacementMode (507)
[2018.01.09-16.46.23:472][233]LogModuleManager: Shutting down and abandoning module WmfMediaFactory (504)
[2018.01.09-16.46.23:472][233]LogModuleManager: Shutting down and abandoning module WmfMediaEditor (502)
[2018.01.09-16.46.23:472][233]LogModuleManager: Shutting down and abandoning module OpenExrWrapper (500)
[2018.01.09-16.46.23:472][233]LogModuleManager: Shutting down and abandoning module ImgMediaFactory (498)
[2018.01.09-16.46.23:472][233]LogModuleManager: Shutting down and abandoning module ImgMediaEditor (496)
[2018.01.09-16.46.23:472][233]LogModuleManager: Shutting down and abandoning module AvfMediaFactory (494)
[2018.01.09-16.46.23:472][233]LogModuleManager: Shutting down and abandoning module AvfMediaEditor (492)
[2018.01.09-16.46.23:472][233]LogModuleManager: Shutting down and abandoning module AndroidMediaFactory (490)
[2018.01.09-16.46.23:472][233]LogModuleManager: Shutting down and abandoning module AndroidMediaEditor (488)
[2018.01.09-16.46.23:472][233]LogModuleManager: Shutting down and abandoning module CharacterAI (486)
[2018.01.09-16.46.23:472][233]LogModuleManager: Shutting down and abandoning module AudioCapture (484)
[2018.01.09-16.46.23:478][233]LogModuleManager: Shutting down and abandoning module SequenceRecorder (483)
[2018.01.09-16.46.23:478][233]LogModuleManager: Shutting down and abandoning module SmartSnapping (480)
[2018.01.09-16.46.23:479][233]LogModuleManager: Shutting down and abandoning module SessionServices (478)
[2018.01.09-16.46.23:479][233]LogModuleManager: Shutting down and abandoning module ViewportSnapping (476)
[2018.01.09-16.46.23:479][233]LogModuleManager: Shutting down and abandoning module ViewportInteraction (474)
[2018.01.09-16.46.23:479][233]LogModuleManager: Shutting down and abandoning module ClothPainter (472)
[2018.01.09-16.46.23:541][233]LogModuleManager: Shutting down and abandoning module SkeletalMeshEditor (471)
[2018.01.09-16.46.23:559][233]LogModuleManager: Shutting down and abandoning module LogVisualizer (468)
[2018.01.09-16.46.23:587][233]LogModuleManager: Shutting down and abandoning module IntroTutorials (466)
[2018.01.09-16.46.23:647][233]LogModuleManager: Shutting down and abandoning module GameProjectGeneration (465)
[2018.01.09-16.46.23:728][233]LogModuleManager: Shutting down and abandoning module IOSPlatformEditor (462)
[2018.01.09-16.46.23:740][233]LogModuleManager: Shutting down and abandoning module HTML5PlatformEditor (460)
[2018.01.09-16.46.23:740][233]LogModuleManager: Shutting down and abandoning module AndroidPlatformEditor (458)
[2018.01.09-16.46.23:740][233]LogModuleManager: Shutting down and abandoning module AndroidDeviceDetection (457)
[2018.01.09-16.46.24:754][233]LogModuleManager: Shutting down and abandoning module WindowsPlatformEditor (454)
[2018.01.09-16.46.24:754][233]LogModuleManager: Shutting down and abandoning module IOSRuntimeSettings (452)
[2018.01.09-16.46.24:754][233]LogModuleManager: Shutting down and abandoning module AndroidRuntimeSettings (450)
[2018.01.09-16.46.24:755][233]LogModuleManager: Shutting down and abandoning module InputBindingEditor (448)
[2018.01.09-16.46.24:776][233]LogModuleManager: Shutting down and abandoning module MergeActors (446)
[2018.01.09-16.46.24:786][233]LogModuleManager: Shutting down and abandoning module SizeMap (444)
[2018.01.09-16.46.24:796][233]LogModuleManager: Shutting down and abandoning module TreeMap (442)
[2018.01.09-16.46.24:815][233]LogModuleManager: Shutting down and abandoning module ReferenceViewer (440)
[2018.01.09-16.46.24:827][233]LogModuleManager: Shutting down and abandoning module LocalizationDashboard (438)
[2018.01.09-16.46.24:867][233]LogModuleManager: Shutting down and abandoning module LocalizationService (437)
[2018.01.09-16.46.24:876][233]LogModuleManager: Shutting down and abandoning module HardwareTargeting (434)
[2018.01.09-16.46.24:876][233]LogModuleManager: Shutting down and abandoning module DeviceProfileEditor (432)
[2018.01.09-16.46.24:885][233]LogModuleManager: Shutting down and abandoning module UndoHistory (430)
[2018.01.09-16.46.24:896][233]LogModuleManager: Shutting down and abandoning module XmlParser (428)
[2018.01.09-16.46.24:908][233]LogModuleManager: Shutting down and abandoning module Blutility (426)
[2018.01.09-16.46.24:913][233]LogModuleManager: Shutting down and abandoning module ProjectSettingsViewer (424)
[2018.01.09-16.46.24:933][233]LogModuleManager: Shutting down and abandoning module ProjectTargetPlatformEditor (423)
[2018.01.09-16.46.24:938][233]LogModuleManager: Shutting down and abandoning module EditorSettingsViewer (420)
[2018.01.09-16.46.24:945][233]LogModuleManager: Shutting down and abandoning module SettingsEditor (418)
[2018.01.09-16.46.24:945][233]LogModuleManager: Shutting down and abandoning module ProjectLauncher (416)
[2018.01.09-16.46.24:959][233]LogModuleManager: Shutting down and abandoning module SessionFrontend (414)
[2018.01.09-16.46.24:974][233]LogModuleManager: Shutting down and abandoning module ProfilerClient (412)
[2018.01.09-16.46.24:988][233]LogModuleManager: Shutting down and abandoning module DeviceManager (410)
[2018.01.09-16.46.24:995][233]LogModuleManager: Shutting down and abandoning module TargetDeviceServices (409)
[2018.01.09-16.46.25:040][233]LogModuleManager: Shutting down and abandoning module AutomationController (406)
[2018.01.09-16.46.25:050][233]LogModuleManager: Shutting down and abandoning module AutomationWindow (404)
[2018.01.09-16.46.25:054][233]LogModuleManager: Shutting down and abandoning module Layers (402)
[2018.01.09-16.46.25:083][233]LogModuleManager: Shutting down and abandoning module ComponentVisualizers (400)
[2018.01.09-16.46.25:083][233]LogModuleManager: Shutting down and abandoning module DetailCustomizations (398)
[2018.01.09-16.46.25:098][233]LogModuleManager: Shutting down and abandoning module PackagesDialog (396)
[2018.01.09-16.46.25:098][233]LogModuleManager: Shutting down and abandoning module Persona (394)
[2018.01.09-16.46.25:110][233]LogModuleManager: Shutting down and abandoning module AdvancedPreviewScene (393)
[2018.01.09-16.46.25:110][233]LogModuleManager: Shutting down and abandoning module AnimGraph (391)
[2018.01.09-16.46.25:110][233]LogModuleManager: Shutting down and abandoning module Kismet (388)
[2018.01.09-16.46.25:139][233]LogModuleManager: Shutting down and abandoning module ClassViewer (386)
[2018.01.09-16.46.25:144][233]LogModuleManager: Shutting down and abandoning module Toolbox (384)
[2018.01.09-16.46.25:144][233]LogModuleManager: Shutting down and abandoning module ModuleUI (382)
[2018.01.09-16.46.25:152][233]LogModuleManager: Shutting down and abandoning module MovieSceneTools (380)
[2018.01.09-16.46.25:191][233]LogModuleManager: Shutting down and abandoning module OutputLog (378)
[2018.01.09-16.46.25:192][233]LogModuleManager: Shutting down and abandoning module GammaUI (376)
[2018.01.09-16.46.25:200][233]LogModuleManager: Shutting down and abandoning module Documentation (374)
[2018.01.09-16.46.25:200][233]LogModuleManager: Shutting down and abandoning module MovieSceneTracks (372)
[2018.01.09-16.46.25:200][233]LogModuleManager: Shutting down and abandoning module MovieScene (370)
[2018.01.09-16.46.25:200][233]LogModuleManager: Shutting down and abandoning module StreamingPauseRendering (368)
[2018.01.09-16.46.25:211][233]LogModuleManager: Shutting down and abandoning module LauncherPlatform (366)
[2018.01.09-16.46.25:211][233]LogModuleManager: Shutting down and abandoning module AnalyticsET (364)
[2018.01.09-16.46.25:211][233]LogModuleManager: Shutting down and abandoning module PortalServices (362)
[2018.01.09-16.46.25:211][233]LogModuleManager: Shutting down and abandoning module PortalRpc (360)
[2018.01.09-16.46.25:211][233]LogModuleManager: Shutting down and abandoning module MessagingRpc (358)
[2018.01.09-16.46.25:211][233]LogModuleManager: Shutting down and abandoning module AIModule (356)
[2018.01.09-16.46.25:236][233]LogModuleManager: Shutting down and abandoning module GameplayDebugger (355)
[2018.01.09-16.46.25:236][233]LogModuleManager: Shutting down and abandoning module AITestSuite (353)
[2018.01.09-16.46.25:242][233]LogModuleManager: Shutting down and abandoning module DesktopPlatform (350)
[2018.01.09-16.46.25:248][233]LogModuleManager: Shutting down and abandoning module ProfilerService (348)
[2018.01.09-16.46.25:498][233]LogModuleManager: Shutting down and abandoning module TaskGraph (346)
[2018.01.09-16.46.25:513][233]LogModuleManager: Shutting down and abandoning module SteamVRController (344)
[2018.01.09-16.46.25:513][233]LogModuleManager: Shutting down and abandoning module ProceduralMeshComponentEditor (342)
[2018.01.09-16.46.25:513][233]LogModuleManager: Shutting down and abandoning module ProceduralMeshComponent (340)
[2018.01.09-16.46.25:513][233]LogModuleManager: Shutting down and abandoning module OculusInput (338)
[2018.01.09-16.46.25:522][233]LogModuleManager: Shutting down and abandoning module MobilePatchingUtils (336)
[2018.01.09-16.46.25:522][233]LogModuleManager: Shutting down and abandoning module CustomMeshComponent (334)
[2018.01.09-16.46.25:523][233]LogModuleManager: Shutting down and abandoning module CableComponent (332)
[2018.01.09-16.46.25:542][233]LogModuleManager: Shutting down and abandoning module ArchVisCharacter (330)
[2018.01.09-16.46.25:543][233]LogModuleManager: Shutting down and abandoning module AndroidPermission (328)
[2018.01.09-16.46.25:543][233]LogModuleManager: Shutting down and abandoning module ActorSequence (324)
[2018.01.09-16.46.25:543][233]LogModuleManager: Shutting down and abandoning module MediaPlayerEditor (322)
[2018.01.09-16.46.25:556][233]LogModuleManager: Shutting down and abandoning module MediaCompositingEditor (320)
[2018.01.09-16.46.25:557][233]LogModuleManager: Shutting down and abandoning module MediaCompositing (318)
[2018.01.09-16.46.25:557][233]LogModuleManager: Shutting down and abandoning module HTML5Networking (316)
[2018.01.09-16.46.25:557][233]LogModuleManager: Shutting down and abandoning module AlembicImporter (314)
[2018.01.09-16.46.25:565][233]LogModuleManager: Shutting down and abandoning module AlembicLibrary (313)
[2018.01.09-16.46.25:565][233]LogModuleManager: Shutting down and abandoning module GeometryCache (312)
[2018.01.09-16.46.25:584][233]LogModuleManager: Shutting down and abandoning module GeometryCacheEd (311)
[2018.01.09-16.46.25:584][233]LogModuleManager: Shutting down and abandoning module SpeedTreeImporter (306)
[2018.01.09-16.46.25:584][233]LogModuleManager: Shutting down and abandoning module PluginBrowser (304)
[2018.01.09-16.46.25:628][233]LogModuleManager: Shutting down and abandoning module MobileLauncherProfileWizard (302)
[2018.01.09-16.46.25:635][233]LogModuleManager: Shutting down and abandoning module VisualStudioSourceCodeAccess (300)
[2018.01.09-16.46.25:635][233]LogModuleManager: Shutting down and abandoning module VisualStudioCodeSourceCodeAccess (298)
[2018.01.09-16.46.25:636][233]LogModuleManager: Shutting down and abandoning module UObjectPlugin (296)
[2018.01.09-16.46.25:636][233]LogModuleManager: Shutting down and abandoning module SubversionSourceControl (294)
[2018.01.09-16.46.25:669][233]LogModuleManager: Shutting down and abandoning module PerforceSourceControl (292)
[2018.01.09-16.46.25:674][233]LogModuleManager: Shutting down and abandoning module GitSourceControl (290)
[2018.01.09-16.46.25:693][233]LogModuleManager: Shutting down and abandoning module SourceControl (289)
[2018.01.09-16.46.25:719][233]LogModuleManager: Shutting down and abandoning module LightPropagationVolumeEditor (286)
[2018.01.09-16.46.25:719][233]LogModuleManager: Shutting down and abandoning module PaperTiledImporter (284)
[2018.01.09-16.46.25:719][233]LogModuleManager: Shutting down and abandoning module PaperSpriteSheetImporter (282)
[2018.01.09-16.46.25:719][233]LogModuleManager: Shutting down and abandoning module Paper2DEditor (280)
[2018.01.09-16.46.25:745][233]LogModuleManager: Shutting down and abandoning module MeshPaint (279)
[2018.01.09-16.46.25:758][233]LogModuleManager: Shutting down and abandoning module LevelEditor (277)
[2018.01.09-16.46.25:794][233]LogModuleManager: Shutting down and abandoning module PixelInspectorModule (276)
[2018.01.09-16.46.25:802][233]LogModuleManager: Shutting down and abandoning module MainFrame (274)
[2018.01.09-16.46.25:803][233]LogModuleManager: Shutting down and abandoning module HotReload (273)
[2018.01.09-16.46.25:821][233]LogModuleManager: Shutting down and abandoning module RuntimePhysXCooking (268)
[2018.01.09-16.46.25:821][233]LogModuleManager: Shutting down and abandoning module PhysXVehiclesEditor (266)
[2018.01.09-16.46.25:832][233]LogModuleManager: Shutting down and abandoning module PhysXVehicles (264)
[2018.01.09-16.46.25:833][233]LogModuleManager: Shutting down and abandoning module OculusEditor (262)
[2018.01.09-16.46.25:833][233]LogModuleManager: Shutting down and abandoning module LocationServicesBPLibrary (260)
[2018.01.09-16.46.25:833][233]LogModuleManager: Shutting down and abandoning module ImmediatePhysicsEditor (258)
[2018.01.09-16.46.25:833][233]LogModuleManager: Shutting down and abandoning module ImmediatePhysics (256)
[2018.01.09-16.46.25:855][233]LogModuleManager: Shutting down and abandoning module UdpMessaging (254)
[2018.01.09-16.46.25:978][233]LogModuleManager: Shutting down and abandoning module TcpMessaging (252)
[2018.01.09-16.46.26:089][233]LogModuleManager: Shutting down and abandoning module GameplayTagsEditor (250)
[2018.01.09-16.46.26:122][233]LogModuleManager: Shutting down and abandoning module FacialAnimationEditor (248)
[2018.01.09-16.46.26:122][233]LogModuleManager: Shutting down and abandoning module FacialAnimation (246)
[2018.01.09-16.46.26:122][233]LogModuleManager: Shutting down and abandoning module AssetManagerEditor (244)
[2018.01.09-16.46.26:132][233]LogModuleManager: Shutting down and abandoning module GraphEditor (243)
[2018.01.09-16.46.26:185][233]LogModuleManager: Shutting down and abandoning module ContentBrowser (241)
[2018.01.09-16.46.26:198][233]LogModuleManager: Shutting down and abandoning module LightPropagationVolumeRuntime (238)
[2018.01.09-16.46.26:198][233]LogModuleManager: Shutting down and abandoning module Paper2D (236)
[2018.01.09-16.46.26:199][233]LogModuleManager: Shutting down and abandoning module WindowsMoviePlayer (234)
[2018.01.09-16.46.26:212][233]LogModuleManager: Shutting down and abandoning module WmfMedia (232)
[2018.01.09-16.46.26:270][233]LogModuleManager: Shutting down and abandoning module ImgMedia (230)
[2018.01.09-16.46.26:270][233]LogModuleManager: Shutting down and abandoning module PacketHandler (228)
[2018.01.09-16.46.26:270][233]LogModuleManager: Shutting down and abandoning module ClothingSystemEditor (226)
[2018.01.09-16.46.26:270][233]LogModuleManager: Shutting down and abandoning module ClothingSystemRuntime (224)
[2018.01.09-16.46.26:294][233]LogModuleManager: Shutting down and abandoning module MediaAssets (222)
[2018.01.09-16.46.26:294][233]LogModuleManager: Shutting down and abandoning module Media (221)
[2018.01.09-16.46.26:301][233]LogModuleManager: Shutting down and abandoning module Overlay (218)
[2018.01.09-16.46.26:301][233]LogModuleManager: Shutting down and abandoning module OverlayEditor (217)
[2018.01.09-16.46.26:301][233]LogModuleManager: Shutting down and abandoning module VREditor (214)
[2018.01.09-16.46.26:327][233]LogModuleManager: Shutting down and abandoning module StringTableEditor (212)
[2018.01.09-16.46.26:339][233]LogModuleManager: Shutting down and abandoning module GameplayTasksEditor (210)
[2018.01.09-16.46.26:339][233]LogModuleManager: Shutting down and abandoning module BehaviorTreeEditor (208)
[2018.01.09-16.46.26:363][233]LogModuleManager: Shutting down and abandoning module FunctionalTesting (206)
[2018.01.09-16.46.26:371][233]LogModuleManager: Shutting down and abandoning module CollisionAnalyzer (204)
[2018.01.09-16.46.26:381][233]LogModuleManager: Shutting down and abandoning module WorkspaceMenuStructure (203)
[2018.01.09-16.46.26:424][233]LogModuleManager: Shutting down and abandoning module UMG (200)
[2018.01.09-16.46.26:433][233]LogModuleManager: Shutting down and abandoning module UMGEditor (199)
[2018.01.09-16.46.26:462][233]LogModuleManager: Shutting down and abandoning module Sequencer (198)
[2018.01.09-16.46.26:474][233]LogModuleManager: Shutting down and abandoning module MessageLog (195)
[2018.01.09-16.46.26:491][233]LogModuleManager: Shutting down and abandoning module SlateReflector (190)
[2018.01.09-16.46.26:524][233]LogModuleManager: Shutting down and abandoning module Slate (188)
[2018.01.09-16.46.26:524][233]LogModuleManager: Shutting down and abandoning module EditorStyle (186)
[2018.01.09-16.46.26:595][233]LogModuleManager: Shutting down and abandoning module MRMesh (184)
[2018.01.09-16.46.26:595][233]LogModuleManager: Shutting down and abandoning module SourceCodeAccess (182)
[2018.01.09-16.46.26:595][233]LogModuleManager: Shutting down and abandoning module HeadMountedDisplay (180)
[2018.01.09-16.46.26:595][233]LogModuleManager: Shutting down and abandoning module XAudio2 (178)
[2018.01.09-16.46.26:595][233]LogModuleManager: Shutting down and abandoning module Networking (176)
[2018.01.09-16.46.26:595][233]LogModuleManager: Shutting down and abandoning module Core (172)
[2018.01.09-16.46.26:595][233]LogModuleManager: Shutting down and abandoning module LevelSequence (168)
[2018.01.09-16.46.26:608][233]LogModuleManager: Shutting down and abandoning module DirectoryWatcher (166)
[2018.01.09-16.46.26:654][233]LogModuleManager: Shutting down and abandoning module KismetCompiler (164)
[2018.01.09-16.46.26:654][233]LogModuleManager: Shutting down and abandoning module MeshUtilities (162)
[2018.01.09-16.46.26:663][233]LogModuleManager: Shutting down and abandoning module MeshMergeUtilities (161)
[2018.01.09-16.46.26:670][233]LogModuleManager: Shutting down and abandoning module MeshReductionInterface (160)
[2018.01.09-16.46.26:670][233]LogModuleManager: Shutting down and abandoning module SimplygonSwarm (159)
[2018.01.09-16.46.26:680][233]LogModuleManager: Shutting down and abandoning module SimplygonMeshReduction (157)
[2018.01.09-16.46.26:680][233]LogModuleManager: Shutting down and abandoning module QuadricMeshReduction (155)
[2018.01.09-16.46.26:689][233]LogModuleManager: Shutting down and abandoning module MaterialBaking (151)
[2018.01.09-16.46.26:711][233]LogModuleManager: Shutting down and abandoning module DerivedDataCache (148)
[2018.01.09-16.46.26:728][233]LogDerivedDataCache: Shutdown
[2018.01.09-16.46.26:728][233]LogModuleManager: Shutting down and abandoning module TargetPlatform (146)
[2018.01.09-16.46.26:744][233]LogModuleManager: Shutting down and abandoning module VulkanShaderFormat (145)
[2018.01.09-16.46.26:750][233]LogModuleManager: Shutting down and abandoning module ShaderFormatVectorVM (143)
[2018.01.09-16.46.26:758][233]LogModuleManager: Shutting down and abandoning module ShaderFormatOpenGL (141)
[2018.01.09-16.46.26:768][233]LogModuleManager: Shutting down and abandoning module ShaderFormatD3D (139)
[2018.01.09-16.46.26:770][233]LogModuleManager: Shutting down and abandoning module MetalShaderFormat (137)
[2018.01.09-16.46.26:788][233]LogModuleManager: Shutting down and abandoning module TextureFormatUncompressed (135)
[2018.01.09-16.46.26:788][233]LogModuleManager: Shutting down and abandoning module TextureFormatPVR (133)
[2018.01.09-16.46.26:788][233]LogModuleManager: Shutting down and abandoning module TextureFormatDXT (131)
[2018.01.09-16.46.26:803][233]LogModuleManager: Shutting down and abandoning module TextureFormatIntelISPCTexComp (129)
[2018.01.09-16.46.26:804][233]LogModuleManager: Shutting down and abandoning module TextureFormatASTC (127)
[2018.01.09-16.46.26:804][233]LogModuleManager: Shutting down and abandoning module ImageWrapper (126)
[2018.01.09-16.46.26:804][233]LogModuleManager: Shutting down and abandoning module TextureFormatAndroid (123)
[2018.01.09-16.46.26:804][233]LogModuleManager: Shutting down and abandoning module AudioFormatOpus (121)
[2018.01.09-16.46.26:804][233]LogModuleManager: Shutting down and abandoning module AudioFormatOgg (119)
[2018.01.09-16.46.26:804][233]LogModuleManager: Shutting down and abandoning module AudioFormatADPCM (117)
[2018.01.09-16.46.26:804][233]LogModuleManager: Shutting down and abandoning module LinuxTargetPlatform (115)
[2018.01.09-16.46.26:804][233]LogModuleManager: Shutting down and abandoning module LinuxServerTargetPlatform (113)
[2018.01.09-16.46.26:804][233]LogModuleManager: Shutting down and abandoning module LinuxNoEditorTargetPlatform (111)
[2018.01.09-16.46.26:817][233]LogModuleManager: Shutting down and abandoning module LinuxClientTargetPlatform (109)
[2018.01.09-16.46.26:820][233]LogModuleManager: Shutting down and abandoning module TVOSTargetPlatform (107)
[2018.01.09-16.46.26:820][233]LogModuleManager: Shutting down and abandoning module Messaging (105)
[2018.01.09-16.46.26:820][233]LogModuleManager: Shutting down and abandoning module IOSTargetPlatform (103)
[2018.01.09-16.46.26:820][233]LogModuleManager: Shutting down and abandoning module HTML5TargetPlatform (101)
[2018.01.09-16.46.26:821][233]LogModuleManager: Shutting down and abandoning module AndroidTargetPlatform (99)
[2018.01.09-16.46.26:821][233]LogModuleManager: Shutting down and abandoning module Android_PVRTCTargetPlatform (97)
[2018.01.09-16.46.26:821][233]LogModuleManager: Shutting down and abandoning module Android_MultiTargetPlatform (95)
[2018.01.09-16.46.26:821][233]LogModuleManager: Shutting down and abandoning module Android_ETC2TargetPlatform (93)
[2018.01.09-16.46.26:821][233]LogModuleManager: Shutting down and abandoning module Android_ETC1TargetPlatform (91)
[2018.01.09-16.46.26:821][233]LogModuleManager: Shutting down and abandoning module Android_DXTTargetPlatform (89)
[2018.01.09-16.46.26:821][233]LogModuleManager: Shutting down and abandoning module Android_ATCTargetPlatform (87)
[2018.01.09-16.46.26:821][233]LogModuleManager: Shutting down and abandoning module Android_ASTCTargetPlatform (85)
[2018.01.09-16.46.26:821][233]LogModuleManager: Shutting down and abandoning module WindowsTargetPlatform (83)
[2018.01.09-16.46.26:821][233]LogModuleManager: Shutting down and abandoning module WindowsServerTargetPlatform (81)
[2018.01.09-16.46.26:821][233]LogModuleManager: Shutting down and abandoning module WindowsNoEditorTargetPlatform (79)
[2018.01.09-16.46.26:821][233]LogModuleManager: Shutting down and abandoning module WindowsClientTargetPlatform (77)
[2018.01.09-16.46.26:821][233]LogModuleManager: Shutting down and abandoning module MacTargetPlatform (75)
[2018.01.09-16.46.26:821][233]LogModuleManager: Shutting down and abandoning module MacServerTargetPlatform (73)
[2018.01.09-16.46.26:836][233]LogModuleManager: Shutting down and abandoning module MacNoEditorTargetPlatform (71)
[2018.01.09-16.46.26:842][233]LogModuleManager: Shutting down and abandoning module MacClientTargetPlatform (69)
[2018.01.09-16.46.26:847][233]LogModuleManager: Shutting down and abandoning module AllDesktopTargetPlatform (67)
[2018.01.09-16.46.26:847][233]LogModuleManager: Shutting down and abandoning module InputCore (64)
[2018.01.09-16.46.26:847][233]LogModuleManager: Shutting down and abandoning module Settings (62)
[2018.01.09-16.46.26:848][233]LogModuleManager: Shutting down and abandoning module PhysXCooking (60)
[2018.01.09-16.46.26:848][233]LogModuleManager: Shutting down and abandoning module SteamVR (58)
[2018.01.09-16.46.26:848][233]LogModuleManager: Shutting down and abandoning module OculusHMD (56)
[2018.01.09-16.46.26:867][233]LogModuleManager: Shutting down and abandoning module ExampleDeviceProfileSelector (54)
[2018.01.09-16.46.26:875][233]LogModuleManager: Shutting down and abandoning module AppleARKit (52)
[2018.01.09-16.46.26:875][233]LogModuleManager: Shutting down and abandoning module AugmentedReality (51)
[2018.01.09-16.46.26:875][233]LogModuleManager: Shutting down and abandoning module OnlineBlueprintSupport (48)
[2018.01.09-16.46.26:875][233]LogModuleManager: Shutting down and abandoning module OnlineSubsystem (44)
[2018.01.09-16.46.26:898][233]LogModuleManager: Shutting down and abandoning module XMPP (43)
[2018.01.09-16.46.26:986][233]LogModuleManager: Shutting down and abandoning module HTTP (41)
[2018.01.09-16.46.26:987][233]LogHttp: Display: Http module shutting down, but needs to wait on 1 outstanding Http requests:
[2018.01.09-16.46.26:990][233]LogHttp: Display: 	verb=[POST] url=[https://datarouter.ol.epicgames.com/datarouter/api/v1/public/data?SessionID=%7BD1930599-4207-9CAE-ABEF-249893D892CD%7D&AppID=UEEditor.Rocket.Release&AppVersion=4.18.2-3794801%2B%2B%2BUE4%2BRelease-4.18&UserID=b60b5e7144aa785f9d677788b078049c%7C86e7c94b7b7140b3b1295af69a833dfe%7C0b6a9c3f-af9b-4aa6-bc8b-20340096755c&AppEnvironment=datacollector-binary&UploadType=eteventstream] status=Processing
[2018.01.09-16.46.27:049][233]LogModuleManager: Shutting down and abandoning module SSL (40)
[2018.01.09-16.46.27:096][233]LogModuleManager: Shutting down and abandoning module AnimationModifiers (36)
[2018.01.09-16.46.27:120][233]LogModuleManager: Shutting down and abandoning module PropertyEditor (35)
[2018.01.09-16.46.27:149][233]LogModuleManager: Shutting down and abandoning module AudioEditor (32)
[2018.01.09-16.46.27:165][233]LogModuleManager: Shutting down and abandoning module TextureCompressor (30)
[2018.01.09-16.46.27:178][233]LogModuleManager: Shutting down and abandoning module ShaderCore (28)
[2018.01.09-16.46.27:179][233]LogModuleManager: Shutting down and abandoning module Landscape (26)
[2018.01.09-16.46.27:179][233]LogModuleManager: Shutting down and abandoning module SlateRHIRenderer (24)
[2018.01.09-16.46.27:196][233]LogModuleManager: Shutting down and abandoning module OpenGLDrv (22)
[2018.01.09-16.46.27:207][233]LogModuleManager: Shutting down and abandoning module D3D11RHI (20)
[2018.01.09-16.46.27:207][233]LogModuleManager: Shutting down and abandoning module AnimGraphRuntime (18)
[2018.01.09-16.46.27:213][233]LogModuleManager: Shutting down and abandoning module Renderer (16)
[2018.01.09-16.46.27:213][233]LogModuleManager: Shutting down and abandoning module Engine (14)
[2018.01.09-16.46.27:219][233]LogModuleManager: Shutting down and abandoning module CoreUObject (12)
[2018.01.09-16.46.27:220][233]LogModuleManager: Shutting down and abandoning module NetworkFile (10)
[2018.01.09-16.46.27:230][233]LogModuleManager: Shutting down and abandoning module CookedIterativeFile (8)
[2018.01.09-16.46.27:239][233]LogModuleManager: Shutting down and abandoning module StreamingFile (6)
[2018.01.09-16.46.27:251][233]LogModuleManager: Shutting down and abandoning module SandboxFile (4)
[2018.01.09-16.46.27:251][233]LogModuleManager: Shutting down and abandoning module PakFile (2)
[2018.01.09-16.46.27:316][233]LogExit: Exiting.
[2018.01.09-16.46.27:539][233]Log file closed, 01/09/18 18:46:27
