Log file open, 01/19/18 16:26:51
LogWindows: Failed to load 'aqProf.dll' (GetLastError=126)
LogWindows: File 'aqProf.dll' does not exist
LogWindows: Failed to load 'VSPerf140.dll' (GetLastError=126)
LogWindows: File 'VSPerf140.dll' does not exist
LogWindows: Failed to load 'VtuneApi.dll' (GetLastError=126)
LogWindows: File 'VtuneApi.dll' does not exist
LogWindows: Failed to load 'VtuneApi32e.dll' (GetLastError=126)
LogWindows: File 'VtuneApi32e.dll' does not exist
LogInit: Display: Running engine for game: ProjectCatacombs
LogPlatformFile: Not using cached read wrapper
LogInit: Display: RandInit(-1234936252) SRandInit(-1234936252).
LogInit: Read version file with build ID '3709383'
LogInit: Overriding engine version to CL 3754814, compatible CL 3709383
LogInit: Registered custom module enumerator with build ID '3709383'
LogTaskGraph: Started task graph with 5 named threads and 8 total threads with 3 sets of task threads.
LogStats: Stats thread started at 0.166403
LogD3D11RHI: Aftermath initialized
LogModuleManager: Display: Found up-to-date module file ../../../Engine/Plugins/2D/Paper2D/Binaries/Win64/UE4Editor-Paper2D.dll (API version 3709383).
LogModuleManager: Display: Found up-to-date module file ../../../Engine/Plugins/2D/Paper2D/Binaries/Win64/UE4Editor-Paper2DEditor.dll (API version 3709383).
LogModuleManager: Display: Found up-to-date module file ../../../Engine/Plugins/2D/Paper2D/Binaries/Win64/UE4Editor-PaperSpriteSheetImporter.dll (API version 3709383).
LogModuleManager: Display: Found up-to-date module file ../../../Engine/Plugins/2D/Paper2D/Binaries/Win64/UE4Editor-PaperTiledImporter.dll (API version 3709383).
LogModuleManager: Display: Found up-to-date module file ../../../Engine/Plugins/2D/Paper2D/Binaries/Win64/UE4Editor-SmartSnapping.dll (API version 3709383).
LogModuleManager: Display: Found up-to-date module file ../../../Engine/Plugins/Blendables/LightPropagationVolume/Binaries/Win64/UE4Editor-LightPropagationVolumeRuntime.dll (API version 3709383).
LogModuleManager: Display: Found up-to-date module file ../../../Engine/Plugins/Blendables/LightPropagationVolume/Binaries/Win64/UE4Editor-LightPropagationVolumeEditor.dll (API version 3709383).
LogModuleManager: Display: Found up-to-date module file ../../../Engine/Plugins/Developer/GitSourceControl/Binaries/Win64/UE4Editor-GitSourceControl.dll (API version 3709383).
LogModuleManager: Display: Found up-to-date module file ../../../Engine/Plugins/Developer/PerforceSourceControl/Binaries/Win64/UE4Editor-PerforceSourceControl.dll (API version 3709383).
LogModuleManager: Display: Found up-to-date module file ../../../Engine/Plugins/Developer/SubversionSourceControl/Binaries/Win64/UE4Editor-SubversionSourceControl.dll (API version 3709383).
LogModuleManager: Display: Found up-to-date module file ../../../Engine/Plugins/Developer/UObjectPlugin/Binaries/Win64/UE4Editor-UObjectPlugin.dll (API version 3709383).
LogModuleManager: Display: Found up-to-date module file ../../../Engine/Plugins/Developer/VisualStudioCodeSourceCodeAccess/Binaries/Win64/UE4Editor-VisualStudioCodeSourceCodeAccess.dll (API version 3709383).
LogModuleManager: Display: Found up-to-date module file ../../../Engine/Plugins/Developer/VisualStudioSourceCodeAccess/Binaries/Win64/UE4Editor-VisualStudioSourceCodeAccess.dll (API version 3709383).
LogModuleManager: Display: Found up-to-date module file ../../../Engine/Plugins/Editor/AssetManagerEditor/Binaries/Win64/UE4Editor-AssetManagerEditor.dll (API version 3709383).
LogModuleManager: Display: Found up-to-date module file ../../../Engine/Plugins/Editor/AudioCapture/Binaries/Win64/UE4Editor-AudioCapture.dll (API version 3709383).
LogModuleManager: Display: Found up-to-date module file ../../../Engine/Plugins/Editor/FacialAnimation/Binaries/Win64/UE4Editor-FacialAnimation.dll (API version 3709383).
LogModuleManager: Display: Found up-to-date module file ../../../Engine/Plugins/Editor/FacialAnimation/Binaries/Win64/UE4Editor-FacialAnimationEditor.dll (API version 3709383).
LogModuleManager: Display: Found up-to-date module file ../../../Engine/Plugins/Editor/GameplayTagsEditor/Binaries/Win64/UE4Editor-GameplayTagsEditor.dll (API version 3709383).
LogModuleManager: Display: Found up-to-date module file ../../../Engine/Plugins/Editor/MobileLauncherProfileWizard/Binaries/Win64/UE4Editor-MobileLauncherProfileWizard.dll (API version 3709383).
LogModuleManager: Display: Found up-to-date module file ../../../Engine/Plugins/Editor/PluginBrowser/Binaries/Win64/UE4Editor-PluginBrowser.dll (API version 3709383).
LogModuleManager: Display: Found up-to-date module file ../../../Engine/Plugins/Editor/SpeedTreeImporter/Binaries/Win64/UE4Editor-SpeedTreeImporter.dll (API version 3709383).
LogModuleManager: Display: Found up-to-date module file ../../../Engine/Plugins/Experimental/AlembicImporter/Binaries/Win64/UE4Editor-AlembicImporter.dll (API version 3709383).
LogModuleManager: Display: Found up-to-date module file ../../../Engine/Plugins/Experimental/AlembicImporter/Binaries/Win64/UE4Editor-AlembicLibrary.dll (API version 3709383).
LogModuleManager: Display: Found up-to-date module file ../../../Engine/Plugins/Experimental/CharacterAI/Binaries/Win64/UE4Editor-CharacterAI.dll (API version 3709383).
LogModuleManager: Display: Found up-to-date module file ../../../Engine/Plugins/Experimental/HTML5Networking/Binaries/Win64/UE4Editor-HTML5Networking.dll (API version 3709383).
LogModuleManager: Display: Found up-to-date module file ../../../Engine/Plugins/Media/AndroidMedia/Binaries/Win64/UE4Editor-AndroidMediaEditor.dll (API version 3709383).
LogModuleManager: Display: Found up-to-date module file ../../../Engine/Plugins/Media/AndroidMedia/Binaries/Win64/UE4Editor-AndroidMediaFactory.dll (API version 3709383).
LogModuleManager: Display: Found up-to-date module file ../../../Engine/Plugins/Media/AvfMedia/Binaries/Win64/UE4Editor-AvfMediaEditor.dll (API version 3709383).
LogModuleManager: Display: Found up-to-date module file ../../../Engine/Plugins/Media/AvfMedia/Binaries/Win64/UE4Editor-AvfMediaFactory.dll (API version 3709383).
LogModuleManager: Display: Found up-to-date module file ../../../Engine/Plugins/Media/AvfMedia/Binaries/Win64/UE4Editor-AvfMediaFactory.dll (API version 3709383).
LogModuleManager: Display: Found up-to-date module file ../../../Engine/Plugins/Media/ImgMedia/Binaries/Win64/UE4Editor-ImgMedia.dll (API version 3709383).
LogModuleManager: Display: Found up-to-date module file ../../../Engine/Plugins/Media/ImgMedia/Binaries/Win64/UE4Editor-ImgMediaEditor.dll (API version 3709383).
LogModuleManager: Display: Found up-to-date module file ../../../Engine/Plugins/Media/ImgMedia/Binaries/Win64/UE4Editor-ImgMediaFactory.dll (API version 3709383).
LogModuleManager: Display: Found up-to-date module file ../../../Engine/Plugins/Media/ImgMedia/Binaries/Win64/UE4Editor-ImgMediaFactory.dll (API version 3709383).
LogModuleManager: Display: Found up-to-date module file ../../../Engine/Plugins/Media/ImgMedia/Binaries/Win64/UE4Editor-OpenExrWrapper.dll (API version 3709383).
LogModuleManager: Display: Found up-to-date module file ../../../Engine/Plugins/Media/MediaCompositing/Binaries/Win64/UE4Editor-MediaCompositing.dll (API version 3709383).
LogModuleManager: Display: Found up-to-date module file ../../../Engine/Plugins/Media/MediaCompositing/Binaries/Win64/UE4Editor-MediaCompositingEditor.dll (API version 3709383).
LogModuleManager: Display: Found up-to-date module file ../../../Engine/Plugins/Media/MediaPlayerEditor/Binaries/Win64/UE4Editor-MediaPlayerEditor.dll (API version 3709383).
LogModuleManager: Display: Found up-to-date module file ../../../Engine/Plugins/Media/WmfMedia/Binaries/Win64/UE4Editor-WmfMedia.dll (API version 3709383).
LogModuleManager: Display: Found up-to-date module file ../../../Engine/Plugins/Media/WmfMedia/Binaries/Win64/UE4Editor-WmfMediaEditor.dll (API version 3709383).
LogModuleManager: Display: Found up-to-date module file ../../../Engine/Plugins/Media/WmfMedia/Binaries/Win64/UE4Editor-WmfMediaFactory.dll (API version 3709383).
LogModuleManager: Display: Found up-to-date module file ../../../Engine/Plugins/Media/WmfMedia/Binaries/Win64/UE4Editor-WmfMediaFactory.dll (API version 3709383).
LogModuleManager: Display: Found up-to-date module file ../../../Engine/Plugins/Messaging/TcpMessaging/Binaries/Win64/UE4Editor-TcpMessaging.dll (API version 3709383).
LogModuleManager: Display: Found up-to-date module file ../../../Engine/Plugins/Messaging/UdpMessaging/Binaries/Win64/UE4Editor-UdpMessaging.dll (API version 3709383).
LogModuleManager: Display: Found up-to-date module file ../../../Engine/Plugins/MovieScene/ActorSequence/Binaries/Win64/UE4Editor-ActorSequence.dll (API version 3709383).
LogModuleManager: Display: Found up-to-date module file ../../../Engine/Plugins/MovieScene/LevelSequenceEditor/Binaries/Win64/UE4Editor-LevelSequenceEditor.dll (API version 3709383).
LogModuleManager: Display: Found up-to-date module file ../../../Engine/Plugins/MovieScene/MatineeToLevelSequence/Binaries/Win64/UE4Editor-MatineeToLevelSequence.dll (API version 3709383).
LogModuleManager: Display: Found up-to-date module file ../../../Engine/Plugins/Online/OnlineSubsystem/Binaries/Win64/UE4Editor-OnlineSubsystem.dll (API version 3709383).
LogModuleManager: Display: Found up-to-date module file ../../../Engine/Plugins/Runtime/AndroidPermission/Binaries/Win64/UE4Editor-AndroidPermission.dll (API version 3709383).
LogModuleManager: Display: Found up-to-date module file ../../../Engine/Plugins/Online/OnlineSubsystemNull/Binaries/Win64/UE4Editor-OnlineSubsystemNull.dll (API version 3709383).
LogModuleManager: Display: Found up-to-date module file ../../../Engine/Plugins/Online/OnlineSubsystemUtils/Binaries/Win64/UE4Editor-OnlineSubsystemUtils.dll (API version 3709383).
LogModuleManager: Display: Found up-to-date module file ../../../Engine/Plugins/Online/OnlineSubsystemUtils/Binaries/Win64/UE4Editor-OnlineBlueprintSupport.dll (API version 3709383).
LogModuleManager: Display: Found up-to-date module file ../../../Engine/Plugins/Runtime/AndroidDeviceProfileSelector/Binaries/Win64/UE4Editor-AndroidDeviceProfileSelector.dll (API version 3709383).
LogModuleManager: Display: Found up-to-date module file ../../../Engine/Plugins/Runtime/AppleARKit/Binaries/Win64/UE4Editor-AppleARKit.dll (API version 3709383).
LogModuleManager: Display: Found up-to-date module file ../../../Engine/Plugins/Runtime/ArchVisCharacter/Binaries/Win64/UE4Editor-ArchVisCharacter.dll (API version 3709383).
LogModuleManager: Display: Found up-to-date module file ../../../Engine/Plugins/Runtime/CableComponent/Binaries/Win64/UE4Editor-CableComponent.dll (API version 3709383).
LogModuleManager: Display: Found up-to-date module file ../../../Engine/Plugins/Runtime/CustomMeshComponent/Binaries/Win64/UE4Editor-CustomMeshComponent.dll (API version 3709383).
LogModuleManager: Display: Found up-to-date module file ../../../Engine/Plugins/Runtime/ExampleDeviceProfileSelector/Binaries/Win64/UE4Editor-ExampleDeviceProfileSelector.dll (API version 3709383).
LogModuleManager: Display: Found up-to-date module file ../../../Engine/Plugins/Runtime/ImmediatePhysics/Binaries/Win64/UE4Editor-ImmediatePhysics.dll (API version 3709383).
LogModuleManager: Display: Found up-to-date module file ../../../Engine/Plugins/Runtime/ImmediatePhysics/Binaries/Win64/UE4Editor-ImmediatePhysicsEditor.dll (API version 3709383).
LogModuleManager: Display: Found up-to-date module file ../../../Engine/Plugins/Runtime/LocationServicesBPLibrary/Binaries/Win64/UE4Editor-LocationServicesBPLibrary.dll (API version 3709383).
LogModuleManager: Display: Found up-to-date module file ../../../Engine/Plugins/Runtime/MobilePatchingUtils/Binaries/Win64/UE4Editor-MobilePatchingUtils.dll (API version 3709383).
LogModuleManager: Display: Found up-to-date module file ../../../Engine/Plugins/Runtime/Oculus/OculusVR/Binaries/Win64/UE4Editor-OculusHMD.dll (API version 3709383).
LogModuleManager: Display: Found up-to-date module file ../../../Engine/Plugins/Runtime/Oculus/OculusVR/Binaries/Win64/UE4Editor-OculusInput.dll (API version 3709383).
LogModuleManager: Display: Found up-to-date module file ../../../Engine/Plugins/Runtime/Oculus/OculusVR/Binaries/Win64/UE4Editor-OculusEditor.dll (API version 3709383).
LogModuleManager: Display: Found up-to-date module file ../../../Engine/Plugins/Runtime/PhysXVehicles/Binaries/Win64/UE4Editor-PhysXVehicles.dll (API version 3709383).
LogModuleManager: Display: Found up-to-date module file ../../../Engine/Plugins/Runtime/PhysXVehicles/Binaries/Win64/UE4Editor-PhysXVehiclesEditor.dll (API version 3709383).
LogModuleManager: Display: Found up-to-date module file ../../../Engine/Plugins/Runtime/ProceduralMeshComponent/Binaries/Win64/UE4Editor-ProceduralMeshComponent.dll (API version 3709383).
LogModuleManager: Display: Found up-to-date module file ../../../Engine/Plugins/Runtime/ProceduralMeshComponent/Binaries/Win64/UE4Editor-ProceduralMeshComponentEditor.dll (API version 3709383).
LogModuleManager: Display: Found up-to-date module file ../../../Engine/Plugins/Runtime/RuntimePhysXCooking/Binaries/Win64/UE4Editor-RuntimePhysXCooking.dll (API version 3709383).
LogModuleManager: Display: Found up-to-date module file ../../../Engine/Plugins/Runtime/Steam/SteamVR/Binaries/Win64/UE4Editor-SteamVR.dll (API version 3709383).
LogModuleManager: Display: Found up-to-date module file ../../../Engine/Plugins/Runtime/Steam/SteamVR/Binaries/Win64/UE4Editor-SteamVRController.dll (API version 3709383).
LogModuleManager: Display: Found up-to-date module file ../../../Engine/Plugins/Runtime/WindowsMoviePlayer/Binaries/Win64/UE4Editor-WindowsMoviePlayer.dll (API version 3709383).
LogPluginManager: Mounting plugin Paper2D
LogPluginManager: Mounting plugin LightPropagationVolume
LogPluginManager: Mounting plugin CodeLiteSourceCodeAccess
LogPluginManager: Mounting plugin GitSourceControl
LogPluginManager: Mounting plugin KDevelopSourceCodeAccess
LogPluginManager: Mounting plugin NullSourceCodeAccess
LogPluginManager: Mounting plugin PerforceSourceControl
LogPluginManager: Mounting plugin SubversionSourceControl
LogPluginManager: Mounting plugin UObjectPlugin
LogPluginManager: Mounting plugin VisualStudioCodeSourceCodeAccess
LogPluginManager: Mounting plugin VisualStudioSourceCodeAccess
LogPluginManager: Mounting plugin XCodeSourceCodeAccess
LogPluginManager: Mounting plugin AssetManagerEditor
LogPluginManager: Mounting plugin AudioCapture
LogPluginManager: Mounting plugin FacialAnimation
LogPluginManager: Mounting plugin GameplayTagsEditor
LogPluginManager: Mounting plugin MobileLauncherProfileWizard
LogPluginManager: Mounting plugin PluginBrowser
LogPluginManager: Mounting plugin SpeedTreeImporter
LogPluginManager: Mounting plugin AlembicImporter
LogPluginManager: Mounting plugin CharacterAI
LogPluginManager: Mounting plugin HTML5Networking
LogPluginManager: Mounting plugin AndroidMedia
LogPluginManager: Mounting plugin AvfMedia
LogPluginManager: Mounting plugin ImgMedia
LogPluginManager: Mounting plugin MediaCompositing
LogPluginManager: Mounting plugin MediaPlayerEditor
LogPluginManager: Mounting plugin WmfMedia
LogPluginManager: Mounting plugin TcpMessaging
LogPluginManager: Mounting plugin UdpMessaging
LogPluginManager: Mounting plugin ActorSequence
LogPluginManager: Mounting plugin LevelSequenceEditor
LogPluginManager: Mounting plugin MatineeToLevelSequence
LogPluginManager: Mounting plugin OnlineSubsystemGooglePlay
LogPluginManager: Mounting plugin OnlineSubsystemIOS
LogPluginManager: Mounting plugin OnlineSubsystem
LogPluginManager: Mounting plugin OnlineSubsystemNull
LogPluginManager: Mounting plugin OnlineSubsystemUtils
LogPluginManager: Mounting plugin AndroidDeviceProfileSelector
LogPluginManager: Mounting plugin AndroidMoviePlayer
LogPluginManager: Mounting plugin AndroidPermission
LogPluginManager: Mounting plugin AppleARKit
LogPluginManager: Mounting plugin AppleMoviePlayer
LogPluginManager: Mounting plugin ArchVisCharacter
LogPluginManager: Mounting plugin CableComponent
LogPluginManager: Mounting plugin CustomMeshComponent
LogPluginManager: Mounting plugin ExampleDeviceProfileSelector
LogPluginManager: Mounting plugin GoogleCloudMessaging
LogPluginManager: Mounting plugin ImmediatePhysics
LogPluginManager: Mounting plugin IOSDeviceProfileSelector
LogPluginManager: Mounting plugin LinuxDeviceProfileSelector
LogPluginManager: Mounting plugin LocationServicesBPLibrary
LogPluginManager: Mounting plugin MobilePatchingUtils
LogPluginManager: Mounting plugin OculusVR
LogPluginManager: Plugin shader directory ../../../Engine/Plugins/Runtime/Oculus/OculusVR/Shaders found
LogPluginManager: Mapping shader source directory ../../../Engine/Plugins/Runtime/Oculus/OculusVR/Shaders to virtual directory /Plugin/OculusVR
LogPluginManager: Mounting plugin PhysXVehicles
LogPluginManager: Mounting plugin ProceduralMeshComponent
LogPluginManager: Mounting plugin RuntimePhysXCooking
LogPluginManager: Mounting plugin SteamVR
LogPluginManager: Mounting plugin WindowsMoviePlayer
LogInit: Using libcurl 7.47.1
LogInit:  - built for x86_64-pc-win32
LogInit:  - supports SSL with OpenSSL/1.0.2g
LogInit:  - supports HTTP deflate (compression) using libz 1.2.8
LogInit:  - other features:
LogInit:      CURL_VERSION_SSL
LogInit:      CURL_VERSION_LIBZ
LogInit:      CURL_VERSION_IPV6
LogInit:      CURL_VERSION_ASYNCHDNS
LogInit:      CURL_VERSION_LARGEFILE
LogInit:      CURL_VERSION_IDN
LogInit:  CurlRequestOptions (configurable via config and command line):
LogInit:  - bVerifyPeer = false  - Libcurl will NOT verify peer certificate
LogInit:  - bUseHttpProxy = false  - Libcurl will NOT use HTTP proxy
LogInit:  - bDontReuseConnections = false  - Libcurl will reuse connections
LogInit:  - CertBundlePath = nullptr  - Libcurl will use whatever was configured at build time.
LogInit: Build: ++UE4+Release-4.18-CL-3754814
LogInit: Engine Version: 4.18.1-3754814+++UE4+Release-4.18
LogInit: Compatible Engine Version: 4.18.0-3709383+++UE4+Release-4.18
LogInit: Net CL: 3709383
LogDevObjectVersion: Number of dev versions registered: 16
LogDevObjectVersion:   Dev-Blueprints (B0D832E4-1F89-4F0D-ACCF-7EB736FD4AA2): 10
LogDevObjectVersion:   Dev-Build (E1C64328-A22C-4D53-A36C-8E866417BD8C): 0
LogDevObjectVersion:   Dev-Core (375EC13C-06E4-48FB-B500-84F0262A717E): 2
LogDevObjectVersion:   Dev-Editor (E4B068ED-F494-42E9-A231-DA0B2E46BB41): 20
LogDevObjectVersion:   Dev-Framework (CFFC743F-43B0-4480-9391-14DF171D2073): 30
LogDevObjectVersion:   Dev-Mobile (B02B49B5-BB20-44E9-A304-32B752E40360): 0
LogDevObjectVersion:   Dev-Networking (A4E4105C-59A1-49B5-A7C5-40C4547EDFEE): 0
LogDevObjectVersion:   Dev-Online (39C831C9-5AE6-47DC-9A44-9C173E1C8E7C): 0
LogDevObjectVersion:   Dev-Physics (78F01B33-EBEA-4F98-B9B4-84EACCB95AA2): 0
LogDevObjectVersion:   Dev-Platform (6631380F-2D4D-43E0-8009-CF276956A95A): 0
LogDevObjectVersion:   Dev-Rendering (12F88B9F-8875-4AFC-A67C-D90C383ABD29): 20
LogDevObjectVersion:   Dev-Sequencer (7B5AE74C-D270-4C10-A958-57980B212A5A): 4
LogDevObjectVersion:   Dev-VR (D7296918-1DD6-4BDD-9DE2-64A83CC13884): 0
LogDevObjectVersion:   Dev-LoadTimes (C2A15278-BFE7-4AFE-6C17-90FF531DF755): 1
LogDevObjectVersion:   Private-Geometry (6EACA3D4-40EC-4CC1-B786-8BED09428FC5): 1
LogDevObjectVersion:   Dev-AnimPhys (29E575DD-E0A3-4627-9D10-D276232CDCEA): 12
LogInit: Compiled (64-bit): Nov 14 2017 02:05:55
LogInit: Compiled with Visual C++: 19.00.24215.01
LogInit: Build Configuration: Development
LogInit: Branch Name: ++UE4+Release-4.18
LogInit: Command line:  
LogInit: Base directory: C:/Program Files/Epic Games/UE_4.18/Engine/Binaries/Win64/
LogInit: Installed Engine Build: 1
LogInit: Presizing for max 8388607 objects, including 0 objects not considered by GC, pre-allocating 0 bytes for permanent pool.
LogInit: Object subsystem initialized
[2018.01.19-14.26.53:407][  0]LogInit: Selected Device Profile: [Windows]
[2018.01.19-14.26.53:407][  0]LogInit: Applying CVar settings loaded from the selected device profile: [Windows]
[2018.01.19-14.26.53:420][  0]LogInit: Computer: EJ
[2018.01.19-14.26.53:420][  0]LogInit: User: EllaJuvonen
[2018.01.19-14.26.53:420][  0]LogInit: CPU Page size=4096, Cores=2
[2018.01.19-14.26.53:420][  0]LogInit: High frequency timer resolution =2.338336 MHz
[2018.01.19-14.26.53:421][  0]LogMemory: Memory total: Physical=7.9GB (8GB approx)
[2018.01.19-14.26.53:421][  0]LogMemory: Platform Memory Stats for Windows
[2018.01.19-14.26.53:421][  0]LogMemory: Process Physical Memory: 271.51 MB used, 271.51 MB peak
[2018.01.19-14.26.53:421][  0]LogMemory: Process Virtual Memory: 269.47 MB used, 269.47 MB peak
[2018.01.19-14.26.53:421][  0]LogMemory: Physical Memory: 3709.65 MB used,  4361.65 MB free, 8071.30 MB total
[2018.01.19-14.26.53:421][  0]LogMemory: Virtual Memory: 673.21 MB used,  4361.65 MB free, 134217728.00 MB total
[2018.01.19-14.26.53:593][  0]LogInit: Using OS detected language (en-US).
[2018.01.19-14.26.53:593][  0]LogInit: Using OS detected locale (en-GB).
[2018.01.19-14.26.53:596][  0]LogTextLocalizationManager: No specific localization for 'en-US' exists, so the 'en' localization will be used.
[2018.01.19-14.26.54:032][  0]LogInit: Setting process to per monitor DPI aware
[2018.01.19-14.26.54:347][  0]LogD3D11RHI: D3D11 adapters:
[2018.01.19-14.26.54:354][  0]LogD3D11RHI:    0. 'Intel(R) HD Graphics 5500' (Feature Level 11_0)
[2018.01.19-14.26.54:354][  0]LogD3D11RHI:       128/0/4035 MB DedicatedVideo/DedicatedSystem/SharedSystem, Outputs:1, VendorId:0x8086
[2018.01.19-14.26.54:356][  0]LogD3D11RHI:    1. 'Microsoft Basic Render Driver' (Feature Level 11_0)
[2018.01.19-14.26.54:356][  0]LogD3D11RHI:       0/0/4035 MB DedicatedVideo/DedicatedSystem/SharedSystem, Outputs:0, VendorId:0x1414
[2018.01.19-14.26.54:356][  0]LogD3D11RHI: Chosen D3D11 Adapter: 0
[2018.01.19-14.26.54:362][  0]LogD3D11RHI: Creating new Direct3DDevice
[2018.01.19-14.26.54:362][  0]LogD3D11RHI:     GPU DeviceId: 0x1616 (for the marketing name, search the web for "GPU Device Id")
[2018.01.19-14.26.54:362][  0]LogWindows: EnumDisplayDevices:
[2018.01.19-14.26.54:362][  0]LogWindows:    0. 'Intel(R) HD Graphics 5500' (P:1 D:1)
[2018.01.19-14.26.54:362][  0]LogWindows:    1. 'Intel(R) HD Graphics 5500' (P:0 D:0)
[2018.01.19-14.26.54:362][  0]LogWindows:    2. 'Intel(R) HD Graphics 5500' (P:0 D:0)
[2018.01.19-14.26.54:362][  0]LogWindows: DebugString: GetVideoDriverDetailsInvalid PrimaryIsNotTheChoosenAdapter GetVideoDriverDetailsInvalid PrimaryIsNotTheChoosenAdapter GetVideoDriverDetailsInvalid PrimaryIsNotTheChoosenAdapter FoundDriverCount:0 
[2018.01.19-14.26.54:362][  0]LogD3D11RHI:     Adapter Name: Intel(R) HD Graphics 5500
[2018.01.19-14.26.54:362][  0]LogD3D11RHI:   Driver Version: Unknown (internal:Unknown, unified:Unknown)
[2018.01.19-14.26.54:363][  0]LogD3D11RHI:      Driver Date: Unknown
[2018.01.19-14.26.54:363][  0]LogRHI: Texture pool is 1502 MB (70% of 2145 MB)
[2018.01.19-14.26.54:368][  0]LogD3D11RHI: Async texture creation enabled
[2018.01.19-14.26.54:374][  0]LogD3D11RHI: GPU Timing Frequency: 12.500000 (Debug: 2 0)
[2018.01.19-14.26.54:375][  0]LogShaderCompilers: Guid format shader working directory is -1 characters bigger than the processId version (../../../../../../Users/Ella Juvonne/ProjectCatacombs/Intermediate/Shaders/WorkingDirectory/12860/).
[2018.01.19-14.26.54:375][  0]LogShaderCompilers: Cleaned the shader compiler working directory 'C:/Users/Ella Juvonne/AppData/Local/Temp/UnrealShaderWorkingDir/0E06CC45490658232432F685B4AA8F37/'.
[2018.01.19-14.26.54:375][  0]LogShaderCompilers: Display: Using Local Shader Compiler.
[2018.01.19-14.26.55:473][  0]LogTemp: Display: Loaded TP AllDesktopTargetPlatform
[2018.01.19-14.26.55:532][  0]LogTemp: Display: Loaded TP MacClientTargetPlatform
[2018.01.19-14.26.55:594][  0]LogTemp: Display: Loaded TP MacNoEditorTargetPlatform
[2018.01.19-14.26.55:655][  0]LogTemp: Display: Loaded TP MacServerTargetPlatform
[2018.01.19-14.26.55:716][  0]LogTemp: Display: Loaded TP MacTargetPlatform
[2018.01.19-14.26.55:777][  0]LogTemp: Display: Loaded TP WindowsClientTargetPlatform
[2018.01.19-14.26.55:838][  0]LogTemp: Display: Loaded TP WindowsNoEditorTargetPlatform
[2018.01.19-14.26.55:899][  0]LogTemp: Display: Loaded TP WindowsServerTargetPlatform
[2018.01.19-14.26.55:953][  0]LogTemp: Display: Loaded TP WindowsTargetPlatform
[2018.01.19-14.26.56:014][  0]LogTemp: Display: Loaded TP Android_ASTCTargetPlatform
[2018.01.19-14.26.56:072][  0]LogTemp: Display: Loaded TP Android_ATCTargetPlatform
[2018.01.19-14.26.56:134][  0]LogTemp: Display: Loaded TP Android_DXTTargetPlatform
[2018.01.19-14.26.56:193][  0]LogTemp: Display: Loaded TP Android_ETC1TargetPlatform
[2018.01.19-14.26.56:252][  0]LogTemp: Display: Loaded TP Android_ETC2TargetPlatform
[2018.01.19-14.26.56:370][  0]LogTemp: Display: Loaded TP Android_MultiTargetPlatform
[2018.01.19-14.26.56:371][  0]LogTemp: Display: Loaded TP Android_PVRTCTargetPlatform
[2018.01.19-14.26.56:431][  0]LogTemp: Display: Loaded TP AndroidTargetPlatform
[2018.01.19-14.26.56:478][  0]LogTemp: Display: Loaded TP HTML5TargetPlatform
[2018.01.19-14.26.56:581][  0]LogTemp: Display: Loaded TP IOSTargetPlatform
[2018.01.19-14.26.56:612][  0]LogTemp: Display: Loaded TP TVOSTargetPlatform
[2018.01.19-14.26.56:670][  0]LogTemp: Display: Loaded TP LinuxClientTargetPlatform
[2018.01.19-14.26.56:731][  0]LogTemp: Display: Loaded TP LinuxNoEditorTargetPlatform
[2018.01.19-14.26.56:794][  0]LogTemp: Display: Loaded TP LinuxServerTargetPlatform
[2018.01.19-14.26.56:855][  0]LogTemp: Display: Loaded TP LinuxTargetPlatform
[2018.01.19-14.26.56:855][  0]LogTargetPlatformManager: Display: Building Assets For Windows
[2018.01.19-14.26.57:420][  0]LogDerivedDataCache: Display: Max Cache Size: 512 MB
[2018.01.19-14.26.57:505][  0]LogDerivedDataCache: Loaded boot cache 0.09s 78MB C:/Users/Ella Juvonne/AppData/Local/UnrealEngine/4.18/DerivedDataCache/Boot.ddc.
[2018.01.19-14.26.57:505][  0]LogDerivedDataCache: Display: Loaded Boot cache: C:/Users/Ella Juvonne/AppData/Local/UnrealEngine/4.18/DerivedDataCache/Boot.ddc
[2018.01.19-14.26.57:506][  0]LogDerivedDataCache: FDerivedDataBackendGraph:  Pak pak cache file ../../../../../../Users/Ella Juvonne/ProjectCatacombs/DerivedDataCache/DDC.ddp not found, will not use a pak cache.
[2018.01.19-14.26.57:506][  0]LogDerivedDataCache: Unable to find inner node Pak for hierarchical cache Hierarchy.
[2018.01.19-14.26.57:506][  0]LogDerivedDataCache: FDerivedDataBackendGraph:  CompressedPak pak cache file ../../../../../../Users/Ella Juvonne/ProjectCatacombs/DerivedDataCache/Compressed.ddp not found, will not use a pak cache.
[2018.01.19-14.26.57:506][  0]LogDerivedDataCache: Unable to find inner node CompressedPak for hierarchical cache Hierarchy.
[2018.01.19-14.26.57:524][  0]LogDerivedDataCache: Display: Pak cache opened for reading ../../../Engine/DerivedDataCache/Compressed.ddp.
[2018.01.19-14.26.57:537][  0]LogDerivedDataCache: Using Local data cache path C:/Users/Ella Juvonne/AppData/Local/UnrealEngine/Common/DerivedDataCache: Writable
[2018.01.19-14.26.57:548][  0]LogMaterial: Verifying Global Shaders for PCD3D_SM5
[2018.01.19-14.26.57:549][  0]LogSlate: Using Freetype 2.6.0
[2018.01.19-14.26.57:549][  0]LogSlate: SlateFontCache - WITH_FREETYPE: 1, WITH_HARFBUZZ: 1
[2018.01.19-14.26.57:549][  0]LogSlate: SlateFontCache - WITH_FREETYPE: 1, WITH_HARFBUZZ: 1
[2018.01.19-14.26.57:946][  0]LogInit: Selected Device Profile: [Windows]
[2018.01.19-14.26.58:249][  0]LogSimplygon: Simplygon DLL not present - disabling.
[2018.01.19-14.26.58:299][  0]LogMeshReduction: Using SimplygonSwarm for distributed automatic mesh merging
[2018.01.19-14.26.58:299][  0]LogMeshReduction: Using QuadricMeshReduction for automatic static mesh reduction
[2018.01.19-14.26.58:299][  0]LogMeshReduction: No automatic skeletal mesh reduction module available
[2018.01.19-14.26.58:299][  0]LogMeshReduction: No automatic mesh merging module available
[2018.01.19-14.26.58:299][  0]LogMeshMerging: No automatic mesh merging module available
[2018.01.19-14.26.58:413][  0]LogNetVersion: ProjectCatacombs , NetCL: 3709383, EngineNetVer: 2, GameNetVer: 0 (Checksum: 4182669113)
[2018.01.19-14.26.58:616][  0]LogAssetRegistry: FAssetRegistry took 0.0272 seconds to start up
[2018.01.19-14.26.59:230][  0]LogPackageLocalizationCache: Processed 7 localized package path(s) for 2 prioritized culture(s) in 0.076158 seconds
[2018.01.19-14.26.59:238][  0]LogUObjectArray: 35900 objects as part of root set at end of initial load.
[2018.01.19-14.26.59:238][  0]LogUObjectAllocator: 7372024 out of 0 bytes used by permanent object pool.
[2018.01.19-14.26.59:238][  0]LogUObjectArray: CloseDisregardForGC: 0/0 objects in disregard for GC pool
[2018.01.19-14.26.59:301][  0]LogInit: WinSock: version 1.1 (2.2), MaxSocks=32767, MaxUdp=65467
[2018.01.19-14.27.02:477][  0]LogTcpMessaging: Initializing TcpMessaging bridge
[2018.01.19-14.27.02:521][  0]LogUdpMessaging: Initializing bridge on interface 0.0.0.0:0 to multicast group 230.0.0.1:6666.
[2018.01.19-14.27.03:324][  0]LogMaterial: Uniform references updated for custom material expression Custom.
[2018.01.19-14.27.03:833][  0]SourceControl: Source control is disabled
[2018.01.19-14.27.03:833][  0]SourceControl: Source control is disabled
[2018.01.19-14.27.03:895][  0]SourceControl: Source control is disabled
[2018.01.19-14.27.03:955][  0]SourceControl: Source control is disabled
[2018.01.19-14.27.04:904][  0]LogAndroidPermission: UAndroidPermissionCallbackProxy::GetInstance
[2018.01.19-14.27.05:226][  0]LogOcInput: OculusInput pre-init called
[2018.01.19-14.27.05:563][  0]LogEngine: Initializing Engine...
[2018.01.19-14.27.05:565][  0]LogHMD: Failed to initialize OpenVR with code 110
[2018.01.19-14.27.05:821][  0]LogStats: UGameplayTagsManager::ConstructGameplayTagTree: Construct from data asset -  0.000 s
[2018.01.19-14.27.05:821][  0]LogStats: UGameplayTagsManager::ConstructGameplayTagTree: GameplayTagTreeChangedEvent.Broadcast -  0.000 s
[2018.01.19-14.27.05:985][  0]LogAIModule: Creating AISystem for world Untitled
[2018.01.19-14.27.05:992][  0]LogInit: XAudio2 using 'Speaker/HP (Realtek High Definition Audio)' : 2 channels at 48 kHz using 32 bits per sample (channel mask 0x3)
[2018.01.19-14.27.06:034][  0]LogInit: FAudioDevice initialized.
[2018.01.19-14.27.06:178][  0]LogDerivedDataCache: Saved boot cache 0.14s 78MB C:/Users/Ella Juvonne/AppData/Local/UnrealEngine/4.18/DerivedDataCache/Boot.ddc.
[2018.01.19-14.27.06:192][  0]LogInit: Texture streaming: Enabled
[2018.01.19-14.27.06:316][  0]LogEngineSessionManager: EngineSessionManager initialized
[2018.01.19-14.27.06:477][  0]LogInit: Transaction tracking system initialized
[2018.01.19-14.27.06:864][  0]BlueprintLog: New page: Editor Load
[2018.01.19-14.27.07:941][  0]LocalizationService: Localization service is disabled
[2018.01.19-14.27.08:844][  0]LogConsoleResponse: Display: 
[2018.01.19-14.27.09:077][  0]LogCook: Display: Max memory allowance for cook 16384mb min free memory 0mb
[2018.01.19-14.27.09:077][  0]LogCook: Display: Mobile HDR setting 1
[2018.01.19-14.27.09:078][  0]LogGameplayTags: Display: UGameplayTagsManager::DoneAddingNativeTags. DelegateIsBound: 0
[2018.01.19-14.27.09:947][  0]LogFileCache: Scanning file cache for directory 'C:/Users/Ella Juvonne/ProjectCatacombs/Content/' took 0.02s
[2018.01.19-14.27.10:542][  0]SourceControl: Source control is disabled
[2018.01.19-14.27.10:542][  0]Cmd: MAP LOAD FILE="../../../../../../Users/Ella Juvonne/ProjectCatacombs/Content/FirstPersonBP/Maps/FirstPersonExampleMap.umap" TEMPLATE=0 SHOWPROGRESS=1 FEATURELEVEL=3
[2018.01.19-14.27.10:543][  0]LightingResults: New page: Lighting Build
[2018.01.19-14.27.10:601][  0]MapCheck: New page: Map Check
[2018.01.19-14.27.10:601][  0]LightingResults: New page: Lighting Build
[2018.01.19-14.27.11:302][  0]LogAIModule: Creating AISystem for world FirstPersonExampleMap
[2018.01.19-14.27.11:323][  0]LogEditorServer: Finished looking for orphan Actors (0.000 secs)
[2018.01.19-14.27.11:353][  0]Cmd: MAP CHECKDEP NOCLEARLOG
[2018.01.19-14.27.11:417][  0]MapCheck: Map check complete: 0 Error(s), 0 Warning(s), took 63.702ms to complete.
[2018.01.19-14.27.11:417][  0]LogFileHelpers: Loading map 'FirstPersonExampleMap' took 0.875
[2018.01.19-14.27.11:492][  0]LogWindowsTextInputMethodSystem: Display: IME system now deactivated.
[2018.01.19-14.27.11:492][  0]LogWindowsTextInputMethodSystem: Display: IME system now deactivated.
[2018.01.19-14.27.11:602][  0]LogCollectionManager: Loaded 0 collections in 0.002034 seconds
[2018.01.19-14.27.11:690][  0]LogFileCache: Scanning file cache for directory 'C:/Users/Ella Juvonne/ProjectCatacombs/Saved/Collections/' took 0.01s
[2018.01.19-14.27.11:690][  0]LogFileCache: Scanning file cache for directory 'C:/Users/Ella Juvonne/ProjectCatacombs/Content/Developers/EllaJuvonen/Collections/' took 0.01s
[2018.01.19-14.27.11:690][  0]LogFileCache: Scanning file cache for directory 'C:/Users/Ella Juvonne/ProjectCatacombs/Content/Collections/' took 0.01s
[2018.01.19-14.27.11:690][  0]LogCollectionManager: Rebuilt the GUID cache for 0 collections in 0.000000 seconds
[2018.01.19-14.27.11:701][  0]LogContentBrowser: Native class hierarchy populated in 0.0107 seconds. Added 2363 classes and 519 folders.
[2018.01.19-14.27.11:787][  0]LogContentBrowser: Native class hierarchy updated for 'WidgetCarousel' in 0.0002 seconds. Added 0 classes and 0 folders.
[2018.01.19-14.27.11:827][  0]LogContentBrowser: Native class hierarchy updated for 'AddContentDialog' in 0.0002 seconds. Added 0 classes and 0 folders.
[2018.01.19-14.27.11:880][  0]LogContentBrowser: Native class hierarchy updated for 'SceneOutliner' in 0.0005 seconds. Added 1 classes and 2 folders.
[2018.01.19-14.27.11:900][  0]LogSlate: Took 0.000239 seconds to synchronously load lazily loaded font '../../../Engine/Content/Slate/Fonts/Roboto-Regular.ttf' (155K)
[2018.01.19-14.27.11:903][  0]LogSlate: Took 0.000244 seconds to synchronously load lazily loaded font '../../../Engine/Content/Slate/Fonts/Roboto-Bold.ttf' (160K)
[2018.01.19-14.27.11:910][  0]LogSlate: Took 0.000244 seconds to synchronously load lazily loaded font '../../../Engine/Content/Editor/Slate/Fonts/FontAwesome.ttf' (139K)
[2018.01.19-14.27.12:009][  0]LogRenderer: Reallocating scene render targets to support 384x168 Format 10 NumSamples 1 (Frame:1).
[2018.01.19-14.27.12:461][  0]LogRenderer: Reallocating scene render targets to support 416x168 Format 10 NumSamples 1 (Frame:3).
[2018.01.19-14.27.12:616][  0]LogContentBrowser: Native class hierarchy updated for 'HierarchicalLODOutliner' in 0.0003 seconds. Added 1 classes and 2 folders.
[2018.01.19-14.27.12:616][  0]LogLoad: (Engine Initialization) Total time: 22.06 seconds
[2018.01.19-14.27.12:616][  0]LogLoad: (Engine Initialization) Total Blueprint compile time: 0.00 seconds
[2018.01.19-14.27.12:617][  0]LogExternalProfiler: No external profilers were discovered.  External profiling features will not be available.
[2018.01.19-14.27.12:658][  0]LogContentStreaming: Texture pool size now 1000 MB
[2018.01.19-14.27.13:121][  1]LogRenderer: Reallocating scene render targets to support 416x256 Format 10 NumSamples 1 (Frame:1).
[2018.01.19-14.27.13:140][  1]LogAssetRegistry: Asset discovery search completed in 14.5470 seconds
[2018.01.19-14.27.13:143][  1]LogCollectionManager: Rebuilt the object cache for 0 collections in 0.000001 seconds (found 0 objects)
[2018.01.19-14.27.13:143][  1]LogCollectionManager: Fixed up redirectors for 0 collections in 0.000083 seconds (updated 0 objects)
[2018.01.19-14.27.21:279][278]LogTemp: Repeating last play command: Selected Viewport
[2018.01.19-14.27.21:461][278]LogBlueprintUserMessages: Early PlayInEditor Detection: Level '/Game/FirstPersonBP/Maps/FirstPersonExampleMap.FirstPersonExampleMap:PersistentLevel' has LevelScriptBlueprint '/Game/FirstPersonBP/Maps/FirstPersonExampleMap.FirstPersonExampleMap:PersistentLevel.FirstPersonExampleMap' with GeneratedClass '/Game/FirstPersonBP/Maps/FirstPersonExampleMap.FirstPersonExampleMap_C' with ClassGeneratedBy '/Game/FirstPersonBP/Maps/FirstPersonExampleMap.FirstPersonExampleMap:PersistentLevel.FirstPersonExampleMap'
[2018.01.19-14.27.21:461][278]LogPlayLevel: PlayLevel: No blueprints needed recompiling
[2018.01.19-14.27.21:465][278]PIE: New page: PIE session: FirstPersonExampleMap (19 Jan 2018 18:27:21)
[2018.01.19-14.27.21:465][278]LogPlayLevel: Creating play world package: /Game/FirstPersonBP/Maps/UEDPIE_0_FirstPersonExampleMap
[2018.01.19-14.27.21:508][278]LogPlayLevel: PIE: StaticDuplicateObject took: (0.042511s)
[2018.01.19-14.27.21:508][278]LogAIModule: Creating AISystem for world FirstPersonExampleMap
[2018.01.19-14.27.21:509][278]LogPlayLevel: PIE: World Init took: (0.001182s)
[2018.01.19-14.27.21:509][278]LogPlayLevel: PIE: Created PIE world by copying editor world from /Game/FirstPersonBP/Maps/FirstPersonExampleMap.FirstPersonExampleMap to /Game/FirstPersonBP/Maps/UEDPIE_0_FirstPersonExampleMap.FirstPersonExampleMap (0.044184s)
[2018.01.19-14.27.21:533][278]LogInit: XAudio2 using 'Speaker/HP (Realtek High Definition Audio)' : 2 channels at 48 kHz using 32 bits per sample (channel mask 0x3)
[2018.01.19-14.27.21:558][278]LogInit: FAudioDevice initialized.
[2018.01.19-14.27.21:600][278]LogLoad: Game class is 'FirstPersonGameMode_C'
[2018.01.19-14.27.21:607][278]LogWorld: Bringing World /Game/FirstPersonBP/Maps/UEDPIE_0_FirstPersonExampleMap.FirstPersonExampleMap up for play (max tick rate 60) at 2018.01.19-16.27.21
[2018.01.19-14.27.21:611][278]LogWorld: Bringing up level for play took: 0.007148
[2018.01.19-14.27.21:690][278]LogContentBrowser: Native class hierarchy updated for 'MovieSceneCapture' in 0.0005 seconds. Added 11 classes and 0 folders.
[2018.01.19-14.27.21:693][278]PIE: Play in editor start time for /Game/FirstPersonBP/Maps/UEDPIE_0_FirstPersonExampleMap 0.847
[2018.01.19-14.27.21:694][278]LogBlueprintUserMessages: Late PlayInEditor Detection: Level '/Game/FirstPersonBP/Maps/FirstPersonExampleMap.FirstPersonExampleMap:PersistentLevel' has LevelScriptBlueprint '/Game/FirstPersonBP/Maps/FirstPersonExampleMap.FirstPersonExampleMap:PersistentLevel.FirstPersonExampleMap' with GeneratedClass '/Game/FirstPersonBP/Maps/FirstPersonExampleMap.FirstPersonExampleMap_C' with ClassGeneratedBy '/Game/FirstPersonBP/Maps/FirstPersonExampleMap.FirstPersonExampleMap:PersistentLevel.FirstPersonExampleMap'
[2018.01.19-14.27.25:136][403]LogBlueprintUserMessages: Early EndPlayMap Detection: Level '/Game/FirstPersonBP/Maps/FirstPersonExampleMap.FirstPersonExampleMap:PersistentLevel' has LevelScriptBlueprint '/Game/FirstPersonBP/Maps/FirstPersonExampleMap.FirstPersonExampleMap:PersistentLevel.FirstPersonExampleMap' with GeneratedClass '/Game/FirstPersonBP/Maps/FirstPersonExampleMap.FirstPersonExampleMap_C' with ClassGeneratedBy '/Game/FirstPersonBP/Maps/FirstPersonExampleMap.FirstPersonExampleMap:PersistentLevel.FirstPersonExampleMap'
[2018.01.19-14.27.25:194][403]LogBlueprintUserMessages: Late EndPlayMap Detection: Level '/Game/FirstPersonBP/Maps/FirstPersonExampleMap.FirstPersonExampleMap:PersistentLevel' has LevelScriptBlueprint '/Game/FirstPersonBP/Maps/FirstPersonExampleMap.FirstPersonExampleMap:PersistentLevel.FirstPersonExampleMap' with GeneratedClass '/Game/FirstPersonBP/Maps/FirstPersonExampleMap.FirstPersonExampleMap_C' with ClassGeneratedBy '/Game/FirstPersonBP/Maps/FirstPersonExampleMap.FirstPersonExampleMap:PersistentLevel.FirstPersonExampleMap'
[2018.01.19-14.27.29:770][545]LogRenderer: Reallocating scene render targets to support 804x340 Format 10 NumSamples 1 (Frame:434).
[2018.01.19-14.27.31:985][597]LogTemp: Repeating last play command: Selected Viewport
[2018.01.19-14.27.32:046][597]LogBlueprintUserMessages: Early PlayInEditor Detection: Level '/Game/FirstPersonBP/Maps/FirstPersonExampleMap.FirstPersonExampleMap:PersistentLevel' has LevelScriptBlueprint '/Game/FirstPersonBP/Maps/FirstPersonExampleMap.FirstPersonExampleMap:PersistentLevel.FirstPersonExampleMap' with GeneratedClass '/Game/FirstPersonBP/Maps/FirstPersonExampleMap.FirstPersonExampleMap_C' with ClassGeneratedBy '/Game/FirstPersonBP/Maps/FirstPersonExampleMap.FirstPersonExampleMap:PersistentLevel.FirstPersonExampleMap'
[2018.01.19-14.27.32:047][597]LogPlayLevel: PlayLevel: No blueprints needed recompiling
[2018.01.19-14.27.32:047][597]PIE: New page: PIE session: FirstPersonExampleMap (19 Jan 2018 18:27:32)
[2018.01.19-14.27.32:047][597]LogPlayLevel: Creating play world package: /Game/FirstPersonBP/Maps/UEDPIE_0_FirstPersonExampleMap
[2018.01.19-14.27.32:093][597]LogPlayLevel: PIE: StaticDuplicateObject took: (0.045082s)
[2018.01.19-14.27.32:094][597]LogAIModule: Creating AISystem for world FirstPersonExampleMap
[2018.01.19-14.27.32:094][597]LogPlayLevel: PIE: World Init took: (0.001416s)
[2018.01.19-14.27.32:095][597]LogPlayLevel: PIE: Created PIE world by copying editor world from /Game/FirstPersonBP/Maps/FirstPersonExampleMap.FirstPersonExampleMap to /Game/FirstPersonBP/Maps/UEDPIE_0_FirstPersonExampleMap.FirstPersonExampleMap (0.047133s)
[2018.01.19-14.27.32:127][597]LogInit: XAudio2 using 'Speaker/HP (Realtek High Definition Audio)' : 2 channels at 48 kHz using 32 bits per sample (channel mask 0x3)
[2018.01.19-14.27.32:156][597]LogInit: FAudioDevice initialized.
[2018.01.19-14.27.32:186][597]LogLoad: Game class is 'FirstPersonGameMode_C'
[2018.01.19-14.27.32:191][597]LogWorld: Bringing World /Game/FirstPersonBP/Maps/UEDPIE_0_FirstPersonExampleMap.FirstPersonExampleMap up for play (max tick rate 60) at 2018.01.19-16.27.32
[2018.01.19-14.27.32:191][597]LogWorld: Bringing up level for play took: 0.004314
[2018.01.19-14.27.32:195][597]PIE: Play in editor start time for /Game/FirstPersonBP/Maps/UEDPIE_0_FirstPersonExampleMap -0.651
[2018.01.19-14.27.32:196][597]LogBlueprintUserMessages: Late PlayInEditor Detection: Level '/Game/FirstPersonBP/Maps/FirstPersonExampleMap.FirstPersonExampleMap:PersistentLevel' has LevelScriptBlueprint '/Game/FirstPersonBP/Maps/FirstPersonExampleMap.FirstPersonExampleMap:PersistentLevel.FirstPersonExampleMap' with GeneratedClass '/Game/FirstPersonBP/Maps/FirstPersonExampleMap.FirstPersonExampleMap_C' with ClassGeneratedBy '/Game/FirstPersonBP/Maps/FirstPersonExampleMap.FirstPersonExampleMap:PersistentLevel.FirstPersonExampleMap'
[2018.01.19-14.27.35:986][698]LogBlueprintUserMessages: Early EndPlayMap Detection: Level '/Game/FirstPersonBP/Maps/FirstPersonExampleMap.FirstPersonExampleMap:PersistentLevel' has LevelScriptBlueprint '/Game/FirstPersonBP/Maps/FirstPersonExampleMap.FirstPersonExampleMap:PersistentLevel.FirstPersonExampleMap' with GeneratedClass '/Game/FirstPersonBP/Maps/FirstPersonExampleMap.FirstPersonExampleMap_C' with ClassGeneratedBy '/Game/FirstPersonBP/Maps/FirstPersonExampleMap.FirstPersonExampleMap:PersistentLevel.FirstPersonExampleMap'
[2018.01.19-14.27.36:061][698]LogBlueprintUserMessages: Late EndPlayMap Detection: Level '/Game/FirstPersonBP/Maps/FirstPersonExampleMap.FirstPersonExampleMap:PersistentLevel' has LevelScriptBlueprint '/Game/FirstPersonBP/Maps/FirstPersonExampleMap.FirstPersonExampleMap:PersistentLevel.FirstPersonExampleMap' with GeneratedClass '/Game/FirstPersonBP/Maps/FirstPersonExampleMap.FirstPersonExampleMap_C' with ClassGeneratedBy '/Game/FirstPersonBP/Maps/FirstPersonExampleMap.FirstPersonExampleMap:PersistentLevel.FirstPersonExampleMap'
[2018.01.19-14.27.37:032][720]LogTemp: Repeating last play command: Selected Viewport
[2018.01.19-14.27.37:087][720]LogBlueprintUserMessages: Early PlayInEditor Detection: Level '/Game/FirstPersonBP/Maps/FirstPersonExampleMap.FirstPersonExampleMap:PersistentLevel' has LevelScriptBlueprint '/Game/FirstPersonBP/Maps/FirstPersonExampleMap.FirstPersonExampleMap:PersistentLevel.FirstPersonExampleMap' with GeneratedClass '/Game/FirstPersonBP/Maps/FirstPersonExampleMap.FirstPersonExampleMap_C' with ClassGeneratedBy '/Game/FirstPersonBP/Maps/FirstPersonExampleMap.FirstPersonExampleMap:PersistentLevel.FirstPersonExampleMap'
[2018.01.19-14.27.37:087][720]LogPlayLevel: PlayLevel: No blueprints needed recompiling
[2018.01.19-14.27.37:087][720]PIE: New page: PIE session: FirstPersonExampleMap (19 Jan 2018 18:27:37)
[2018.01.19-14.27.37:088][720]LogPlayLevel: Creating play world package: /Game/FirstPersonBP/Maps/UEDPIE_0_FirstPersonExampleMap
[2018.01.19-14.27.37:131][720]LogPlayLevel: PIE: StaticDuplicateObject took: (0.043315s)
[2018.01.19-14.27.37:133][720]LogAIModule: Creating AISystem for world FirstPersonExampleMap
[2018.01.19-14.27.37:133][720]LogPlayLevel: PIE: World Init took: (0.001922s)
[2018.01.19-14.27.37:134][720]LogPlayLevel: PIE: Created PIE world by copying editor world from /Game/FirstPersonBP/Maps/FirstPersonExampleMap.FirstPersonExampleMap to /Game/FirstPersonBP/Maps/UEDPIE_0_FirstPersonExampleMap.FirstPersonExampleMap (0.045955s)
[2018.01.19-14.27.37:160][720]LogInit: XAudio2 using 'Speaker/HP (Realtek High Definition Audio)' : 2 channels at 48 kHz using 32 bits per sample (channel mask 0x3)
[2018.01.19-14.27.37:184][720]LogInit: FAudioDevice initialized.
[2018.01.19-14.27.37:216][720]LogLoad: Game class is 'FirstPersonGameMode_C'
[2018.01.19-14.27.37:219][720]LogWorld: Bringing World /Game/FirstPersonBP/Maps/UEDPIE_0_FirstPersonExampleMap.FirstPersonExampleMap up for play (max tick rate 60) at 2018.01.19-16.27.37
[2018.01.19-14.27.37:220][720]LogWorld: Bringing up level for play took: 0.003344
[2018.01.19-14.27.37:223][720]PIE: Play in editor start time for /Game/FirstPersonBP/Maps/UEDPIE_0_FirstPersonExampleMap 0.376
[2018.01.19-14.27.37:223][720]LogBlueprintUserMessages: Late PlayInEditor Detection: Level '/Game/FirstPersonBP/Maps/FirstPersonExampleMap.FirstPersonExampleMap:PersistentLevel' has LevelScriptBlueprint '/Game/FirstPersonBP/Maps/FirstPersonExampleMap.FirstPersonExampleMap:PersistentLevel.FirstPersonExampleMap' with GeneratedClass '/Game/FirstPersonBP/Maps/FirstPersonExampleMap.FirstPersonExampleMap_C' with ClassGeneratedBy '/Game/FirstPersonBP/Maps/FirstPersonExampleMap.FirstPersonExampleMap:PersistentLevel.FirstPersonExampleMap'
[2018.01.19-14.27.44:968][934]LogBlueprintUserMessages: Early EndPlayMap Detection: Level '/Game/FirstPersonBP/Maps/FirstPersonExampleMap.FirstPersonExampleMap:PersistentLevel' has LevelScriptBlueprint '/Game/FirstPersonBP/Maps/FirstPersonExampleMap.FirstPersonExampleMap:PersistentLevel.FirstPersonExampleMap' with GeneratedClass '/Game/FirstPersonBP/Maps/FirstPersonExampleMap.FirstPersonExampleMap_C' with ClassGeneratedBy '/Game/FirstPersonBP/Maps/FirstPersonExampleMap.FirstPersonExampleMap:PersistentLevel.FirstPersonExampleMap'
[2018.01.19-14.27.45:039][934]LogBlueprintUserMessages: Late EndPlayMap Detection: Level '/Game/FirstPersonBP/Maps/FirstPersonExampleMap.FirstPersonExampleMap:PersistentLevel' has LevelScriptBlueprint '/Game/FirstPersonBP/Maps/FirstPersonExampleMap.FirstPersonExampleMap:PersistentLevel.FirstPersonExampleMap' with GeneratedClass '/Game/FirstPersonBP/Maps/FirstPersonExampleMap.FirstPersonExampleMap_C' with ClassGeneratedBy '/Game/FirstPersonBP/Maps/FirstPersonExampleMap.FirstPersonExampleMap:PersistentLevel.FirstPersonExampleMap'
[2018.01.19-14.27.45:961][955]LogTemp: Repeating last play command: Selected Viewport
[2018.01.19-14.27.46:017][955]LogBlueprintUserMessages: Early PlayInEditor Detection: Level '/Game/FirstPersonBP/Maps/FirstPersonExampleMap.FirstPersonExampleMap:PersistentLevel' has LevelScriptBlueprint '/Game/FirstPersonBP/Maps/FirstPersonExampleMap.FirstPersonExampleMap:PersistentLevel.FirstPersonExampleMap' with GeneratedClass '/Game/FirstPersonBP/Maps/FirstPersonExampleMap.FirstPersonExampleMap_C' with ClassGeneratedBy '/Game/FirstPersonBP/Maps/FirstPersonExampleMap.FirstPersonExampleMap:PersistentLevel.FirstPersonExampleMap'
[2018.01.19-14.27.46:018][955]LogPlayLevel: PlayLevel: No blueprints needed recompiling
[2018.01.19-14.27.46:018][955]PIE: New page: PIE session: FirstPersonExampleMap (19 Jan 2018 18:27:46)
[2018.01.19-14.27.46:018][955]LogPlayLevel: Creating play world package: /Game/FirstPersonBP/Maps/UEDPIE_0_FirstPersonExampleMap
[2018.01.19-14.27.46:060][955]LogPlayLevel: PIE: StaticDuplicateObject took: (0.041155s)
[2018.01.19-14.27.46:061][955]LogAIModule: Creating AISystem for world FirstPersonExampleMap
[2018.01.19-14.27.46:061][955]LogPlayLevel: PIE: World Init took: (0.001534s)
[2018.01.19-14.27.46:062][955]LogPlayLevel: PIE: Created PIE world by copying editor world from /Game/FirstPersonBP/Maps/FirstPersonExampleMap.FirstPersonExampleMap to /Game/FirstPersonBP/Maps/UEDPIE_0_FirstPersonExampleMap.FirstPersonExampleMap (0.043422s)
[2018.01.19-14.27.46:099][955]LogInit: XAudio2 using 'Speaker/HP (Realtek High Definition Audio)' : 2 channels at 48 kHz using 32 bits per sample (channel mask 0x3)
[2018.01.19-14.27.46:135][955]LogInit: FAudioDevice initialized.
[2018.01.19-14.27.46:166][955]LogLoad: Game class is 'FirstPersonGameMode_C'
[2018.01.19-14.27.46:170][955]LogWorld: Bringing World /Game/FirstPersonBP/Maps/UEDPIE_0_FirstPersonExampleMap.FirstPersonExampleMap up for play (max tick rate 60) at 2018.01.19-16.27.46
[2018.01.19-14.27.46:171][955]LogWorld: Bringing up level for play took: 0.003616
[2018.01.19-14.27.46:174][955]PIE: Play in editor start time for /Game/FirstPersonBP/Maps/UEDPIE_0_FirstPersonExampleMap -0.673
[2018.01.19-14.27.46:174][955]LogBlueprintUserMessages: Late PlayInEditor Detection: Level '/Game/FirstPersonBP/Maps/FirstPersonExampleMap.FirstPersonExampleMap:PersistentLevel' has LevelScriptBlueprint '/Game/FirstPersonBP/Maps/FirstPersonExampleMap.FirstPersonExampleMap:PersistentLevel.FirstPersonExampleMap' with GeneratedClass '/Game/FirstPersonBP/Maps/FirstPersonExampleMap.FirstPersonExampleMap_C' with ClassGeneratedBy '/Game/FirstPersonBP/Maps/FirstPersonExampleMap.FirstPersonExampleMap:PersistentLevel.FirstPersonExampleMap'
[2018.01.19-14.28.00:834][377]LogBlueprintUserMessages: Early EndPlayMap Detection: Level '/Game/FirstPersonBP/Maps/FirstPersonExampleMap.FirstPersonExampleMap:PersistentLevel' has LevelScriptBlueprint '/Game/FirstPersonBP/Maps/FirstPersonExampleMap.FirstPersonExampleMap:PersistentLevel.FirstPersonExampleMap' with GeneratedClass '/Game/FirstPersonBP/Maps/FirstPersonExampleMap.FirstPersonExampleMap_C' with ClassGeneratedBy '/Game/FirstPersonBP/Maps/FirstPersonExampleMap.FirstPersonExampleMap:PersistentLevel.FirstPersonExampleMap'
[2018.01.19-14.28.00:899][377]LogBlueprintUserMessages: Late EndPlayMap Detection: Level '/Game/FirstPersonBP/Maps/FirstPersonExampleMap.FirstPersonExampleMap:PersistentLevel' has LevelScriptBlueprint '/Game/FirstPersonBP/Maps/FirstPersonExampleMap.FirstPersonExampleMap:PersistentLevel.FirstPersonExampleMap' with GeneratedClass '/Game/FirstPersonBP/Maps/FirstPersonExampleMap.FirstPersonExampleMap_C' with ClassGeneratedBy '/Game/FirstPersonBP/Maps/FirstPersonExampleMap.FirstPersonExampleMap:PersistentLevel.FirstPersonExampleMap'
[2018.01.19-14.28.01:927][402]LogTemp: Repeating last play command: Selected Viewport
[2018.01.19-14.28.01:980][402]LogBlueprintUserMessages: Early PlayInEditor Detection: Level '/Game/FirstPersonBP/Maps/FirstPersonExampleMap.FirstPersonExampleMap:PersistentLevel' has LevelScriptBlueprint '/Game/FirstPersonBP/Maps/FirstPersonExampleMap.FirstPersonExampleMap:PersistentLevel.FirstPersonExampleMap' with GeneratedClass '/Game/FirstPersonBP/Maps/FirstPersonExampleMap.FirstPersonExampleMap_C' with ClassGeneratedBy '/Game/FirstPersonBP/Maps/FirstPersonExampleMap.FirstPersonExampleMap:PersistentLevel.FirstPersonExampleMap'
[2018.01.19-14.28.01:980][402]LogPlayLevel: PlayLevel: No blueprints needed recompiling
[2018.01.19-14.28.01:981][402]PIE: New page: PIE session: FirstPersonExampleMap (19 Jan 2018 18:28:01)
[2018.01.19-14.28.01:981][402]LogPlayLevel: Creating play world package: /Game/FirstPersonBP/Maps/UEDPIE_0_FirstPersonExampleMap
[2018.01.19-14.28.02:025][402]LogPlayLevel: PIE: StaticDuplicateObject took: (0.043700s)
[2018.01.19-14.28.02:026][402]LogAIModule: Creating AISystem for world FirstPersonExampleMap
[2018.01.19-14.28.02:026][402]LogPlayLevel: PIE: World Init took: (0.001452s)
[2018.01.19-14.28.02:027][402]LogPlayLevel: PIE: Created PIE world by copying editor world from /Game/FirstPersonBP/Maps/FirstPersonExampleMap.FirstPersonExampleMap to /Game/FirstPersonBP/Maps/UEDPIE_0_FirstPersonExampleMap.FirstPersonExampleMap (0.045820s)
[2018.01.19-14.28.02:065][402]LogInit: XAudio2 using 'Speaker/HP (Realtek High Definition Audio)' : 2 channels at 48 kHz using 32 bits per sample (channel mask 0x3)
[2018.01.19-14.28.02:099][402]LogInit: FAudioDevice initialized.
[2018.01.19-14.28.02:134][402]LogLoad: Game class is 'FirstPersonGameMode_C'
[2018.01.19-14.28.02:138][402]LogWorld: Bringing World /Game/FirstPersonBP/Maps/UEDPIE_0_FirstPersonExampleMap.FirstPersonExampleMap up for play (max tick rate 60) at 2018.01.19-16.28.02
[2018.01.19-14.28.02:139][402]LogWorld: Bringing up level for play took: 0.004284
[2018.01.19-14.28.02:142][402]PIE: Play in editor start time for /Game/FirstPersonBP/Maps/UEDPIE_0_FirstPersonExampleMap -0.704
[2018.01.19-14.28.02:142][402]LogBlueprintUserMessages: Late PlayInEditor Detection: Level '/Game/FirstPersonBP/Maps/FirstPersonExampleMap.FirstPersonExampleMap:PersistentLevel' has LevelScriptBlueprint '/Game/FirstPersonBP/Maps/FirstPersonExampleMap.FirstPersonExampleMap:PersistentLevel.FirstPersonExampleMap' with GeneratedClass '/Game/FirstPersonBP/Maps/FirstPersonExampleMap.FirstPersonExampleMap_C' with ClassGeneratedBy '/Game/FirstPersonBP/Maps/FirstPersonExampleMap.FirstPersonExampleMap:PersistentLevel.FirstPersonExampleMap'
[2018.01.19-14.28.09:816][622]LogBlueprintUserMessages: Early EndPlayMap Detection: Level '/Game/FirstPersonBP/Maps/FirstPersonExampleMap.FirstPersonExampleMap:PersistentLevel' has LevelScriptBlueprint '/Game/FirstPersonBP/Maps/FirstPersonExampleMap.FirstPersonExampleMap:PersistentLevel.FirstPersonExampleMap' with GeneratedClass '/Game/FirstPersonBP/Maps/FirstPersonExampleMap.FirstPersonExampleMap_C' with ClassGeneratedBy '/Game/FirstPersonBP/Maps/FirstPersonExampleMap.FirstPersonExampleMap:PersistentLevel.FirstPersonExampleMap'
[2018.01.19-14.28.09:886][622]LogBlueprintUserMessages: Late EndPlayMap Detection: Level '/Game/FirstPersonBP/Maps/FirstPersonExampleMap.FirstPersonExampleMap:PersistentLevel' has LevelScriptBlueprint '/Game/FirstPersonBP/Maps/FirstPersonExampleMap.FirstPersonExampleMap:PersistentLevel.FirstPersonExampleMap' with GeneratedClass '/Game/FirstPersonBP/Maps/FirstPersonExampleMap.FirstPersonExampleMap_C' with ClassGeneratedBy '/Game/FirstPersonBP/Maps/FirstPersonExampleMap.FirstPersonExampleMap:PersistentLevel.FirstPersonExampleMap'
[2018.01.19-14.28.23:268][790]LogSlate: Took 0.000539 seconds to synchronously load lazily loaded font '../../../Engine/Content/Slate/Fonts/Roboto-Light.ttf' (159K)
[2018.01.19-14.28.23:876][790]LogSlate: Took 0.000237 seconds to synchronously load lazily loaded font '../../../Engine/Content/Slate/Fonts/Roboto-Regular.ttf' (155K)
[2018.01.19-14.28.23:995][790]LogContentBrowser: Native class hierarchy updated for 'BlueprintGraph' in 0.0010 seconds. Added 116 classes and 0 folders.
[2018.01.19-14.28.25:190][790]LogSlate: Took 0.009152 seconds to synchronously load lazily loaded font '../../../Engine/Content/Editor/Slate/Fonts/Roboto-BoldCondensed.ttf' (158K)
[2018.01.19-14.28.25:649][791]LogSlate: Took 0.007162 seconds to synchronously load lazily loaded font '../../../Engine/Content/Editor/Slate/Fonts/Roboto-Italic.ttf' (157K)
[2018.01.19-14.29.34:286][115]LogTemp: Repeating last play command: Selected Viewport
[2018.01.19-14.29.34:372][115]LogBlueprintUserMessages: Early PlayInEditor Detection: Level '/Game/FirstPersonBP/Maps/FirstPersonExampleMap.FirstPersonExampleMap:PersistentLevel' has LevelScriptBlueprint '/Game/FirstPersonBP/Maps/FirstPersonExampleMap.FirstPersonExampleMap:PersistentLevel.FirstPersonExampleMap' with GeneratedClass '/Game/FirstPersonBP/Maps/FirstPersonExampleMap.FirstPersonExampleMap_C' with ClassGeneratedBy '/Game/FirstPersonBP/Maps/FirstPersonExampleMap.FirstPersonExampleMap:PersistentLevel.FirstPersonExampleMap'
[2018.01.19-14.29.34:374][115]BlueprintLog: New page: Pre-Play auto-recompile
[2018.01.19-14.29.34:474][115]LogPlayLevel: [PlayLevel] Compiling FirstPersonCharacter before play...
[2018.01.19-14.29.35:496][115]LogPlayLevel: PlayLevel: Blueprint regeneration took 1122 ms (1 blueprints)
[2018.01.19-14.29.35:497][115]PIE: New page: PIE session: FirstPersonExampleMap (19 Jan 2018 18:29:35)
[2018.01.19-14.29.35:497][115]LogPlayLevel: Creating play world package: /Game/FirstPersonBP/Maps/UEDPIE_0_FirstPersonExampleMap
[2018.01.19-14.29.35:537][115]LogPlayLevel: PIE: StaticDuplicateObject took: (0.040147s)
[2018.01.19-14.29.35:539][115]LogAIModule: Creating AISystem for world FirstPersonExampleMap
[2018.01.19-14.29.35:539][115]LogPlayLevel: PIE: World Init took: (0.001843s)
[2018.01.19-14.29.35:539][115]LogPlayLevel: PIE: Created PIE world by copying editor world from /Game/FirstPersonBP/Maps/FirstPersonExampleMap.FirstPersonExampleMap to /Game/FirstPersonBP/Maps/UEDPIE_0_FirstPersonExampleMap.FirstPersonExampleMap (0.042523s)
[2018.01.19-14.29.35:585][115]LogInit: XAudio2 using 'Speaker/HP (Realtek High Definition Audio)' : 2 channels at 48 kHz using 32 bits per sample (channel mask 0x3)
[2018.01.19-14.29.35:614][115]LogInit: FAudioDevice initialized.
[2018.01.19-14.29.35:653][115]LogLoad: Game class is 'FirstPersonGameMode_C'
[2018.01.19-14.29.35:659][115]LogWorld: Bringing World /Game/FirstPersonBP/Maps/UEDPIE_0_FirstPersonExampleMap.FirstPersonExampleMap up for play (max tick rate 60) at 2018.01.19-16.29.35
[2018.01.19-14.29.35:660][115]LogWorld: Bringing up level for play took: 0.004790
[2018.01.19-14.29.35:663][115]PIE: Play in editor start time for /Game/FirstPersonBP/Maps/UEDPIE_0_FirstPersonExampleMap 0.816
[2018.01.19-14.29.35:663][115]LogBlueprintUserMessages: Late PlayInEditor Detection: Level '/Game/FirstPersonBP/Maps/FirstPersonExampleMap.FirstPersonExampleMap:PersistentLevel' has LevelScriptBlueprint '/Game/FirstPersonBP/Maps/FirstPersonExampleMap.FirstPersonExampleMap:PersistentLevel.FirstPersonExampleMap' with GeneratedClass '/Game/FirstPersonBP/Maps/FirstPersonExampleMap.FirstPersonExampleMap_C' with ClassGeneratedBy '/Game/FirstPersonBP/Maps/FirstPersonExampleMap.FirstPersonExampleMap:PersistentLevel.FirstPersonExampleMap'
[2018.01.19-14.29.48:564][376]LogBlueprintUserMessages: Early EndPlayMap Detection: Level '/Game/FirstPersonBP/Maps/FirstPersonExampleMap.FirstPersonExampleMap:PersistentLevel' has LevelScriptBlueprint '/Game/FirstPersonBP/Maps/FirstPersonExampleMap.FirstPersonExampleMap:PersistentLevel.FirstPersonExampleMap' with GeneratedClass '/Game/FirstPersonBP/Maps/FirstPersonExampleMap.FirstPersonExampleMap_C' with ClassGeneratedBy '/Game/FirstPersonBP/Maps/FirstPersonExampleMap.FirstPersonExampleMap:PersistentLevel.FirstPersonExampleMap'
[2018.01.19-14.29.48:645][376]LogBlueprintUserMessages: Late EndPlayMap Detection: Level '/Game/FirstPersonBP/Maps/FirstPersonExampleMap.FirstPersonExampleMap:PersistentLevel' has LevelScriptBlueprint '/Game/FirstPersonBP/Maps/FirstPersonExampleMap.FirstPersonExampleMap:PersistentLevel.FirstPersonExampleMap' with GeneratedClass '/Game/FirstPersonBP/Maps/FirstPersonExampleMap.FirstPersonExampleMap_C' with ClassGeneratedBy '/Game/FirstPersonBP/Maps/FirstPersonExampleMap.FirstPersonExampleMap:PersistentLevel.FirstPersonExampleMap'
[2018.01.19-14.29.52:155][455]LogTemp: Repeating last play command: Selected Viewport
[2018.01.19-14.29.52:259][455]LogBlueprintUserMessages: Early PlayInEditor Detection: Level '/Game/FirstPersonBP/Maps/FirstPersonExampleMap.FirstPersonExampleMap:PersistentLevel' has LevelScriptBlueprint '/Game/FirstPersonBP/Maps/FirstPersonExampleMap.FirstPersonExampleMap:PersistentLevel.FirstPersonExampleMap' with GeneratedClass '/Game/FirstPersonBP/Maps/FirstPersonExampleMap.FirstPersonExampleMap_C' with ClassGeneratedBy '/Game/FirstPersonBP/Maps/FirstPersonExampleMap.FirstPersonExampleMap:PersistentLevel.FirstPersonExampleMap'
[2018.01.19-14.29.52:259][455]LogPlayLevel: PlayLevel: No blueprints needed recompiling
[2018.01.19-14.29.52:260][455]PIE: New page: PIE session: FirstPersonExampleMap (19 Jan 2018 18:29:52)
[2018.01.19-14.29.52:260][455]LogPlayLevel: Creating play world package: /Game/FirstPersonBP/Maps/UEDPIE_0_FirstPersonExampleMap
[2018.01.19-14.29.52:305][455]LogPlayLevel: PIE: StaticDuplicateObject took: (0.044182s)
[2018.01.19-14.29.52:306][455]LogAIModule: Creating AISystem for world FirstPersonExampleMap
[2018.01.19-14.29.52:306][455]LogPlayLevel: PIE: World Init took: (0.001593s)
[2018.01.19-14.29.52:307][455]LogPlayLevel: PIE: Created PIE world by copying editor world from /Game/FirstPersonBP/Maps/FirstPersonExampleMap.FirstPersonExampleMap to /Game/FirstPersonBP/Maps/UEDPIE_0_FirstPersonExampleMap.FirstPersonExampleMap (0.046398s)
[2018.01.19-14.29.52:365][455]LogInit: XAudio2 using 'Speaker/HP (Realtek High Definition Audio)' : 2 channels at 48 kHz using 32 bits per sample (channel mask 0x3)
[2018.01.19-14.29.52:395][455]LogInit: FAudioDevice initialized.
[2018.01.19-14.29.52:429][455]LogLoad: Game class is 'FirstPersonGameMode_C'
[2018.01.19-14.29.52:434][455]LogWorld: Bringing World /Game/FirstPersonBP/Maps/UEDPIE_0_FirstPersonExampleMap.FirstPersonExampleMap up for play (max tick rate 60) at 2018.01.19-16.29.52
[2018.01.19-14.29.52:435][455]LogWorld: Bringing up level for play took: 0.004624
[2018.01.19-14.29.52:439][455]PIE: Play in editor start time for /Game/FirstPersonBP/Maps/UEDPIE_0_FirstPersonExampleMap -0.408
[2018.01.19-14.29.52:439][455]LogBlueprintUserMessages: Late PlayInEditor Detection: Level '/Game/FirstPersonBP/Maps/FirstPersonExampleMap.FirstPersonExampleMap:PersistentLevel' has LevelScriptBlueprint '/Game/FirstPersonBP/Maps/FirstPersonExampleMap.FirstPersonExampleMap:PersistentLevel.FirstPersonExampleMap' with GeneratedClass '/Game/FirstPersonBP/Maps/FirstPersonExampleMap.FirstPersonExampleMap_C' with ClassGeneratedBy '/Game/FirstPersonBP/Maps/FirstPersonExampleMap.FirstPersonExampleMap:PersistentLevel.FirstPersonExampleMap'
[2018.01.19-14.30.02:383][736]LogBlueprintUserMessages: Early EndPlayMap Detection: Level '/Game/FirstPersonBP/Maps/FirstPersonExampleMap.FirstPersonExampleMap:PersistentLevel' has LevelScriptBlueprint '/Game/FirstPersonBP/Maps/FirstPersonExampleMap.FirstPersonExampleMap:PersistentLevel.FirstPersonExampleMap' with GeneratedClass '/Game/FirstPersonBP/Maps/FirstPersonExampleMap.FirstPersonExampleMap_C' with ClassGeneratedBy '/Game/FirstPersonBP/Maps/FirstPersonExampleMap.FirstPersonExampleMap:PersistentLevel.FirstPersonExampleMap'
[2018.01.19-14.30.02:458][736]LogBlueprintUserMessages: Late EndPlayMap Detection: Level '/Game/FirstPersonBP/Maps/FirstPersonExampleMap.FirstPersonExampleMap:PersistentLevel' has LevelScriptBlueprint '/Game/FirstPersonBP/Maps/FirstPersonExampleMap.FirstPersonExampleMap:PersistentLevel.FirstPersonExampleMap' with GeneratedClass '/Game/FirstPersonBP/Maps/FirstPersonExampleMap.FirstPersonExampleMap_C' with ClassGeneratedBy '/Game/FirstPersonBP/Maps/FirstPersonExampleMap.FirstPersonExampleMap:PersistentLevel.FirstPersonExampleMap'
[2018.01.19-14.30.03:762][770]LogTemp: Repeating last play command: Selected Viewport
[2018.01.19-14.30.03:812][770]LogBlueprintUserMessages: Early PlayInEditor Detection: Level '/Game/FirstPersonBP/Maps/FirstPersonExampleMap.FirstPersonExampleMap:PersistentLevel' has LevelScriptBlueprint '/Game/FirstPersonBP/Maps/FirstPersonExampleMap.FirstPersonExampleMap:PersistentLevel.FirstPersonExampleMap' with GeneratedClass '/Game/FirstPersonBP/Maps/FirstPersonExampleMap.FirstPersonExampleMap_C' with ClassGeneratedBy '/Game/FirstPersonBP/Maps/FirstPersonExampleMap.FirstPersonExampleMap:PersistentLevel.FirstPersonExampleMap'
[2018.01.19-14.30.03:812][770]LogPlayLevel: PlayLevel: No blueprints needed recompiling
[2018.01.19-14.30.03:813][770]PIE: New page: PIE session: FirstPersonExampleMap (19 Jan 2018 18:30:03)
[2018.01.19-14.30.03:813][770]LogPlayLevel: Creating play world package: /Game/FirstPersonBP/Maps/UEDPIE_0_FirstPersonExampleMap
[2018.01.19-14.30.03:852][770]LogPlayLevel: PIE: StaticDuplicateObject took: (0.038607s)
[2018.01.19-14.30.03:854][770]LogAIModule: Creating AISystem for world FirstPersonExampleMap
[2018.01.19-14.30.03:854][770]LogPlayLevel: PIE: World Init took: (0.002674s)
[2018.01.19-14.30.03:855][770]LogPlayLevel: PIE: Created PIE world by copying editor world from /Game/FirstPersonBP/Maps/FirstPersonExampleMap.FirstPersonExampleMap to /Game/FirstPersonBP/Maps/UEDPIE_0_FirstPersonExampleMap.FirstPersonExampleMap (0.041836s)
[2018.01.19-14.30.03:898][770]LogInit: XAudio2 using 'Speaker/HP (Realtek High Definition Audio)' : 2 channels at 48 kHz using 32 bits per sample (channel mask 0x3)
[2018.01.19-14.30.03:924][770]LogInit: FAudioDevice initialized.
[2018.01.19-14.30.03:957][770]LogLoad: Game class is 'FirstPersonGameMode_C'
[2018.01.19-14.30.03:961][770]LogWorld: Bringing World /Game/FirstPersonBP/Maps/UEDPIE_0_FirstPersonExampleMap.FirstPersonExampleMap up for play (max tick rate 60) at 2018.01.19-16.30.03
[2018.01.19-14.30.03:961][770]LogWorld: Bringing up level for play took: 0.003450
[2018.01.19-14.30.03:965][770]PIE: Play in editor start time for /Game/FirstPersonBP/Maps/UEDPIE_0_FirstPersonExampleMap 1.118
[2018.01.19-14.30.03:965][770]LogBlueprintUserMessages: Late PlayInEditor Detection: Level '/Game/FirstPersonBP/Maps/FirstPersonExampleMap.FirstPersonExampleMap:PersistentLevel' has LevelScriptBlueprint '/Game/FirstPersonBP/Maps/FirstPersonExampleMap.FirstPersonExampleMap:PersistentLevel.FirstPersonExampleMap' with GeneratedClass '/Game/FirstPersonBP/Maps/FirstPersonExampleMap.FirstPersonExampleMap_C' with ClassGeneratedBy '/Game/FirstPersonBP/Maps/FirstPersonExampleMap.FirstPersonExampleMap:PersistentLevel.FirstPersonExampleMap'
[2018.01.19-14.30.15:371][ 94]LogBlueprintUserMessages: Early EndPlayMap Detection: Level '/Game/FirstPersonBP/Maps/FirstPersonExampleMap.FirstPersonExampleMap:PersistentLevel' has LevelScriptBlueprint '/Game/FirstPersonBP/Maps/FirstPersonExampleMap.FirstPersonExampleMap:PersistentLevel.FirstPersonExampleMap' with GeneratedClass '/Game/FirstPersonBP/Maps/FirstPersonExampleMap.FirstPersonExampleMap_C' with ClassGeneratedBy '/Game/FirstPersonBP/Maps/FirstPersonExampleMap.FirstPersonExampleMap:PersistentLevel.FirstPersonExampleMap'
[2018.01.19-14.30.15:443][ 94]LogBlueprintUserMessages: Late EndPlayMap Detection: Level '/Game/FirstPersonBP/Maps/FirstPersonExampleMap.FirstPersonExampleMap:PersistentLevel' has LevelScriptBlueprint '/Game/FirstPersonBP/Maps/FirstPersonExampleMap.FirstPersonExampleMap:PersistentLevel.FirstPersonExampleMap' with GeneratedClass '/Game/FirstPersonBP/Maps/FirstPersonExampleMap.FirstPersonExampleMap_C' with ClassGeneratedBy '/Game/FirstPersonBP/Maps/FirstPersonExampleMap.FirstPersonExampleMap:PersistentLevel.FirstPersonExampleMap'
[2018.01.19-14.30.49:848][  8]LogTemp: Repeating last play command: Selected Viewport
[2018.01.19-14.30.49:901][  8]LogBlueprintUserMessages: Early PlayInEditor Detection: Level '/Game/FirstPersonBP/Maps/FirstPersonExampleMap.FirstPersonExampleMap:PersistentLevel' has LevelScriptBlueprint '/Game/FirstPersonBP/Maps/FirstPersonExampleMap.FirstPersonExampleMap:PersistentLevel.FirstPersonExampleMap' with GeneratedClass '/Game/FirstPersonBP/Maps/FirstPersonExampleMap.FirstPersonExampleMap_C' with ClassGeneratedBy '/Game/FirstPersonBP/Maps/FirstPersonExampleMap.FirstPersonExampleMap:PersistentLevel.FirstPersonExampleMap'
[2018.01.19-14.30.49:901][  8]LogPlayLevel: PlayLevel: No blueprints needed recompiling
[2018.01.19-14.30.49:902][  8]PIE: New page: PIE session: FirstPersonExampleMap (19 Jan 2018 18:30:49)
[2018.01.19-14.30.49:902][  8]LogPlayLevel: Creating play world package: /Game/FirstPersonBP/Maps/UEDPIE_0_FirstPersonExampleMap
[2018.01.19-14.30.49:949][  8]LogPlayLevel: PIE: StaticDuplicateObject took: (0.047506s)
[2018.01.19-14.30.49:950][  8]LogAIModule: Creating AISystem for world FirstPersonExampleMap
[2018.01.19-14.30.49:951][  8]LogPlayLevel: PIE: World Init took: (0.001277s)
[2018.01.19-14.30.49:951][  8]LogPlayLevel: PIE: Created PIE world by copying editor world from /Game/FirstPersonBP/Maps/FirstPersonExampleMap.FirstPersonExampleMap to /Game/FirstPersonBP/Maps/UEDPIE_0_FirstPersonExampleMap.FirstPersonExampleMap (0.049341s)
[2018.01.19-14.30.50:002][  8]LogInit: XAudio2 using 'Speaker/HP (Realtek High Definition Audio)' : 2 channels at 48 kHz using 32 bits per sample (channel mask 0x3)
[2018.01.19-14.30.50:028][  8]LogInit: FAudioDevice initialized.
[2018.01.19-14.30.50:062][  8]LogLoad: Game class is 'FirstPersonGameMode_C'
[2018.01.19-14.30.50:066][  8]LogWorld: Bringing World /Game/FirstPersonBP/Maps/UEDPIE_0_FirstPersonExampleMap.FirstPersonExampleMap up for play (max tick rate 60) at 2018.01.19-16.30.50
[2018.01.19-14.30.50:067][  8]LogWorld: Bringing up level for play took: 0.004211
[2018.01.19-14.30.50:070][  8]PIE: Play in editor start time for /Game/FirstPersonBP/Maps/UEDPIE_0_FirstPersonExampleMap -0.776
[2018.01.19-14.30.50:070][  8]LogBlueprintUserMessages: Late PlayInEditor Detection: Level '/Game/FirstPersonBP/Maps/FirstPersonExampleMap.FirstPersonExampleMap:PersistentLevel' has LevelScriptBlueprint '/Game/FirstPersonBP/Maps/FirstPersonExampleMap.FirstPersonExampleMap:PersistentLevel.FirstPersonExampleMap' with GeneratedClass '/Game/FirstPersonBP/Maps/FirstPersonExampleMap.FirstPersonExampleMap_C' with ClassGeneratedBy '/Game/FirstPersonBP/Maps/FirstPersonExampleMap.FirstPersonExampleMap:PersistentLevel.FirstPersonExampleMap'
[2018.01.19-14.31.29:795][146]LogBlueprintUserMessages: Early EndPlayMap Detection: Level '/Game/FirstPersonBP/Maps/FirstPersonExampleMap.FirstPersonExampleMap:PersistentLevel' has LevelScriptBlueprint '/Game/FirstPersonBP/Maps/FirstPersonExampleMap.FirstPersonExampleMap:PersistentLevel.FirstPersonExampleMap' with GeneratedClass '/Game/FirstPersonBP/Maps/FirstPersonExampleMap.FirstPersonExampleMap_C' with ClassGeneratedBy '/Game/FirstPersonBP/Maps/FirstPersonExampleMap.FirstPersonExampleMap:PersistentLevel.FirstPersonExampleMap'
[2018.01.19-14.31.29:881][146]LogBlueprintUserMessages: Late EndPlayMap Detection: Level '/Game/FirstPersonBP/Maps/FirstPersonExampleMap.FirstPersonExampleMap:PersistentLevel' has LevelScriptBlueprint '/Game/FirstPersonBP/Maps/FirstPersonExampleMap.FirstPersonExampleMap:PersistentLevel.FirstPersonExampleMap' with GeneratedClass '/Game/FirstPersonBP/Maps/FirstPersonExampleMap.FirstPersonExampleMap_C' with ClassGeneratedBy '/Game/FirstPersonBP/Maps/FirstPersonExampleMap.FirstPersonExampleMap:PersistentLevel.FirstPersonExampleMap'
[2018.01.19-14.36.18:392][663]LogEditorViewport: Clicking on Actor (context menu): BP_Sky_Sphere_C (SkySphereBlueprint)
[2018.01.19-14.36.18:628][664]LogEditorViewport: Clicking on Actor (LMB): BP_Sky_Sphere_C (SkySphereBlueprint)
[2018.01.19-14.38.58:866][573]LogSlate: Took 0.000337 seconds to synchronously load lazily loaded font '../../../Engine/Content/Slate/Fonts/Roboto-Light.ttf' (159K)
[2018.01.19-14.39.08:153][599]LogSavePackage: Save=382.22ms
[2018.01.19-14.39.08:153][599]LogSavePackage: Moving '../../../../../../Users/Ella Juvonne/ProjectCatacombs/Saved/FirstPersonExampleMap_Auto15E4327D14E14319A80A027A7E3F4B22B.tmp' to '../../../../../../Users/Ella Juvonne/ProjectCatacombs/Saved/Autosaves/Game/FirstPersonBP/Maps/FirstPersonExampleMap_Auto1.umap'
[2018.01.19-14.39.08:157][599]LogSavePackage: Display: Finished SavePackage ../../../../../../Users/Ella Juvonne/ProjectCatacombs/Saved/Autosaves/Game/FirstPersonBP/Maps/FirstPersonExampleMap_Auto1.umap
[2018.01.19-14.39.08:168][599]LogFileHelpers: Editor autosave (incl. sublevels) for '/Game/FirstPersonBP/Maps/FirstPersonExampleMap' took 0.516
[2018.01.19-14.39.08:169][599]LogFileHelpers: Editor autosave (incl. sublevels) for all levels took 0.516
[2018.01.19-14.39.08:172][599]OBJ SavePackage: Generating thumbnails for [1] asset(s) in package [/Game/FirstPersonBP/Blueprints/FirstPersonCharacter] ([1] browsable assets)...
[2018.01.19-14.39.08:242][599]OBJ SavePackage:     Rendered thumbnail for [Blueprint /Game/FirstPersonBP/Blueprints/FirstPersonCharacter.FirstPersonCharacter]
[2018.01.19-14.39.08:242][599]OBJ SavePackage: Finished generating thumbnails for package [/Game/FirstPersonBP/Blueprints/FirstPersonCharacter]
[2018.01.19-14.39.08:565][599]LogSavePackage: Save=296.12ms
[2018.01.19-14.39.08:565][599]LogSavePackage: Moving '../../../../../../Users/Ella Juvonne/ProjectCatacombs/Saved/FirstPersonCharacter_Auto19444EE3A46DDE7EF0918B4B419135AE9.tmp' to '../../../../../../Users/Ella Juvonne/ProjectCatacombs/Saved/Autosaves/Game/FirstPersonBP/Blueprints/FirstPersonCharacter_Auto1.uasset'
[2018.01.19-14.39.08:568][599]LogSavePackage: Display: Finished SavePackage ../../../../../../Users/Ella Juvonne/ProjectCatacombs/Saved/Autosaves/Game/FirstPersonBP/Blueprints/FirstPersonCharacter_Auto1.uasset
[2018.01.19-14.39.08:568][599]LogFileHelpers: Auto-saving content packages took 0.398
[2018.01.19-14.47.30:432][533]LogMetaData: Removing '/Game/Sinipainokset/Vihu.Vihu:UserConstructionScript.K2Node_FunctionEntry_0' ref from Metadata '/Game/Sinipainokset/Pelaaja.PackageMetaData'
[2018.01.19-14.47.30:432][533]LogMetaData: Removing '/Game/Sinipainokset/Vihu.Vihu_C' ref from Metadata '/Game/Sinipainokset/Pelaaja.PackageMetaData'
[2018.01.19-14.47.30:432][533]LogMetaData: Removing '/Game/Sinipainokset/Vihu.Vihu:EventGraph.K2Node_Event_0' ref from Metadata '/Game/Sinipainokset/Pelaaja.PackageMetaData'
[2018.01.19-14.47.30:432][533]LogMetaData: Removing '/Game/Sinipainokset/Vihu.Vihu:EventGraph.K2Node_Event_1' ref from Metadata '/Game/Sinipainokset/Pelaaja.PackageMetaData'
[2018.01.19-14.47.30:432][533]LogMetaData: Removing '/Game/Sinipainokset/Vihu.Vihu:EventGraph.K2Node_Event_2' ref from Metadata '/Game/Sinipainokset/Pelaaja.PackageMetaData'
[2018.01.19-14.47.30:432][533]LogMetaData: Removing '/Game/Sinipainokset/Vihu.SKEL_Vihu_C' ref from Metadata '/Game/Sinipainokset/Pelaaja.PackageMetaData'
[2018.01.19-14.47.30:484][533]Cmd: OBJ SAVEPACKAGE PACKAGE="/Game/Sinipainokset/Vihu" FILE="../../../../../../Users/Ella Juvonne/ProjectCatacombs/Content/Sinipainokset/Vihu.uasset" SILENT=true
[2018.01.19-14.47.30:538][533]LogSavePackage: Save=48.97ms
[2018.01.19-14.47.30:538][533]LogSavePackage: Moving '../../../../../../Users/Ella Juvonne/ProjectCatacombs/Saved/Vihu480B74174BAC77D8BC1017A79D264B21.tmp' to '../../../../../../Users/Ella Juvonne/ProjectCatacombs/Content/Sinipainokset/Vihu.uasset'
[2018.01.19-14.47.30:544][533]LogSavePackage: Display: Finished SavePackage ../../../../../../Users/Ella Juvonne/ProjectCatacombs/Content/Sinipainokset/Vihu.uasset
[2018.01.19-14.47.30:554][533]Cmd: OBJ SAVEPACKAGE PACKAGE="/Game/Sinipainokset/Pelaaja" FILE="../../../../../../Users/Ella Juvonne/ProjectCatacombs/Content/Sinipainokset/Pelaaja.uasset" SILENT=true
[2018.01.19-14.47.30:593][533]LogSavePackage: Save=10.81ms
[2018.01.19-14.47.30:593][533]LogSavePackage: Moving '../../../../../../Users/Ella Juvonne/ProjectCatacombs/Saved/Pelaaja7CD08B5A446CA5D4869527A698C9B535.tmp' to '../../../../../../Users/Ella Juvonne/ProjectCatacombs/Content/Sinipainokset/Pelaaja.uasset'
[2018.01.19-14.47.30:599][533]LogSavePackage: Display: Finished SavePackage ../../../../../../Users/Ella Juvonne/ProjectCatacombs/Content/Sinipainokset/Pelaaja.uasset
[2018.01.19-14.48.07:858][226]LogBlueprint: Warning: [Vihu] 'GunOffset' variable not found. Base class was probably changed. /Game/Sinipainokset/Vihu.Vihu
[2018.01.19-14.48.07:859][226]LogBlueprint: Warning: [Vihu] 'BaseTurnRate' variable not found. Base class was probably changed. /Game/Sinipainokset/Vihu.Vihu
[2018.01.19-14.48.07:860][226]LogBlueprint: Warning: [Vihu] 'Mesh2P' variable not found. Base class was probably changed. /Game/Sinipainokset/Vihu.Vihu
[2018.01.19-14.48.07:860][226]LogBlueprint: Warning: [Vihu] 'Sphere' variable not found. Base class was probably changed. /Game/Sinipainokset/Vihu.Vihu
[2018.01.19-14.48.07:860][226]LogBlueprint: Warning: [Vihu] 'FirstPersonCamera' variable not found. Base class was probably changed. /Game/Sinipainokset/Vihu.Vihu
[2018.01.19-14.48.07:861][226]LogBlueprint: Warning: [Vihu] 'FirstPersonCamera' variable not found. Base class was probably changed. /Game/Sinipainokset/Vihu.Vihu
[2018.01.19-14.48.07:861][226]LogBlueprint: Warning: [Vihu] 'FirstPersonCamera' variable not found. Base class was probably changed. /Game/Sinipainokset/Vihu.Vihu
[2018.01.19-14.48.07:861][226]LogBlueprint: Warning: [Vihu] 'UsingMotionControllers?' variable not found. Base class was probably changed. /Game/Sinipainokset/Vihu.Vihu
[2018.01.19-14.48.07:861][226]LogBlueprint: Warning: [Vihu] 'VR_Marker' variable not found. Base class was probably changed. /Game/Sinipainokset/Vihu.Vihu
[2018.01.19-14.48.07:862][226]LogBlueprint: Warning: [Vihu] 'HUD Reference' variable not found. Base class was probably changed. /Game/Sinipainokset/Vihu.Vihu
[2018.01.19-14.48.07:862][226]LogBlueprint: Warning: [Vihu] 'HUD Reference' variable not found. Base class was probably changed. /Game/Sinipainokset/Vihu.Vihu
[2018.01.19-14.48.07:863][226]LogBlueprint: Warning: [Vihu] 'Batteries' variable not found. Base class was probably changed. /Game/Sinipainokset/Vihu.Vihu
[2018.01.19-14.48.07:863][226]LogBlueprint: Warning: [Vihu] 'Batteries' variable not found. Base class was probably changed. /Game/Sinipainokset/Vihu.Vihu
[2018.01.19-14.48.07:863][226]LogBlueprint: Warning: [Vihu] 'Batteries' variable not found. Base class was probably changed. /Game/Sinipainokset/Vihu.Vihu
[2018.01.19-14.48.07:863][226]LogBlueprint: Warning: [Vihu] 'Valo' variable not found. Base class was probably changed. /Game/Sinipainokset/Vihu.Vihu
[2018.01.19-14.48.07:864][226]LogBlueprint: Warning: [Vihu] 'Nakymyssade' variable not found. Base class was probably changed. /Game/Sinipainokset/Vihu.Vihu
[2018.01.19-14.48.07:864][226]LogBlueprint: Warning: [Vihu] 'Tapposade' variable not found. Base class was probably changed. /Game/Sinipainokset/Vihu.Vihu
[2018.01.19-14.48.07:864][226]LogBlueprint: Warning: [Vihu] 'Nakymyssade' variable not found. Base class was probably changed. /Game/Sinipainokset/Vihu.Vihu
[2018.01.19-14.48.07:864][226]LogBlueprint: Warning: [Vihu] 'tila' variable not found. Base class was probably changed. /Game/Sinipainokset/Vihu.Vihu
[2018.01.19-14.48.07:864][226]LogBlueprint: Warning: [Vihu] 'tila' variable not found. Base class was probably changed. /Game/Sinipainokset/Vihu.Vihu
[2018.01.19-14.48.07:864][226]LogBlueprint: Warning: [Vihu] 'tila' variable not found. Base class was probably changed. /Game/Sinipainokset/Vihu.Vihu
[2018.01.19-14.48.07:865][226]LogBlueprint: Warning: [Vihu] 'valopaalla' variable not found. Base class was probably changed. /Game/Sinipainokset/Vihu.Vihu
[2018.01.19-14.48.07:865][226]LogBlueprint: Warning: [Vihu] 'valopaalla' variable not found. Base class was probably changed. /Game/Sinipainokset/Vihu.Vihu
[2018.01.19-14.48.07:865][226]LogBlueprint: Warning: [Vihu] 'valopaalla' variable not found. Base class was probably changed. /Game/Sinipainokset/Vihu.Vihu
[2018.01.19-14.48.07:865][226]LogBlueprint: Warning: [Vihu] 'Tapposade' variable not found. Base class was probably changed. /Game/Sinipainokset/Vihu.Vihu
[2018.01.19-14.48.07:865][226]LogBlueprint: Warning: [Vihu] 'Valo' variable not found. Base class was probably changed. /Game/Sinipainokset/Vihu.Vihu
[2018.01.19-14.48.07:865][226]LogBlueprint: Warning: [Vihu] 'Nakymyssade' variable not found. Base class was probably changed. /Game/Sinipainokset/Vihu.Vihu
[2018.01.19-14.48.07:866][226]LogBlueprint: Warning: [Vihu] 'tila' variable not found. Base class was probably changed. /Game/Sinipainokset/Vihu.Vihu
[2018.01.19-14.48.07:866][226]LogBlueprint: Warning: [Vihu] 'tila' variable not found. Base class was probably changed. /Game/Sinipainokset/Vihu.Vihu
[2018.01.19-14.48.07:866][226]LogBlueprint: Warning: [Vihu] 'Tapposade' variable not found. Base class was probably changed. /Game/Sinipainokset/Vihu.Vihu
[2018.01.19-14.48.07:866][226]LogBlueprint: Warning: [Vihu] 'valopaalla' variable not found. Base class was probably changed. /Game/Sinipainokset/Vihu.Vihu
[2018.01.19-14.48.07:866][226]LogBlueprint: Warning: [Vihu] 'valopaalla' variable not found. Base class was probably changed. /Game/Sinipainokset/Vihu.Vihu
[2018.01.19-14.48.07:866][226]LogBlueprint: Warning: [Vihu] 'valopaalla' variable not found. Base class was probably changed. /Game/Sinipainokset/Vihu.Vihu
[2018.01.19-14.48.07:867][226]LogBlueprint: Warning: [Vihu] 'valopaalla' variable not found. Base class was probably changed. /Game/Sinipainokset/Vihu.Vihu
[2018.01.19-14.48.07:867][226]LogBlueprint: Warning: [Vihu] 'tila' variable not found. Base class was probably changed. /Game/Sinipainokset/Vihu.Vihu
[2018.01.19-14.48.07:867][226]LogBlueprint: Warning: [Vihu] 'tila' variable not found. Base class was probably changed. /Game/Sinipainokset/Vihu.Vihu
[2018.01.19-14.48.07:867][226]LogBlueprint: Warning: [Vihu] 'valopaalla' variable not found. Base class was probably changed. /Game/Sinipainokset/Vihu.Vihu
[2018.01.19-14.48.07:867][226]LogBlueprint: Warning: [Vihu] 'valopaalla' variable not found. Base class was probably changed. /Game/Sinipainokset/Vihu.Vihu
[2018.01.19-14.49.42:010][923]LogSavePackage: Save=355.47ms
[2018.01.19-14.49.42:010][923]LogSavePackage: Moving '../../../../../../Users/Ella Juvonne/ProjectCatacombs/Saved/FirstPersonExampleMap_Auto220A915354DCA5A01FE5E31A89ED89DFE.tmp' to '../../../../../../Users/Ella Juvonne/ProjectCatacombs/Saved/Autosaves/Game/FirstPersonBP/Maps/FirstPersonExampleMap_Auto2.umap'
[2018.01.19-14.49.42:015][923]LogSavePackage: Display: Finished SavePackage ../../../../../../Users/Ella Juvonne/ProjectCatacombs/Saved/Autosaves/Game/FirstPersonBP/Maps/FirstPersonExampleMap_Auto2.umap
[2018.01.19-14.49.42:020][923]LogFileHelpers: Editor autosave (incl. sublevels) for '/Game/FirstPersonBP/Maps/FirstPersonExampleMap' took 0.462
[2018.01.19-14.49.42:020][923]LogFileHelpers: Editor autosave (incl. sublevels) for all levels took 0.462
[2018.01.19-14.49.42:024][923]OBJ SavePackage: Generating thumbnails for [1] asset(s) in package [/Game/FirstPersonBP/Blueprints/FirstPersonCharacter] ([1] browsable assets)...
[2018.01.19-14.49.42:079][923]OBJ SavePackage:     Rendered thumbnail for [Blueprint /Game/FirstPersonBP/Blueprints/FirstPersonCharacter.FirstPersonCharacter]
[2018.01.19-14.49.42:080][923]OBJ SavePackage: Finished generating thumbnails for package [/Game/FirstPersonBP/Blueprints/FirstPersonCharacter]
[2018.01.19-14.49.42:415][923]LogSavePackage: Save=315.57ms
[2018.01.19-14.49.42:415][923]LogSavePackage: Moving '../../../../../../Users/Ella Juvonne/ProjectCatacombs/Saved/FirstPersonCharacter_Auto273648DB04888FF0DAF408E91CAA63C07.tmp' to '../../../../../../Users/Ella Juvonne/ProjectCatacombs/Saved/Autosaves/Game/FirstPersonBP/Blueprints/FirstPersonCharacter_Auto2.uasset'
[2018.01.19-14.49.42:419][923]LogSavePackage: Display: Finished SavePackage ../../../../../../Users/Ella Juvonne/ProjectCatacombs/Saved/Autosaves/Game/FirstPersonBP/Blueprints/FirstPersonCharacter_Auto2.uasset
[2018.01.19-14.49.42:420][923]OBJ SavePackage: Generating thumbnails for [0] asset(s) in package [/Game/Sinipainokset/FirstPersonGameMode] ([1] browsable assets)...
[2018.01.19-14.49.42:420][923]OBJ SavePackage: Finished generating thumbnails for package [/Game/Sinipainokset/FirstPersonGameMode]
[2018.01.19-14.49.42:457][923]LogSavePackage: Save=17.78ms
[2018.01.19-14.49.42:457][923]LogSavePackage: Moving '../../../../../../Users/Ella Juvonne/ProjectCatacombs/Saved/FirstPersonGameMode_Auto252BA1A6E41FE5BDD70564EACF0A40C19.tmp' to '../../../../../../Users/Ella Juvonne/ProjectCatacombs/Saved/Autosaves/Game/Sinipainokset/FirstPersonGameMode_Auto2.uasset'
[2018.01.19-14.49.42:460][923]LogSavePackage: Display: Finished SavePackage ../../../../../../Users/Ella Juvonne/ProjectCatacombs/Saved/Autosaves/Game/Sinipainokset/FirstPersonGameMode_Auto2.uasset
[2018.01.19-14.49.42:461][923]OBJ SavePackage: Generating thumbnails for [0] asset(s) in package [/Game/Sinipainokset/Vihu] ([1] browsable assets)...
[2018.01.19-14.49.42:461][923]OBJ SavePackage: Finished generating thumbnails for package [/Game/Sinipainokset/Vihu]
[2018.01.19-14.49.42:461][923]Cmd: OBJ SAVEPACKAGE PACKAGE="/Game/Sinipainokset/Vihu" FILE="../../../../../../Users/Ella Juvonne/ProjectCatacombs/Saved/Autosaves/Game/Sinipainokset/Vihu_Auto2.uasset" SILENT=false AUTOSAVING=true
[2018.01.19-14.49.42:524][923]LogSavePackage: Save=42.01ms
[2018.01.19-14.49.42:524][923]LogSavePackage: Moving '../../../../../../Users/Ella Juvonne/ProjectCatacombs/Saved/Vihu_Auto2775F5CD64B4072AF06A13DACEC457AB4.tmp' to '../../../../../../Users/Ella Juvonne/ProjectCatacombs/Saved/Autosaves/Game/Sinipainokset/Vihu_Auto2.uasset'
[2018.01.19-14.49.42:527][923]LogSavePackage: Display: Finished SavePackage ../../../../../../Users/Ella Juvonne/ProjectCatacombs/Saved/Autosaves/Game/Sinipainokset/Vihu_Auto2.uasset
[2018.01.19-14.49.42:527][923]LogFileHelpers: Auto-saving content packages took 0.504
[2018.01.19-14.49.42:949][932]LogRenderer: Reallocating scene render targets to support 804x524 Format 10 NumSamples 1 (Frame:1).
[2018.01.19-15.03.49:983][598]LogSavePackage: Save=383.03ms
[2018.01.19-15.03.49:985][598]LogSavePackage: Moving '../../../../../../Users/Ella Juvonne/ProjectCatacombs/Saved/FirstPersonExampleMap_Auto301084A164986E3E78CC3C5B17C413299.tmp' to '../../../../../../Users/Ella Juvonne/ProjectCatacombs/Saved/Autosaves/Game/FirstPersonBP/Maps/FirstPersonExampleMap_Auto3.umap'
[2018.01.19-15.03.49:990][598]LogSavePackage: Display: Finished SavePackage ../../../../../../Users/Ella Juvonne/ProjectCatacombs/Saved/Autosaves/Game/FirstPersonBP/Maps/FirstPersonExampleMap_Auto3.umap
[2018.01.19-15.03.49:995][598]LogFileHelpers: Editor autosave (incl. sublevels) for '/Game/FirstPersonBP/Maps/FirstPersonExampleMap' took 0.496
[2018.01.19-15.03.49:995][598]LogFileHelpers: Editor autosave (incl. sublevels) for all levels took 0.496
[2018.01.19-15.03.49:998][598]OBJ SavePackage: Generating thumbnails for [1] asset(s) in package [/Game/Sinipainokset/Vihu] ([1] browsable assets)...
[2018.01.19-15.03.50:043][598]OBJ SavePackage:     Rendered thumbnail for [Blueprint /Game/Sinipainokset/Vihu.Vihu]
[2018.01.19-15.03.50:043][598]OBJ SavePackage: Finished generating thumbnails for package [/Game/Sinipainokset/Vihu]
[2018.01.19-15.03.50:043][598]Cmd: OBJ SAVEPACKAGE PACKAGE="/Game/Sinipainokset/Vihu" FILE="../../../../../../Users/Ella Juvonne/ProjectCatacombs/Saved/Autosaves/Game/Sinipainokset/Vihu_Auto3.uasset" SILENT=false AUTOSAVING=true
[2018.01.19-15.03.50:142][598]LogSavePackage: Save=75.29ms
[2018.01.19-15.03.50:142][598]LogSavePackage: Moving '../../../../../../Users/Ella Juvonne/ProjectCatacombs/Saved/Vihu_Auto350147C58415EB1E74AE8D495CF0F5B2B.tmp' to '../../../../../../Users/Ella Juvonne/ProjectCatacombs/Saved/Autosaves/Game/Sinipainokset/Vihu_Auto3.uasset'
[2018.01.19-15.03.50:145][598]LogSavePackage: Display: Finished SavePackage ../../../../../../Users/Ella Juvonne/ProjectCatacombs/Saved/Autosaves/Game/Sinipainokset/Vihu_Auto3.uasset
[2018.01.19-15.03.50:145][598]LogFileHelpers: Auto-saving content packages took 0.149
[2018.01.19-15.07.41:112][846]Cmd: EDIT COPY
[2018.01.19-15.07.44:030][918]Cmd: EDIT COPY
[2018.01.19-15.07.46:504][979]Cmd: EDIT PASTE
[2018.01.19-15.08.09:225][519]LogEditorViewport: Clicking on Actor (LMB): Brush (Seinä2)
[2018.01.19-15.08.57:752][710]LogEditorViewport: Clicking on Actor (LMB): StaticMeshActor (Floor)
[2018.01.19-15.08.58:771][734]LogEditorViewport: Clicking on Actor (LMB): BP_Sky_Sphere_C (SkySphereBlueprint)
[2018.01.19-15.08.59:658][755]LogEditorViewport: Clicking on Actor (LMB): BP_Sky_Sphere_C (SkySphereBlueprint)
[2018.01.19-15.09.55:042][ 60]MapCheck: New page: Map Check
[2018.01.19-15.09.55:123][ 60]Cmd: MAP REBUILD ALLVISIBLE
[2018.01.19-15.09.55:123][ 60]LogEditorTransaction: Non zero active count in UTransBuffer::Reset
ActiveCount : 1
SessionName : 
Reason      : Rebuilding Map

Purging the undo buffer...

[2018.01.19-15.09.55:125][ 60]LogEditorServer: Rebuildmap Clear paths rebuilt
[2018.01.19-15.09.55:476][ 60]LogMaterial: Missing cached shader map for material FDebugViewModeMaterialProxy WorldGridMaterial, compiling. Is special engine material.
[2018.01.19-15.09.55:502][ 60]LogMaterial: Missing cached shader map for material FDebugViewModeMaterialProxy MaterialInstanceDynamic_1, compiling. 
[2018.01.19-15.09.55:521][ 60]LogMaterial: Missing cached shader map for material FDebugViewModeMaterialProxy CubeMaterial, compiling. 
[2018.01.19-15.09.55:538][ 60]LogMaterial: Missing cached shader map for material FDebugViewModeMaterialProxy BasicShapeMaterial, compiling. 
[2018.01.19-15.09.55:555][ 60]LogMaterial: Missing cached shader map for material FDebugViewModeMaterialProxy M_Metal_Gold, compiling. 
[2018.01.19-15.09.55:576][ 60]LogMaterial: Missing cached shader map for material FDebugViewModeMaterialProxy M_UE4Man_Body, compiling. 
[2018.01.19-15.09.55:603][ 60]LogMaterial: Missing cached shader map for material FDebugViewModeMaterialProxy MatineeCam_mat, compiling. 
[2018.01.19-15.09.55:625][ 60]LogMaterial: Missing cached shader map for material FDebugViewModeMaterialProxy M_FPGun, compiling. 
[2018.01.19-15.09.57:117][ 60]TextureStreamingBuild: Display: Compiling optional shaders took 1.674 seconds.
[2018.01.19-15.09.57:161][ 60]LogLevel: Display: Export Material TexCoord Scales took 0.043 seconds.
[2018.01.19-15.09.57:177][ 60]TextureStreamingBuild: Display: Build Texture Streaming took 0.015 seconds.
[2018.01.19-15.09.57:204][ 60]LightingResults: New page: Lighting Build - 19 Jan 2018 19:09:57
[2018.01.19-15.09.57:275][ 60]LogSwarmInterface: [OpenConnection] Registering TCP channel ...
[2018.01.19-15.09.57:361][ 60]LogSwarmInterface: [OpenConnection] Connecting to agent ...
[2018.01.19-15.09.57:381][ 60]LogSwarmInterface: [TryOpenConnection] Testing the Agent
[2018.01.19-15.09.57:920][ 60]LogSwarmInterface: [TryOpenConnection] Opening Connection to Agent
[2018.01.19-15.09.57:920][ 60]LogSwarmInterface: [TryOpenConnection] Local Process ID is 12860
[2018.01.19-15.10.05:775][ 60]LogStaticLightingSystem: Warning: Failed to build lighting!!! Lighting build canceled.
[2018.01.19-15.10.06:810][ 60]LogEditorBuildUtils: Build time 0:11
[2018.01.19-15.11.04:111][433]Cmd: BRUSH ADD SELECTNEWBRUSH
[2018.01.19-15.11.57:205][793]LogEditorViewport: Clicking on Actor (LMB): Brush (Box Brush4)
[2018.01.19-15.18.18:215][751]LogSavePackage: Save=375.69ms
[2018.01.19-15.18.18:215][751]LogSavePackage: Moving '../../../../../../Users/Ella Juvonne/ProjectCatacombs/Saved/FirstPersonExampleMap_Auto4A62AFE7943009B4B10FB6E8E5013B55F.tmp' to '../../../../../../Users/Ella Juvonne/ProjectCatacombs/Saved/Autosaves/Game/FirstPersonBP/Maps/FirstPersonExampleMap_Auto4.umap'
[2018.01.19-15.18.18:220][751]LogSavePackage: Display: Finished SavePackage ../../../../../../Users/Ella Juvonne/ProjectCatacombs/Saved/Autosaves/Game/FirstPersonBP/Maps/FirstPersonExampleMap_Auto4.umap
[2018.01.19-15.18.18:224][751]LogFileHelpers: Editor autosave (incl. sublevels) for '/Game/FirstPersonBP/Maps/FirstPersonExampleMap' took 0.477
[2018.01.19-15.18.18:224][751]LogFileHelpers: Editor autosave (incl. sublevels) for all levels took 0.477
